10:33:32 **** Build of configuration gcc-debug for project veins ****
make MODE=debug -j16 all 
make[1]: Entering directory '/d/Venis/workplace/workplace1/veins/src'
MSGC: veins/common.msg
MSGC: veins/base/messages/AirFrame.msg
MSGC: veins/base/messages/BorderMsg.msg
MSGC: veins/base/messages/MacPkt.msg
MSGC: veins/base/toolbox/Signal.msg
MSGC: veins/base/utils/Coord.msg
MSGC: veins/base/utils/POA.msg
MSGC: veins/base/utils/SimpleAddress.msg
MSGC: veins/modules/application/traci/TraCIDemo11pMessage.msg
MSGC: veins/modules/messages/AckTimeOutMessage.msg
MSGC: veins/modules/messages/AirFrame11p.msg
MSGC: veins/modules/messages/BaseFrame1609_4.msg
MSGC: veins/modules/messages/DemoSafetyMessage.msg
MSGC: veins/modules/messages/DemoServiceAdvertisement.msg
MSGC: veins/modules/messages/Mac80211Ack.msg
MSGC: veins/modules/messages/Mac80211Pkt.msg
MSGC: veins/modules/messages/PhyControlMessage.msg
MSGC: veins/modules/messages/TraCITrafficLightMessage.msg
veins/base/connectionManager/BaseConnectionManager.cc
veins/base/connectionManager/ChannelAccess.cc
veins/base/connectionManager/NicEntryDebug.cc
veins/base/connectionManager/ConnectionManager.cc
veins/base/connectionManager/NicEntryDirect.cc
veins/base/modules/BaseApplLayer.cc
veins/base/modules/BaseLayer.cc
veins/base/modules/BaseBattery.cc
veins/base/modules/BaseMobility.cc
veins/base/modules/BaseMacLayer.cc
veins/base/modules/BaseWorldUtility.cc
veins/base/modules/BaseModule.cc
veins/base/modules/BatteryAccess.cc
veins/base/phyLayer/Antenna.cc
veins/base/phyLayer/BaseDecider.cc
veins/base/phyLayer/BasePhyLayer.cc
veins/base/phyLayer/Decider.cc
veins/base/phyLayer/PhyUtils.cc
veins/base/phyLayer/ChannelInfo.cc
veins/base/toolbox/Signal.cc
veins/base/toolbox/SignalUtils.cc
veins/base/toolbox/Spectrum.cc
veins/base/utils/Heading.cc
veins/base/utils/Coord.cc
veins/base/utils/NedFunctions.cc
veins/base/utils/NetwToMacControlInfo.cc
veins/base/utils/SimpleAddress.cc
veins/base/utils/winsupport.cc
veins/modules/analogueModel/BreakpointPathlossModel.cc
veins/modules/analogueModel/NakagamiFading.cc
veins/modules/analogueModel/PERModel.cc
veins/modules/analogueModel/SimpleObstacleShadowing.cc
veins/modules/analogueModel/SimplePathlossModel.cc
veins/modules/analogueModel/TwoRayInterferenceModel.cc
veins/modules/analogueModel/VehicleObstacleShadowing.cc
veins/modules/application/ieee80211p/DemoBaseApplLayer.cc
veins/modules/application/traci/MyVeinsApp.cc
veins/modules/application/traci/TraCIDemo11p.cc
veins/modules/application/traci/TraCIDemoRSU11p.cc
veins/modules/mac/ieee80211p/Mac1609_4.cc
veins/modules/mobility/LinearMobility.cc
veins/modules/mobility/traci/TraCIBuffer.cc
veins/modules/mobility/traci/TraCIColor.cc
veins/modules/mobility/traci/TraCICommandInterface.cc
veins/modules/mobility/traci/TraCIConnection.cc
veins/modules/mobility/traci/TraCICoordinateTransformation.cc
veins/modules/mobility/traci/TraCILauncher.cc
veins/modules/mobility/traci/TraCIMobility.cc
veins/modules/mobility/traci/TraCICommandInterface.cc: In member function 'std::vector<std::tuple<std::__cxx11::basic_string<char, std::char_traits<char>, std::allocator<char> >, int, double, char> > veins::TraCICommandInterface::Vehicle::getNextTls()':
veins/modules/mobility/traci/TraCICommandInterface.cc:628:23: warning: comparison between signed and unsigned integer expressions [-Wsign-compare]
     for (int i = 0; i < numLinks; ++i) {
                     ~~^~~~~~~~~~
veins/modules/mobility/traci/TraCIRegionOfInterest.cc
veins/modules/mobility/traci/TraCIScenarioManager.cc
veins/modules/mobility/traci/TraCIScenarioManagerForker.cc
veins/modules/mobility/traci/TraCIScenarioManagerLaunchd.cc
veins/modules/mobility/traci/TraCIScreenRecorder.cc
veins/modules/mobility/traci/TraCIVehicleInserter.cc
veins/modules/obstacle/MobileHostObstacle.cc
veins/modules/obstacle/Obstacle.cc
veins/modules/obstacle/ObstacleControl.cc
veins/modules/obstacle/VehicleObstacleControl.cc
veins/modules/phy/Decider80211p.cc
veins/modules/phy/NistErrorRate.cc
veins/modules/phy/PhyLayer80211p.cc
veins/modules/phy/SampledAntenna1D.cc
veins/modules/utility/BBoxLookup.cc
veins/modules/utility/TimerManager.cc
veins/modules/utility/HasLogProxy.cc
veins/modules/world/annotations/AnnotationDummy.cc
veins/modules/world/annotations/AnnotationManager.cc
veins/modules/world/traci/trafficLight/TraCITrafficLightInterface.cc
veins/modules/world/traci/trafficLight/TraCITrafficLightProgram.cc
veins/modules/world/traci/trafficLight/logics/TraCITrafficLightAbstractLogic.cc
veins/modules/world/traci/trafficLight/logics/TraCITrafficLightSimpleLogic.cc
veins/visualizer/roads/RoadsCanvasVisualizer.cc
veins/visualizer/roads/RoadsOsgVisualizer.cc
veins/common_m.cc
veins/base/messages/AirFrame_m.cc
veins/base/messages/BorderMsg_m.cc
veins/base/messages/MacPkt_m.cc
veins/base/toolbox/Signal_m.cc
veins/base/utils/Coord_m.cc
veins/base/utils/POA_m.cc
veins/base/utils/SimpleAddress_m.cc
veins/modules/application/traci/TraCIDemo11pMessage_m.cc
veins/modules/messages/AckTimeOutMessage_m.cc
veins/modules/messages/AirFrame11p_m.cc
veins/modules/messages/BaseFrame1609_4_m.cc
veins/modules/messages/DemoSafetyMessage_m.cc
veins/modules/messages/DemoServiceAdvertisement_m.cc
veins/modules/messages/Mac80211Ack_m.cc
veins/modules/messages/Mac80211Pkt_m.cc
veins/modules/messages/PhyControlMessage_m.cc
veins/modules/messages/TraCITrafficLightMessage_m.cc
Creating shared library: ../out/gcc-debug/src/libveins_dbg.dll
make[1]: Leaving directory '/d/Venis/workplace/workplace1/veins/src'
10:41:16 **** Incremental Build of configuration gcc-debug for project veins ****
make MODE=debug -j16 all 
make[1]: Entering directory '/d/Venis/workplace/workplace1/veins/src'
make[1]: Nothing to be done for 'all'.
make[1]: Leaving directory '/d/Venis/workplace/workplace1/veins/src'
11:48:03 **** Incremental Build of configuration gcc-debug for project veins ****
make MODE=debug -j16 all 
make[1]: Entering directory '/d/Venis/workplace/workplace1/veins/src'
make[1]: Nothing to be done for 'all'.
make[1]: Leaving directory '/d/Venis/workplace/workplace1/veins/src'
11:49:08 **** Incremental Build of configuration gcc-release for project veins ****
make MODE=release -j16 all 
make[1]: Entering directory '/d/Venis/workplace/workplace1/veins/src'
veins/base/connectionManager/BaseConnectionManager.cc
veins/base/connectionManager/ChannelAccess.cc
veins/base/connectionManager/ConnectionManager.cc
veins/base/connectionManager/NicEntryDirect.cc
veins/base/connectionManager/NicEntryDebug.cc
veins/base/modules/BaseApplLayer.cc
veins/base/modules/BaseBattery.cc
veins/base/modules/BaseLayer.cc
veins/base/modules/BaseMacLayer.cc
veins/base/modules/BaseMobility.cc
veins/base/modules/BaseWorldUtility.cc
veins/base/modules/BaseModule.cc
veins/base/modules/BatteryAccess.cc
veins/base/phyLayer/Antenna.cc
veins/base/phyLayer/BasePhyLayer.cc
veins/base/phyLayer/BaseDecider.cc
veins/base/phyLayer/ChannelInfo.cc
veins/base/phyLayer/Decider.cc
veins/base/phyLayer/PhyUtils.cc
veins/base/toolbox/Signal.cc
veins/base/toolbox/SignalUtils.cc
veins/base/toolbox/Spectrum.cc
veins/base/utils/Coord.cc
veins/base/utils/Heading.cc
veins/base/utils/NedFunctions.cc
veins/base/utils/NetwToMacControlInfo.cc
veins/base/utils/winsupport.cc
veins/base/utils/SimpleAddress.cc
veins/modules/analogueModel/BreakpointPathlossModel.cc
veins/modules/analogueModel/NakagamiFading.cc
veins/modules/analogueModel/PERModel.cc
veins/modules/analogueModel/SimpleObstacleShadowing.cc
veins/modules/analogueModel/SimplePathlossModel.cc
veins/modules/analogueModel/TwoRayInterferenceModel.cc
veins/modules/analogueModel/VehicleObstacleShadowing.cc
veins/modules/application/ieee80211p/DemoBaseApplLayer.cc
veins/modules/application/traci/MyVeinsApp.cc
veins/modules/application/traci/TraCIDemo11p.cc
veins/modules/application/traci/TraCIDemoRSU11p.cc
veins/modules/mac/ieee80211p/Mac1609_4.cc
veins/modules/mobility/LinearMobility.cc
veins/modules/mobility/traci/TraCIBuffer.cc
veins/modules/mobility/traci/TraCIColor.cc
veins/modules/mobility/traci/TraCICommandInterface.cc
veins/modules/mobility/traci/TraCIConnection.cc
veins/modules/mobility/traci/TraCICoordinateTransformation.cc
veins/modules/mobility/traci/TraCILauncher.cc
veins/modules/mobility/traci/TraCIMobility.cc
veins/modules/mobility/traci/TraCIRegionOfInterest.cc
veins/modules/mobility/traci/TraCIScenarioManager.cc
veins/modules/mobility/traci/TraCIScenarioManagerForker.cc
veins/modules/mobility/traci/TraCIScenarioManagerLaunchd.cc
veins/modules/mobility/traci/TraCIScreenRecorder.cc
veins/modules/mobility/traci/TraCIVehicleInserter.cc
veins/modules/obstacle/MobileHostObstacle.cc
veins/modules/obstacle/Obstacle.cc
veins/modules/obstacle/ObstacleControl.cc
veins/modules/obstacle/VehicleObstacleControl.cc
veins/modules/phy/Decider80211p.cc
veins/modules/phy/NistErrorRate.cc
veins/modules/phy/PhyLayer80211p.cc
veins/modules/phy/SampledAntenna1D.cc
veins/modules/utility/BBoxLookup.cc
veins/modules/utility/HasLogProxy.cc
veins/modules/utility/TimerManager.cc
veins/modules/world/annotations/AnnotationDummy.cc
veins/modules/world/annotations/AnnotationManager.cc
veins/modules/world/traci/trafficLight/TraCITrafficLightInterface.cc
veins/modules/world/traci/trafficLight/TraCITrafficLightProgram.cc
veins/modules/world/traci/trafficLight/logics/TraCITrafficLightAbstractLogic.cc
veins/modules/world/traci/trafficLight/logics/TraCITrafficLightSimpleLogic.cc
veins/visualizer/roads/RoadsCanvasVisualizer.cc
veins/visualizer/roads/RoadsOsgVisualizer.cc
veins/common_m.cc
veins/base/messages/AirFrame_m.cc
veins/base/messages/BorderMsg_m.cc
veins/base/messages/MacPkt_m.cc
veins/base/toolbox/Signal_m.cc
veins/base/utils/Coord_m.cc
veins/base/utils/POA_m.cc
veins/base/utils/SimpleAddress_m.cc
veins/modules/application/traci/TraCIDemo11pMessage_m.cc
veins/modules/messages/AckTimeOutMessage_m.cc
veins/modules/messages/AirFrame11p_m.cc
veins/modules/messages/BaseFrame1609_4_m.cc
veins/modules/messages/DemoSafetyMessage_m.cc
veins/modules/messages/DemoServiceAdvertisement_m.cc
veins/modules/messages/Mac80211Ack_m.cc
veins/modules/messages/Mac80211Pkt_m.cc
veins/modules/messages/PhyControlMessage_m.cc
veins/modules/messages/TraCITrafficLightMessage_m.cc
Creating shared library: ../out/gcc-release/src/libveins.dll
make[1]: Leaving directory '/d/Venis/workplace/workplace1/veins/src'
11:51:22 **** Incremental Build of configuration gcc-release for project veins ****
make MODE=release -j16 all 
make[1]: Entering directory '/d/Venis/workplace/workplace1/veins/src'
make[1]: Nothing to be done for 'all'.
make[1]: Leaving directory '/d/Venis/workplace/workplace1/veins/src'
17:09:53 **** Incremental Build of configuration gcc-release for project veins ****
make MODE=release -j16 all 
make[1]: Entering directory '/d/Venis/workplace/workplace1/veins/src'
make[1]: Nothing to be done for 'all'.
make[1]: Leaving directory '/d/Venis/workplace/workplace1/veins/src'
17:10:15 **** Incremental Build of configuration gcc-release for project veins ****
make MODE=release -j16 all 
make[1]: Entering directory '/d/Venis/workplace/workplace1/veins/src'
make[1]: Nothing to be done for 'all'.
make[1]: Leaving directory '/d/Venis/workplace/workplace1/veins/src'
17:30:31 **** Incremental Build of configuration gcc-release for project veins ****
make MODE=release -j16 all 
make[1]: Entering directory '/d/Venis/workplace/workplace1/veins/src'
make[1]: Nothing to be done for 'all'.
make[1]: Leaving directory '/d/Venis/workplace/workplace1/veins/src'
17:31:08 **** Incremental Build of configuration gcc-release for project veins ****
make MODE=release -j16 all 
make[1]: Entering directory '/d/Venis/workplace/workplace1/veins/src'
make[1]: Nothing to be done for 'all'.
make[1]: Leaving directory '/d/Venis/workplace/workplace1/veins/src'
17:37:48 **** Incremental Build of configuration gcc-release for project veins ****
make MODE=release -j16 all 
make[1]: Entering directory '/d/Venis/workplace/workplace1/veins/src'
make[1]: Nothing to be done for 'all'.
make[1]: Leaving directory '/d/Venis/workplace/workplace1/veins/src'
17:37:53 **** Incremental Build of configuration gcc-release for project veins ****
make MODE=release -j16 all 
make[1]: Entering directory '/d/Venis/workplace/workplace1/veins/src'
make[1]: Nothing to be done for 'all'.
make[1]: Leaving directory '/d/Venis/workplace/workplace1/veins/src'
18:11:05 **** Incremental Build of configuration gcc-release for project veins ****
make MODE=release -j16 all 
make[1]: Entering directory '/d/Venis/workplace/workplace1/veins/src'
veins/base/connectionManager/ChannelAccess.cc
veins/base/connectionManager/NicEntryDebug.cc
veins/base/modules/BaseMacLayer.cc
veins/base/phyLayer/BasePhyLayer.cc
veins/base/connectionManager/NicEntryDirect.cc
veins/modules/application/ieee80211p/DemoBaseApplLayer.cc
veins/modules/application/traci/MyVeinsApp.cc
veins/modules/application/traci/TraCIDemoRSU11p.cc
veins/modules/application/traci/TraCIDemo11p.cc
veins/modules/mac/ieee80211p/Mac1609_4.cc
veins/modules/mobility/traci/TraCIScenarioManager.cc
veins/modules/obstacle/VehicleObstacleControl.cc
veins/modules/phy/PhyLayer80211p.cc
Creating shared library: ../out/gcc-release/src/libveins.dll
make[1]: Leaving directory '/d/Venis/workplace/workplace1/veins/src'
18:11:28 **** Incremental Build of configuration gcc-release for project veins ****
make MODE=release -j16 all 
make[1]: Entering directory '/d/Venis/workplace/workplace1/veins/src'
veins/base/connectionManager/ChannelAccess.cc
veins/base/connectionManager/ConnectionManager.cc
Creating shared library: ../out/gcc-release/src/libveins.dll
make[1]: Leaving directory '/d/Venis/workplace/workplace1/veins/src'
18:16:47 **** Incremental Build of configuration gcc-release for project veins ****
make MODE=release -j16 all 
make[1]: Entering directory '/d/Venis/workplace/workplace1/veins/src'
veins/base/connectionManager/ChannelAccess.cc
veins/base/connectionManager/NicEntryDebug.cc
veins/base/connectionManager/NicEntryDirect.cc
veins/base/phyLayer/BasePhyLayer.cc
veins/base/modules/BaseMacLayer.cc
veins/modules/application/ieee80211p/DemoBaseApplLayer.cc
veins/modules/application/traci/MyVeinsApp.cc
veins/modules/application/traci/TraCIDemoRSU11p.cc
veins/modules/application/traci/TraCIDemo11p.cc
veins/modules/mac/ieee80211p/Mac1609_4.cc
veins/modules/mobility/traci/TraCIScenarioManager.cc
veins/modules/obstacle/VehicleObstacleControl.cc
veins/modules/phy/PhyLayer80211p.cc
In file included from D:/Venis/omnetpp-5.4.1-src-windows/omnetpp-5.4.1/include/omnetpp/cobject.h:26:0,
                 from D:/Venis/omnetpp-5.4.1-src-windows/omnetpp-5.4.1/include/omnetpp/cnamedobject.h:23,
                 from D:/Venis/omnetpp-5.4.1-src-windows/omnetpp-5.4.1/include/omnetpp/cownedobject.h:23,
                 from D:/Venis/omnetpp-5.4.1-src-windows/omnetpp-5.4.1/include/omnetpp/carray.h:19,
                 from D:/Venis/omnetpp-5.4.1-src-windows/omnetpp-5.4.1/include/omnetpp.h:28,
                 from ./veins/veins.h:34,
                 from ./veins/base/connectionManager/ChannelAccess.h:33,
                 from veins/base/connectionManager/ChannelAccess.cc:29:
./veins/base/connectionManager/ChannelAccess.h: In function 'omnetpp::cObject* veins::__factoryfunc_65()':
./veins/base/connectionManager/ChannelAccess.h:65:16: error: 'ErrorChannel' does not name a type; did you mean 'Define_Channel'?
 Define_Channel(ErrorChannel);
                ^
./veins/base/connectionManager/ChannelAccess.h: In function 'void* veins::__castfunc_65(omnetpp::cObject*)':
./veins/base/connectionManager/ChannelAccess.h:65:16: error: 'ErrorChannel' does not name a type; did you mean 'Define_Channel'?
 Define_Channel(ErrorChannel);
                ^
./veins/base/connectionManager/ChannelAccess.h:65:1: error: expected '>' before '*' token
 Define_Channel(ErrorChannel);
 ^
./veins/base/connectionManager/ChannelAccess.h:65:1: error: expected '(' before '*' token
./veins/base/connectionManager/ChannelAccess.h:65:1: error: expected primary-expression before '>' token
 Define_Channel(ErrorChannel);
 ^
./veins/base/connectionManager/ChannelAccess.h:65:1: error: expected ')' before ';' token
 Define_Channel(ErrorChannel);
 ^
In file included from D:/Venis/omnetpp-5.4.1-src-windows/omnetpp-5.4.1/include/omnetpp/globals.h:21:0,
                 from D:/Venis/omnetpp-5.4.1-src-windows/omnetpp-5.4.1/include/omnetpp/cobjectfactory.h:20,
                 from D:/Venis/omnetpp-5.4.1-src-windows/omnetpp-5.4.1/include/omnetpp.h:30,
                 from ./veins/veins.h:34,
                 from ./veins/base/connectionManager/ChannelAccess.h:33,
                 from veins/base/connectionManager/ChannelAccess.cc:29:
./veins/base/connectionManager/ChannelAccess.h: In function 'void veins::{anonymous}::__onstartup_func_65()':
./veins/base/connectionManager/ChannelAccess.h:65:16: error: 'ErrorChannel' was not declared in this scope
 Define_Channel(ErrorChannel);
                ^
./veins/base/connectionManager/ChannelAccess.h:65:16: note: suggested alternative: 'Define_Channel'
In file included from D:/Venis/omnetpp-5.4.1-src-windows/omnetpp-5.4.1/include/omnetpp/cobject.h:26:0,
                 from D:/Venis/omnetpp-5.4.1-src-windows/omnetpp-5.4.1/include/omnetpp/cnamedobject.h:23,
                 from D:/Venis/omnetpp-5.4.1-src-windows/omnetpp-5.4.1/include/omnetpp/cownedobject.h:23,
                 from D:/Venis/omnetpp-5.4.1-src-windows/omnetpp-5.4.1/include/omnetpp/carray.h:19,
                 from D:/Venis/omnetpp-5.4.1-src-windows/omnetpp-5.4.1/include/omnetpp.h:28,
                 from ./veins/veins.h:34,
                 from ./veins/base/connectionManager/NicEntry.h:32,
                 from ./veins/base/connectionManager/NicEntryDebug.h:30,
                 from veins/base/connectionManager/NicEntryDebug.cc:28:
./veins/base/connectionManager/ChannelAccess.h: In function 'omnetpp::cObject* veins::__factoryfunc_65()':
./veins/base/connectionManager/ChannelAccess.h:65:16: error: 'ErrorChannel' does not name a type; did you mean 'Define_Channel'?
 Define_Channel(ErrorChannel);
                ^
In file included from D:/Venis/omnetpp-5.4.1-src-windows/omnetpp-5.4.1/include/omnetpp/cobject.h:26:0,
                 from D:/Venis/omnetpp-5.4.1-src-windows/omnetpp-5.4.1/include/omnetpp/cnamedobject.h:23,
                 from D:/Venis/omnetpp-5.4.1-src-windows/omnetpp-5.4.1/include/omnetpp/cownedobject.h:23,
                 from D:/Venis/omnetpp-5.4.1-src-windows/omnetpp-5.4.1/include/omnetpp/carray.h:19,
                 from D:/Venis/omnetpp-5.4.1-src-windows/omnetpp-5.4.1/include/omnetpp.h:28,
                 from ./veins/veins.h:34,
                 from ./veins/base/connectionManager/NicEntry.h:32,
                 from ./veins/base/connectionManager/NicEntryDirect.h:30,
                 from veins/base/connectionManager/NicEntryDirect.cc:28:
./veins/base/connectionManager/ChannelAccess.h: In function 'omnetpp::cObject* veins::__factoryfunc_65()':
./veins/base/connectionManager/ChannelAccess.h:65:16: error: 'ErrorChannel' does not name a type; did you mean 'Define_Channel'?
 Define_Channel(ErrorChannel);
                ^
./veins/base/connectionManager/ChannelAccess.h: In function 'void* veins::__castfunc_65(omnetpp::cObject*)':
./veins/base/connectionManager/ChannelAccess.h:65:16: error: 'ErrorChannel' does not name a type; did you mean 'Define_Channel'?
 Define_Channel(ErrorChannel);
                ^
./veins/base/connectionManager/ChannelAccess.h:65:1: error: expected '>' before '*' token
 Define_Channel(ErrorChannel);
 ^
./veins/base/connectionManager/ChannelAccess.h:65:1: error: expected '(' before '*' token
./veins/base/connectionManager/ChannelAccess.h:65:1: error: expected primary-expression before '>' token
 Define_Channel(ErrorChannel);
 ^
./veins/base/connectionManager/ChannelAccess.h:65:1: error: expected ')' before ';' token
 Define_Channel(ErrorChannel);
 ^
In file included from D:/Venis/omnetpp-5.4.1-src-windows/omnetpp-5.4.1/include/omnetpp/globals.h:21:0,
                 from D:/Venis/omnetpp-5.4.1-src-windows/omnetpp-5.4.1/include/omnetpp/cobjectfactory.h:20,
                 from D:/Venis/omnetpp-5.4.1-src-windows/omnetpp-5.4.1/include/omnetpp.h:30,
                 from ./veins/veins.h:34,
                 from ./veins/base/connectionManager/NicEntry.h:32,
                 from ./veins/base/connectionManager/NicEntryDebug.h:30,
                 from veins/base/connectionManager/NicEntryDebug.cc:28:
./veins/base/connectionManager/ChannelAccess.h: In function 'void veins::{anonymous}::__onstartup_func_65()':
./veins/base/connectionManager/ChannelAccess.h:65:16: error: 'ErrorChannel' was not declared in this scope
 Define_Channel(ErrorChannel);
                ^
In file included from D:/Venis/omnetpp-5.4.1-src-windows/omnetpp-5.4.1/include/omnetpp/cobject.h:26:0,
                 from D:/Venis/omnetpp-5.4.1-src-windows/omnetpp-5.4.1/include/omnetpp/cnamedobject.h:23,
                 from D:/Venis/omnetpp-5.4.1-src-windows/omnetpp-5.4.1/include/omnetpp/cownedobject.h:23,
                 from D:/Venis/omnetpp-5.4.1-src-windows/omnetpp-5.4.1/include/omnetpp/carray.h:19,
                 from D:/Venis/omnetpp-5.4.1-src-windows/omnetpp-5.4.1/include/omnetpp.h:28,
                 from ./veins/veins.h:34,
                 from ./veins/base/phyLayer/BasePhyLayer.h:32,
                 from veins/base/phyLayer/BasePhyLayer.cc:25:
./veins/base/connectionManager/ChannelAccess.h: In function 'omnetpp::cObject* veins::__factoryfunc_65()':
./veins/base/connectionManager/ChannelAccess.h:65:16: error: 'ErrorChannel' does not name a type; did you mean 'Define_Channel'?
 Define_Channel(ErrorChannel);
                ^
./veins/base/connectionManager/ChannelAccess.h: In function 'void* veins::__castfunc_65(omnetpp::cObject*)':
./veins/base/connectionManager/ChannelAccess.h:65:16: error: 'ErrorChannel' does not name a type; did you mean 'Define_Channel'?
 Define_Channel(ErrorChannel);
                ^
./veins/base/connectionManager/ChannelAccess.h:65:1: error: expected '>' before '*' token
 Define_Channel(ErrorChannel);
 ^
./veins/base/connectionManager/ChannelAccess.h:65:1: error: expected '(' before '*' token
./veins/base/connectionManager/ChannelAccess.h:65:1: error: expected primary-expression before '>' token
 Define_Channel(ErrorChannel);
 ^
./veins/base/connectionManager/ChannelAccess.h:65:1: error: expected ')' before ';' token
 Define_Channel(ErrorChannel);
 ^
In file included from D:/Venis/omnetpp-5.4.1-src-windows/omnetpp-5.4.1/include/omnetpp/globals.h:21:0,
                 from D:/Venis/omnetpp-5.4.1-src-windows/omnetpp-5.4.1/include/omnetpp/cobjectfactory.h:20,
                 from D:/Venis/omnetpp-5.4.1-src-windows/omnetpp-5.4.1/include/omnetpp.h:30,
                 from ./veins/veins.h:34,
                 from ./veins/base/connectionManager/NicEntry.h:32,
                 from ./veins/base/connectionManager/NicEntryDirect.h:30,
                 from veins/base/connectionManager/NicEntryDirect.cc:28:
./veins/base/connectionManager/ChannelAccess.h: In function 'void veins::{anonymous}::__onstartup_func_65()':
./veins/base/connectionManager/ChannelAccess.h:65:16: error: 'ErrorChannel' was not declared in this scope
 Define_Channel(ErrorChannel);
                ^
./veins/base/connectionManager/ChannelAccess.h:65:16: note: suggested alternative: 'Define_Channel'
./veins/base/connectionManager/ChannelAccess.h: In function 'void* veins::__castfunc_65(omnetpp::cObject*)':
./veins/base/connectionManager/ChannelAccess.h:65:16: error: 'ErrorChannel' does not name a type; did you mean 'Define_Channel'?
 Define_Channel(ErrorChannel);
                ^
./veins/base/connectionManager/ChannelAccess.h:65:1: error: expected '>' before '*' token
 Define_Channel(ErrorChannel);
 ^
./veins/base/connectionManager/ChannelAccess.h:65:1: error: expected '(' before '*' token
./veins/base/connectionManager/ChannelAccess.h:65:1: error: expected primary-expression before '>' token
 Define_Channel(ErrorChannel);
 ^
./veins/base/connectionManager/ChannelAccess.h:65:1: error: expected ')' before ';' token
 Define_Channel(ErrorChannel);
 ^
In file included from D:/Venis/omnetpp-5.4.1-src-windows/omnetpp-5.4.1/include/omnetpp/globals.h:21:0,
                 from D:/Venis/omnetpp-5.4.1-src-windows/omnetpp-5.4.1/include/omnetpp/cobjectfactory.h:20,
                 from D:/Venis/omnetpp-5.4.1-src-windows/omnetpp-5.4.1/include/omnetpp.h:30,
                 from ./veins/veins.h:34,
                 from ./veins/base/phyLayer/BasePhyLayer.h:32,
                 from veins/base/phyLayer/BasePhyLayer.cc:25:
./veins/base/connectionManager/ChannelAccess.h: In function 'void veins::{anonymous}::__onstartup_func_65()':
./veins/base/connectionManager/ChannelAccess.h:65:16: error: 'ErrorChannel' was not declared in this scope
 Define_Channel(ErrorChannel);
                ^
./veins/base/connectionManager/ChannelAccess.h:65:16: note: suggested alternative: 'Define_Channel'
In file included from D:/Venis/omnetpp-5.4.1-src-windows/omnetpp-5.4.1/include/omnetpp/cobject.h:26:0,
                 from D:/Venis/omnetpp-5.4.1-src-windows/omnetpp-5.4.1/include/omnetpp/cnamedobject.h:23,
                 from D:/Venis/omnetpp-5.4.1-src-windows/omnetpp-5.4.1/include/omnetpp/cownedobject.h:23,
                 from D:/Venis/omnetpp-5.4.1-src-windows/omnetpp-5.4.1/include/omnetpp/carray.h:19,
                 from D:/Venis/omnetpp-5.4.1-src-windows/omnetpp-5.4.1/include/omnetpp.h:28,
                 from ./veins/veins.h:34,
                 from ./veins/base/modules/BaseMacLayer.h:30,
                 from veins/base/modules/BaseMacLayer.cc:28:
./veins/base/connectionManager/ChannelAccess.h: In function 'omnetpp::cObject* veins::__factoryfunc_65()':
./veins/base/connectionManager/ChannelAccess.h:65:16: error: 'ErrorChannel' does not name a type; did you mean 'Define_Channel'?
 Define_Channel(ErrorChannel);
                ^
./veins/base/connectionManager/ChannelAccess.h:65:16: note: suggested alternative: 'Define_Channel'
./veins/base/connectionManager/ChannelAccess.h: In function 'void* veins::__castfunc_65(omnetpp::cObject*)':
./veins/base/connectionManager/ChannelAccess.h:65:16: error: 'ErrorChannel' does not name a type; did you mean 'Define_Channel'?
 Define_Channel(ErrorChannel);
                ^
./veins/base/connectionManager/ChannelAccess.h:65:1: error: expected '>' before '*' token
 Define_Channel(ErrorChannel);
 ^
./veins/base/connectionManager/ChannelAccess.h:65:1: error: expected '(' before '*' token
./veins/base/connectionManager/ChannelAccess.h:65:1: error: expected primary-expression before '>' token
 Define_Channel(ErrorChannel);
 ^
./veins/base/connectionManager/ChannelAccess.h:65:1: error: expected ')' before ';' token
 Define_Channel(ErrorChannel);
 ^
In file included from D:/Venis/omnetpp-5.4.1-src-windows/omnetpp-5.4.1/include/omnetpp/globals.h:21:0,
                 from D:/Venis/omnetpp-5.4.1-src-windows/omnetpp-5.4.1/include/omnetpp/cobjectfactory.h:20,
                 from D:/Venis/omnetpp-5.4.1-src-windows/omnetpp-5.4.1/include/omnetpp.h:30,
                 from ./veins/veins.h:34,
                 from ./veins/base/modules/BaseMacLayer.h:30,
                 from veins/base/modules/BaseMacLayer.cc:28:
./veins/base/connectionManager/ChannelAccess.h: In function 'void veins::{anonymous}::__onstartup_func_65()':
./veins/base/connectionManager/ChannelAccess.h:65:16: error: 'ErrorChannel' was not declared in this scope
 Define_Channel(ErrorChannel);
                ^
./veins/base/connectionManager/ChannelAccess.h:65:16: note: suggested alternative: 'Define_Channel'
In file included from D:/Venis/omnetpp-5.4.1-src-windows/omnetpp-5.4.1/include/omnetpp/cobject.h:26:0,
                 from D:/Venis/omnetpp-5.4.1-src-windows/omnetpp-5.4.1/include/omnetpp/cnamedobject.h:23,
                 from D:/Venis/omnetpp-5.4.1-src-windows/omnetpp-5.4.1/include/omnetpp/cownedobject.h:23,
                 from D:/Venis/omnetpp-5.4.1-src-windows/omnetpp-5.4.1/include/omnetpp/carray.h:19,
                 from D:/Venis/omnetpp-5.4.1-src-windows/omnetpp-5.4.1/include/omnetpp.h:28,
                 from ./veins/veins.h:34,
                 from ./veins/base/modules/BaseApplLayer.h:30,
                 from ./veins/modules/application/ieee80211p/DemoBaseApplLayer.h:27,
                 from veins/modules/application/ieee80211p/DemoBaseApplLayer.cc:23:
./veins/base/connectionManager/ChannelAccess.h: In function 'omnetpp::cObject* veins::__factoryfunc_65()':
./veins/base/connectionManager/ChannelAccess.h:65:16: error: 'ErrorChannel' does not name a type; did you mean 'Channel'?
 Define_Channel(ErrorChannel);
                ^
./veins/base/connectionManager/ChannelAccess.h: In function 'void* veins::__castfunc_65(omnetpp::cObject*)':
./veins/base/connectionManager/ChannelAccess.h:65:16: error: 'ErrorChannel' does not name a type; did you mean 'Channel'?
 Define_Channel(ErrorChannel);
                ^
./veins/base/connectionManager/ChannelAccess.h:65:1: error: expected '>' before '*' token
 Define_Channel(ErrorChannel);
 ^
./veins/base/connectionManager/ChannelAccess.h:65:1: error: expected '(' before '*' token
./veins/base/connectionManager/ChannelAccess.h:65:1: error: expected primary-expression before '>' token
 Define_Channel(ErrorChannel);
 ^
./veins/base/connectionManager/ChannelAccess.h:65:1: error: expected ')' before ';' token
 Define_Channel(ErrorChannel);
 ^
In file included from D:/Venis/omnetpp-5.4.1-src-windows/omnetpp-5.4.1/include/omnetpp/globals.h:21:0,
                 from D:/Venis/omnetpp-5.4.1-src-windows/omnetpp-5.4.1/include/omnetpp/cobjectfactory.h:20,
                 from D:/Venis/omnetpp-5.4.1-src-windows/omnetpp-5.4.1/include/omnetpp.h:30,
                 from ./veins/veins.h:34,
                 from ./veins/base/modules/BaseApplLayer.h:30,
                 from ./veins/modules/application/ieee80211p/DemoBaseApplLayer.h:27,
                 from veins/modules/application/ieee80211p/DemoBaseApplLayer.cc:23:
./veins/base/connectionManager/ChannelAccess.h: In function 'void veins::{anonymous}::__onstartup_func_65()':
./veins/base/connectionManager/ChannelAccess.h:65:16: error: 'ErrorChannel' was not declared in this scope
 Define_Channel(ErrorChannel);
                ^
./veins/base/connectionManager/ChannelAccess.h:65:16: note: suggested alternative: 'Channel'
make[1]: *** [Makefile:274: ../out/gcc-release/src/veins/base/connectionManager/ChannelAccess.o] Error 1
make[1]: *** Waiting for unfinished jobs....
In file included from D:/Venis/omnetpp-5.4.1-src-windows/omnetpp-5.4.1/include/omnetpp/cobject.h:26:0,
                 from D:/Venis/omnetpp-5.4.1-src-windows/omnetpp-5.4.1/include/omnetpp/cnamedobject.h:23,
                 from D:/Venis/omnetpp-5.4.1-src-windows/omnetpp-5.4.1/include/omnetpp/cownedobject.h:23,
                 from D:/Venis/omnetpp-5.4.1-src-windows/omnetpp-5.4.1/include/omnetpp/carray.h:19,
                 from D:/Venis/omnetpp-5.4.1-src-windows/omnetpp-5.4.1/include/omnetpp.h:28,
                 from ./veins/veins.h:34,
                 from ./veins/modules/application/traci/MyVeinsApp.h:25,
                 from veins/modules/application/traci/MyVeinsApp.cc:23:
./veins/base/connectionManager/ChannelAccess.h: In function 'omnetpp::cObject* veins::__factoryfunc_65()':
./veins/base/connectionManager/ChannelAccess.h:65:16: error: 'ErrorChannel' does not name a type; did you mean 'Channel'?
 Define_Channel(ErrorChannel);
                ^
make[1]: *** [Makefile:274: ../out/gcc-release/src/veins/base/connectionManager/NicEntryDirect.o] Error 1
./veins/base/connectionManager/ChannelAccess.h: In function 'void* veins::__castfunc_65(omnetpp::cObject*)':
./veins/base/connectionManager/ChannelAccess.h:65:16: error: 'ErrorChannel' does not name a type; did you mean 'Channel'?
 Define_Channel(ErrorChannel);
                ^
./veins/base/connectionManager/ChannelAccess.h:65:1: error: expected '>' before '*' token
 Define_Channel(ErrorChannel);
 ^
./veins/base/connectionManager/ChannelAccess.h:65:1: error: expected '(' before '*' token
./veins/base/connectionManager/ChannelAccess.h:65:1: error: expected primary-expression before '>' token
 Define_Channel(ErrorChannel);
 ^
./veins/base/connectionManager/ChannelAccess.h:65:1: error: expected ')' before ';' token
 Define_Channel(ErrorChannel);
 ^
In file included from D:/Venis/omnetpp-5.4.1-src-windows/omnetpp-5.4.1/include/omnetpp/globals.h:21:0,
                 from D:/Venis/omnetpp-5.4.1-src-windows/omnetpp-5.4.1/include/omnetpp/cobjectfactory.h:20,
                 from D:/Venis/omnetpp-5.4.1-src-windows/omnetpp-5.4.1/include/omnetpp.h:30,
                 from ./veins/veins.h:34,
                 from ./veins/modules/application/traci/MyVeinsApp.h:25,
                 from veins/modules/application/traci/MyVeinsApp.cc:23:
./veins/base/connectionManager/ChannelAccess.h: In function 'void veins::{anonymous}::__onstartup_func_65()':
./veins/base/connectionManager/ChannelAccess.h:65:16: error: 'ErrorChannel' was not declared in this scope
 Define_Channel(ErrorChannel);
                ^
make[1]: *** [Makefile:274: ../out/gcc-release/src/veins/base/connectionManager/NicEntryDebug.o] Error 1
In file included from D:/Venis/omnetpp-5.4.1-src-windows/omnetpp-5.4.1/include/omnetpp/cobject.h:26:0,
                 from D:/Venis/omnetpp-5.4.1-src-windows/omnetpp-5.4.1/include/omnetpp/cnamedobject.h:23,
                 from D:/Venis/omnetpp-5.4.1-src-windows/omnetpp-5.4.1/include/omnetpp/cownedobject.h:23,
                 from D:/Venis/omnetpp-5.4.1-src-windows/omnetpp-5.4.1/include/omnetpp/carray.h:19,
                 from D:/Venis/omnetpp-5.4.1-src-windows/omnetpp-5.4.1/include/omnetpp.h:28,
                 from ./veins/veins.h:34,
                 from ./veins/base/modules/BaseApplLayer.h:30,
                 from ./veins/modules/application/ieee80211p/DemoBaseApplLayer.h:27,
                 from ./veins/modules/application/traci/TraCIDemoRSU11p.h:26,
                 from veins/modules/application/traci/TraCIDemoRSU11p.cc:24:
./veins/base/connectionManager/ChannelAccess.h: In function 'omnetpp::cObject* veins::__factoryfunc_65()':
./veins/base/connectionManager/ChannelAccess.h:65:16: error: 'ErrorChannel' does not name a type; did you mean 'Channel'?
 Define_Channel(ErrorChannel);
                ^
./veins/base/connectionManager/ChannelAccess.h:65:16: note: suggested alternative: 'Channel'
./veins/base/connectionManager/ChannelAccess.h: In function 'void* veins::__castfunc_65(omnetpp::cObject*)':
./veins/base/connectionManager/ChannelAccess.h:65:16: error: 'ErrorChannel' does not name a type; did you mean 'Channel'?
 Define_Channel(ErrorChannel);
                ^
./veins/base/connectionManager/ChannelAccess.h:65:1: error: expected '>' before '*' token
 Define_Channel(ErrorChannel);
 ^
./veins/base/connectionManager/ChannelAccess.h:65:1: error: expected '(' before '*' token
./veins/base/connectionManager/ChannelAccess.h:65:1: error: expected primary-expression before '>' token
 Define_Channel(ErrorChannel);
 ^
./veins/base/connectionManager/ChannelAccess.h:65:1: error: expected ')' before ';' token
 Define_Channel(ErrorChannel);
 ^
In file included from D:/Venis/omnetpp-5.4.1-src-windows/omnetpp-5.4.1/include/omnetpp/globals.h:21:0,
                 from D:/Venis/omnetpp-5.4.1-src-windows/omnetpp-5.4.1/include/omnetpp/cobjectfactory.h:20,
                 from D:/Venis/omnetpp-5.4.1-src-windows/omnetpp-5.4.1/include/omnetpp.h:30,
                 from ./veins/veins.h:34,
                 from ./veins/base/modules/BaseApplLayer.h:30,
                 from ./veins/modules/application/ieee80211p/DemoBaseApplLayer.h:27,
                 from ./veins/modules/application/traci/TraCIDemoRSU11p.h:26,
                 from veins/modules/application/traci/TraCIDemoRSU11p.cc:24:
./veins/base/connectionManager/ChannelAccess.h: In function 'void veins::{anonymous}::__onstartup_func_65()':
./veins/base/connectionManager/ChannelAccess.h:65:16: error: 'ErrorChannel' was not declared in this scope
 Define_Channel(ErrorChannel);
                ^
In file included from D:/Venis/omnetpp-5.4.1-src-windows/omnetpp-5.4.1/include/omnetpp/cobject.h:26:0,
                 from D:/Venis/omnetpp-5.4.1-src-windows/omnetpp-5.4.1/include/omnetpp/cnamedobject.h:23,
                 from D:/Venis/omnetpp-5.4.1-src-windows/omnetpp-5.4.1/include/omnetpp/cownedobject.h:23,
                 from D:/Venis/omnetpp-5.4.1-src-windows/omnetpp-5.4.1/include/omnetpp/carray.h:19,
                 from D:/Venis/omnetpp-5.4.1-src-windows/omnetpp-5.4.1/include/omnetpp.h:28,
                 from ./veins/veins.h:34,
                 from ./veins/base/modules/BaseApplLayer.h:30,
                 from ./veins/modules/application/ieee80211p/DemoBaseApplLayer.h:27,
                 from ./veins/modules/application/traci/TraCIDemo11p.h:26,
                 from veins/modules/application/traci/TraCIDemo11p.cc:24:
./veins/base/connectionManager/ChannelAccess.h: In function 'omnetpp::cObject* veins::__factoryfunc_65()':
./veins/base/connectionManager/ChannelAccess.h:65:16: error: 'ErrorChannel' does not name a type; did you mean 'Channel'?
 Define_Channel(ErrorChannel);
                ^
make[1]: *** [Makefile:274: ../out/gcc-release/src/veins/base/modules/BaseMacLayer.o] Error 1
./veins/base/connectionManager/ChannelAccess.h:65:16: note: suggested alternative: 'Channel'
./veins/base/connectionManager/ChannelAccess.h: In function 'void* veins::__castfunc_65(omnetpp::cObject*)':
./veins/base/connectionManager/ChannelAccess.h:65:16: error: 'ErrorChannel' does not name a type; did you mean 'Channel'?
 Define_Channel(ErrorChannel);
                ^
./veins/base/connectionManager/ChannelAccess.h:65:1: error: expected '>' before '*' token
 Define_Channel(ErrorChannel);
 ^
./veins/base/connectionManager/ChannelAccess.h:65:1: error: expected '(' before '*' token
./veins/base/connectionManager/ChannelAccess.h:65:1: error: expected primary-expression before '>' token
 Define_Channel(ErrorChannel);
 ^
./veins/base/connectionManager/ChannelAccess.h:65:1: error: expected ')' before ';' token
 Define_Channel(ErrorChannel);
 ^
In file included from D:/Venis/omnetpp-5.4.1-src-windows/omnetpp-5.4.1/include/omnetpp/globals.h:21:0,
                 from D:/Venis/omnetpp-5.4.1-src-windows/omnetpp-5.4.1/include/omnetpp/cobjectfactory.h:20,
                 from D:/Venis/omnetpp-5.4.1-src-windows/omnetpp-5.4.1/include/omnetpp.h:30,
                 from ./veins/veins.h:34,
                 from ./veins/base/modules/BaseApplLayer.h:30,
                 from ./veins/modules/application/ieee80211p/DemoBaseApplLayer.h:27,
                 from ./veins/modules/application/traci/TraCIDemo11p.h:26,
                 from veins/modules/application/traci/TraCIDemo11p.cc:24:
./veins/base/connectionManager/ChannelAccess.h: In function 'void veins::{anonymous}::__onstartup_func_65()':
./veins/base/connectionManager/ChannelAccess.h:65:16: error: 'ErrorChannel' was not declared in this scope
 Define_Channel(ErrorChannel);
                ^
In file included from D:/Venis/omnetpp-5.4.1-src-windows/omnetpp-5.4.1/include/omnetpp/cobject.h:26:0,
                 from D:/Venis/omnetpp-5.4.1-src-windows/omnetpp-5.4.1/include/omnetpp/cnamedobject.h:23,
                 from D:/Venis/omnetpp-5.4.1-src-windows/omnetpp-5.4.1/include/omnetpp/cownedobject.h:23,
                 from D:/Venis/omnetpp-5.4.1-src-windows/omnetpp-5.4.1/include/omnetpp/carray.h:19,
                 from D:/Venis/omnetpp-5.4.1-src-windows/omnetpp-5.4.1/include/omnetpp.h:28,
                 from ./veins/veins.h:34,
                 from ./veins/modules/mac/ieee80211p/Mac1609_4.h:29,
                 from veins/modules/mac/ieee80211p/Mac1609_4.cc:24:
./veins/base/connectionManager/ChannelAccess.h: In function 'omnetpp::cObject* veins::__factoryfunc_65()':
./veins/base/connectionManager/ChannelAccess.h:65:16: error: 'ErrorChannel' does not name a type; did you mean 'Define_Channel'?
 Define_Channel(ErrorChannel);
                ^
./veins/base/connectionManager/ChannelAccess.h:65:16: note: suggested alternative: 'Channel'
./veins/base/connectionManager/ChannelAccess.h: In function 'void* veins::__castfunc_65(omnetpp::cObject*)':
./veins/base/connectionManager/ChannelAccess.h:65:16: error: 'ErrorChannel' does not name a type; did you mean 'Define_Channel'?
 Define_Channel(ErrorChannel);
                ^
./veins/base/connectionManager/ChannelAccess.h:65:1: error: expected '>' before '*' token
 Define_Channel(ErrorChannel);
 ^
./veins/base/connectionManager/ChannelAccess.h:65:1: error: expected '(' before '*' token
./veins/base/connectionManager/ChannelAccess.h:65:1: error: expected primary-expression before '>' token
 Define_Channel(ErrorChannel);
 ^
./veins/base/connectionManager/ChannelAccess.h:65:1: error: expected ')' before ';' token
 Define_Channel(ErrorChannel);
 ^
In file included from D:/Venis/omnetpp-5.4.1-src-windows/omnetpp-5.4.1/include/omnetpp/globals.h:21:0,
                 from D:/Venis/omnetpp-5.4.1-src-windows/omnetpp-5.4.1/include/omnetpp/cobjectfactory.h:20,
                 from D:/Venis/omnetpp-5.4.1-src-windows/omnetpp-5.4.1/include/omnetpp.h:30,
                 from ./veins/veins.h:34,
                 from ./veins/modules/mac/ieee80211p/Mac1609_4.h:29,
                 from veins/modules/mac/ieee80211p/Mac1609_4.cc:24:
./veins/base/connectionManager/ChannelAccess.h: In function 'void veins::{anonymous}::__onstartup_func_65()':
./veins/base/connectionManager/ChannelAccess.h:65:16: error: 'ErrorChannel' was not declared in this scope
 Define_Channel(ErrorChannel);
                ^
./veins/base/connectionManager/ChannelAccess.h:65:16: note: suggested alternative: 'Define_Channel'
In file included from D:/Venis/omnetpp-5.4.1-src-windows/omnetpp-5.4.1/include/omnetpp/cobject.h:26:0,
                 from D:/Venis/omnetpp-5.4.1-src-windows/omnetpp-5.4.1/include/omnetpp/cnamedobject.h:23,
                 from D:/Venis/omnetpp-5.4.1-src-windows/omnetpp-5.4.1/include/omnetpp/cownedobject.h:23,
                 from D:/Venis/omnetpp-5.4.1-src-windows/omnetpp-5.4.1/include/omnetpp/carray.h:19,
                 from D:/Venis/omnetpp-5.4.1-src-windows/omnetpp-5.4.1/include/omnetpp.h:28,
                 from ./veins/veins.h:34,
                 from ./veins/modules/obstacle/VehicleObstacleControl.h:27,
                 from veins/modules/obstacle/VehicleObstacleControl.cc:30:
./veins/base/connectionManager/ChannelAccess.h: In function 'omnetpp::cObject* veins::__factoryfunc_65()':
./veins/base/connectionManager/ChannelAccess.h:65:16: error: 'ErrorChannel' does not name a type; did you mean 'Define_Channel'?
 Define_Channel(ErrorChannel);
                ^
./veins/base/connectionManager/ChannelAccess.h: In function 'void* veins::__castfunc_65(omnetpp::cObject*)':
./veins/base/connectionManager/ChannelAccess.h:65:16: error: 'ErrorChannel' does not name a type; did you mean 'Define_Channel'?
 Define_Channel(ErrorChannel);
                ^
./veins/base/connectionManager/ChannelAccess.h:65:1: error: expected '>' before '*' token
 Define_Channel(ErrorChannel);
 ^
./veins/base/connectionManager/ChannelAccess.h:65:1: error: expected '(' before '*' token
./veins/base/connectionManager/ChannelAccess.h:65:1: error: expected primary-expression before '>' token
 Define_Channel(ErrorChannel);
 ^
./veins/base/connectionManager/ChannelAccess.h:65:1: error: expected ')' before ';' token
 Define_Channel(ErrorChannel);
 ^
In file included from D:/Venis/omnetpp-5.4.1-src-windows/omnetpp-5.4.1/include/omnetpp/globals.h:21:0,
                 from D:/Venis/omnetpp-5.4.1-src-windows/omnetpp-5.4.1/include/omnetpp/cobjectfactory.h:20,
                 from D:/Venis/omnetpp-5.4.1-src-windows/omnetpp-5.4.1/include/omnetpp.h:30,
                 from ./veins/veins.h:34,
                 from ./veins/modules/obstacle/VehicleObstacleControl.h:27,
                 from veins/modules/obstacle/VehicleObstacleControl.cc:30:
./veins/base/connectionManager/ChannelAccess.h: In function 'void veins::{anonymous}::__onstartup_func_65()':
./veins/base/connectionManager/ChannelAccess.h:65:16: error: 'ErrorChannel' was not declared in this scope
 Define_Channel(ErrorChannel);
                ^
In file included from D:/Venis/omnetpp-5.4.1-src-windows/omnetpp-5.4.1/include/omnetpp/cobject.h:26:0,
                 from D:/Venis/omnetpp-5.4.1-src-windows/omnetpp-5.4.1/include/omnetpp/cnamedobject.h:23,
                 from D:/Venis/omnetpp-5.4.1-src-windows/omnetpp-5.4.1/include/omnetpp/cownedobject.h:23,
                 from D:/Venis/omnetpp-5.4.1-src-windows/omnetpp-5.4.1/include/omnetpp/carray.h:19,
                 from D:/Venis/omnetpp-5.4.1-src-windows/omnetpp-5.4.1/include/omnetpp.h:28,
                 from ./veins/veins.h:34,
                 from ./veins/base/phyLayer/BasePhyLayer.h:32,
                 from ./veins/modules/phy/PhyLayer80211p.h:25,
                 from veins/modules/phy/PhyLayer80211p.cc:28:
./veins/base/connectionManager/ChannelAccess.h: In function 'omnetpp::cObject* veins::__factoryfunc_65()':
./veins/base/connectionManager/ChannelAccess.h:65:16: error: 'ErrorChannel' does not name a type; did you mean 'Define_Channel'?
 Define_Channel(ErrorChannel);
                ^
./veins/base/connectionManager/ChannelAccess.h:65:16: note: suggested alternative: 'Define_Channel'
./veins/base/connectionManager/ChannelAccess.h: In function 'void* veins::__castfunc_65(omnetpp::cObject*)':
./veins/base/connectionManager/ChannelAccess.h:65:16: error: 'ErrorChannel' does not name a type; did you mean 'Define_Channel'?
 Define_Channel(ErrorChannel);
                ^
./veins/base/connectionManager/ChannelAccess.h:65:1: error: expected '>' before '*' token
 Define_Channel(ErrorChannel);
 ^
./veins/base/connectionManager/ChannelAccess.h:65:1: error: expected '(' before '*' token
./veins/base/connectionManager/ChannelAccess.h:65:1: error: expected primary-expression before '>' token
 Define_Channel(ErrorChannel);
 ^
./veins/base/connectionManager/ChannelAccess.h:65:1: error: expected ')' before ';' token
 Define_Channel(ErrorChannel);
 ^
In file included from D:/Venis/omnetpp-5.4.1-src-windows/omnetpp-5.4.1/include/omnetpp/globals.h:21:0,
                 from D:/Venis/omnetpp-5.4.1-src-windows/omnetpp-5.4.1/include/omnetpp/cobjectfactory.h:20,
                 from D:/Venis/omnetpp-5.4.1-src-windows/omnetpp-5.4.1/include/omnetpp.h:30,
                 from ./veins/veins.h:34,
                 from ./veins/base/phyLayer/BasePhyLayer.h:32,
                 from ./veins/modules/phy/PhyLayer80211p.h:25,
                 from veins/modules/phy/PhyLayer80211p.cc:28:
./veins/base/connectionManager/ChannelAccess.h: In function 'void veins::{anonymous}::__onstartup_func_65()':
./veins/base/connectionManager/ChannelAccess.h:65:16: error: 'ErrorChannel' was not declared in this scope
 Define_Channel(ErrorChannel);
                ^
./veins/base/connectionManager/ChannelAccess.h:65:16: note: suggested alternative: 'Define_Channel'
In file included from D:/Venis/omnetpp-5.4.1-src-windows/omnetpp-5.4.1/include/omnetpp/cobject.h:26:0,
                 from D:/Venis/omnetpp-5.4.1-src-windows/omnetpp-5.4.1/include/omnetpp/cnamedobject.h:23,
                 from D:/Venis/omnetpp-5.4.1-src-windows/omnetpp-5.4.1/include/omnetpp/cownedobject.h:23,
                 from D:/Venis/omnetpp-5.4.1-src-windows/omnetpp-5.4.1/include/omnetpp/carray.h:19,
                 from D:/Venis/omnetpp-5.4.1-src-windows/omnetpp-5.4.1/include/omnetpp.h:28,
                 from ./veins/veins.h:34,
                 from ./veins/modules/mobility/traci/TraCIScenarioManager.h:30,
                 from veins/modules/mobility/traci/TraCIScenarioManager.cc:30:
./veins/base/connectionManager/ChannelAccess.h: In function 'omnetpp::cObject* veins::__factoryfunc_65()':
./veins/base/connectionManager/ChannelAccess.h:65:16: error: 'ErrorChannel' does not name a type; did you mean 'Define_Channel'?
 Define_Channel(ErrorChannel);
                ^
./veins/base/connectionManager/ChannelAccess.h: In function 'void* veins::__castfunc_65(omnetpp::cObject*)':
./veins/base/connectionManager/ChannelAccess.h:65:16: error: 'ErrorChannel' does not name a type; did you mean 'Define_Channel'?
 Define_Channel(ErrorChannel);
                ^
./veins/base/connectionManager/ChannelAccess.h:65:1: error: expected '>' before '*' token
 Define_Channel(ErrorChannel);
 ^
./veins/base/connectionManager/ChannelAccess.h:65:1: error: expected '(' before '*' token
./veins/base/connectionManager/ChannelAccess.h:65:1: error: expected primary-expression before '>' token
 Define_Channel(ErrorChannel);
 ^
./veins/base/connectionManager/ChannelAccess.h:65:1: error: expected ')' before ';' token
 Define_Channel(ErrorChannel);
 ^
In file included from D:/Venis/omnetpp-5.4.1-src-windows/omnetpp-5.4.1/include/omnetpp/globals.h:21:0,
                 from D:/Venis/omnetpp-5.4.1-src-windows/omnetpp-5.4.1/include/omnetpp/cobjectfactory.h:20,
                 from D:/Venis/omnetpp-5.4.1-src-windows/omnetpp-5.4.1/include/omnetpp.h:30,
                 from ./veins/veins.h:34,
                 from ./veins/modules/mobility/traci/TraCIScenarioManager.h:30,
                 from veins/modules/mobility/traci/TraCIScenarioManager.cc:30:
./veins/base/connectionManager/ChannelAccess.h: In function 'void veins::{anonymous}::__onstartup_func_65()':
./veins/base/connectionManager/ChannelAccess.h:65:16: error: 'ErrorChannel' was not declared in this scope
 Define_Channel(ErrorChannel);
                ^
./veins/base/connectionManager/ChannelAccess.h:65:16: note: suggested alternative: 'Define_Channel'
make[1]: *** [Makefile:274: ../out/gcc-release/src/veins/modules/application/ieee80211p/DemoBaseApplLayer.o] Error 1
make[1]: *** [Makefile:274: ../out/gcc-release/src/veins/base/phyLayer/BasePhyLayer.o] Error 1
make[1]: *** [Makefile:274: ../out/gcc-release/src/veins/modules/obstacle/VehicleObstacleControl.o] Error 1
make[1]: *** [Makefile:274: ../out/gcc-release/src/veins/modules/application/traci/MyVeinsApp.o] Error 1
make[1]: *** [Makefile:274: ../out/gcc-release/src/veins/modules/application/traci/TraCIDemo11p.o] Error 1
make[1]: *** [Makefile:274: ../out/gcc-release/src/veins/modules/application/traci/TraCIDemoRSU11p.o] Error 1
make[1]: *** [Makefile:274: ../out/gcc-release/src/veins/modules/mobility/traci/TraCIScenarioManager.o] Error 1
make[1]: *** [Makefile:274: ../out/gcc-release/src/veins/modules/mac/ieee80211p/Mac1609_4.o] Error 1
make[1]: *** [Makefile:274: ../out/gcc-release/src/veins/modules/phy/PhyLayer80211p.o] Error 1
make[1]: Leaving directory '/d/Venis/workplace/workplace1/veins/src'
make: *** [Makefile:36: all] Error 2
18:17:10 **** Incremental Build of configuration gcc-release for project veins ****
make MODE=release -j16 all 
make[1]: Entering directory '/d/Venis/workplace/workplace1/veins/src'
veins/base/connectionManager/ChannelAccess.cc
veins/base/connectionManager/NicEntryDebug.cc
veins/base/connectionManager/NicEntryDirect.cc
veins/base/modules/BaseMacLayer.cc
veins/base/phyLayer/BasePhyLayer.cc
veins/modules/application/ieee80211p/DemoBaseApplLayer.cc
veins/modules/application/traci/MyVeinsApp.cc
veins/modules/application/traci/TraCIDemo11p.cc
veins/modules/application/traci/TraCIDemoRSU11p.cc
veins/modules/mac/ieee80211p/Mac1609_4.cc
veins/modules/mobility/traci/TraCIScenarioManager.cc
veins/modules/phy/PhyLayer80211p.cc
veins/modules/obstacle/VehicleObstacleControl.cc
In file included from D:/Venis/omnetpp-5.4.1-src-windows/omnetpp-5.4.1/include/omnetpp/cobject.h:26:0,
                 from D:/Venis/omnetpp-5.4.1-src-windows/omnetpp-5.4.1/include/omnetpp/cnamedobject.h:23,
                 from D:/Venis/omnetpp-5.4.1-src-windows/omnetpp-5.4.1/include/omnetpp/cownedobject.h:23,
                 from D:/Venis/omnetpp-5.4.1-src-windows/omnetpp-5.4.1/include/omnetpp/carray.h:19,
                 from D:/Venis/omnetpp-5.4.1-src-windows/omnetpp-5.4.1/include/omnetpp.h:28,
                 from ./veins/veins.h:34,
                 from ./veins/base/connectionManager/ChannelAccess.h:33,
                 from veins/base/connectionManager/ChannelAccess.cc:29:
./veins/base/connectionManager/ChannelAccess.h: In function 'omnetpp::cObject* veins::__factoryfunc_65()':
./veins/base/connectionManager/ChannelAccess.h:65:16: error: 'ErrorChannel' does not name a type; did you mean 'Define_Channel'?
 Define_Channel(ErrorChannel);
                ^
./veins/base/connectionManager/ChannelAccess.h: In function 'void* veins::__castfunc_65(omnetpp::cObject*)':
./veins/base/connectionManager/ChannelAccess.h:65:16: error: 'ErrorChannel' does not name a type; did you mean 'Define_Channel'?
 Define_Channel(ErrorChannel);
                ^
./veins/base/connectionManager/ChannelAccess.h:65:1: error: expected '>' before '*' token
 Define_Channel(ErrorChannel);
 ^
./veins/base/connectionManager/ChannelAccess.h:65:1: error: expected '(' before '*' token
./veins/base/connectionManager/ChannelAccess.h:65:1: error: expected primary-expression before '>' token
 Define_Channel(ErrorChannel);
 ^
./veins/base/connectionManager/ChannelAccess.h:65:1: error: expected ')' before ';' token
 Define_Channel(ErrorChannel);
 ^
In file included from D:/Venis/omnetpp-5.4.1-src-windows/omnetpp-5.4.1/include/omnetpp/globals.h:21:0,
                 from D:/Venis/omnetpp-5.4.1-src-windows/omnetpp-5.4.1/include/omnetpp/cobjectfactory.h:20,
                 from D:/Venis/omnetpp-5.4.1-src-windows/omnetpp-5.4.1/include/omnetpp.h:30,
                 from ./veins/veins.h:34,
                 from ./veins/base/connectionManager/ChannelAccess.h:33,
                 from veins/base/connectionManager/ChannelAccess.cc:29:
./veins/base/connectionManager/ChannelAccess.h: In function 'void veins::{anonymous}::__onstartup_func_65()':
./veins/base/connectionManager/ChannelAccess.h:65:16: error: 'ErrorChannel' was not declared in this scope
 Define_Channel(ErrorChannel);
                ^
./veins/base/connectionManager/ChannelAccess.h:65:16: note: suggested alternative: 'Define_Channel'
In file included from D:/Venis/omnetpp-5.4.1-src-windows/omnetpp-5.4.1/include/omnetpp/cobject.h:26:0,
                 from D:/Venis/omnetpp-5.4.1-src-windows/omnetpp-5.4.1/include/omnetpp/cnamedobject.h:23,
                 from D:/Venis/omnetpp-5.4.1-src-windows/omnetpp-5.4.1/include/omnetpp/cownedobject.h:23,
                 from D:/Venis/omnetpp-5.4.1-src-windows/omnetpp-5.4.1/include/omnetpp/carray.h:19,
                 from D:/Venis/omnetpp-5.4.1-src-windows/omnetpp-5.4.1/include/omnetpp.h:28,
                 from ./veins/veins.h:34,
                 from ./veins/base/connectionManager/NicEntry.h:32,
                 from ./veins/base/connectionManager/NicEntryDebug.h:30,
                 from veins/base/connectionManager/NicEntryDebug.cc:28:
./veins/base/connectionManager/ChannelAccess.h: In function 'omnetpp::cObject* veins::__factoryfunc_65()':
./veins/base/connectionManager/ChannelAccess.h:65:16: error: 'ErrorChannel' does not name a type; did you mean 'Define_Channel'?
 Define_Channel(ErrorChannel);
                ^
./veins/base/connectionManager/ChannelAccess.h: In function 'void* veins::__castfunc_65(omnetpp::cObject*)':
./veins/base/connectionManager/ChannelAccess.h:65:16: error: 'ErrorChannel' does not name a type; did you mean 'Define_Channel'?
 Define_Channel(ErrorChannel);
                ^
./veins/base/connectionManager/ChannelAccess.h:65:1: error: expected '>' before '*' token
 Define_Channel(ErrorChannel);
 ^
./veins/base/connectionManager/ChannelAccess.h:65:1: error: expected '(' before '*' token
./veins/base/connectionManager/ChannelAccess.h:65:1: error: expected primary-expression before '>' token
 Define_Channel(ErrorChannel);
 ^
./veins/base/connectionManager/ChannelAccess.h:65:1: error: expected ')' before ';' token
 Define_Channel(ErrorChannel);
 ^
In file included from D:/Venis/omnetpp-5.4.1-src-windows/omnetpp-5.4.1/include/omnetpp/globals.h:21:0,
                 from D:/Venis/omnetpp-5.4.1-src-windows/omnetpp-5.4.1/include/omnetpp/cobjectfactory.h:20,
                 from D:/Venis/omnetpp-5.4.1-src-windows/omnetpp-5.4.1/include/omnetpp.h:30,
                 from ./veins/veins.h:34,
                 from ./veins/base/connectionManager/NicEntry.h:32,
                 from ./veins/base/connectionManager/NicEntryDebug.h:30,
                 from veins/base/connectionManager/NicEntryDebug.cc:28:
./veins/base/connectionManager/ChannelAccess.h: In function 'void veins::{anonymous}::__onstartup_func_65()':
./veins/base/connectionManager/ChannelAccess.h:65:16: error: 'ErrorChannel' was not declared in this scope
 Define_Channel(ErrorChannel);
                ^
In file included from D:/Venis/omnetpp-5.4.1-src-windows/omnetpp-5.4.1/include/omnetpp/cobject.h:26:0,
                 from D:/Venis/omnetpp-5.4.1-src-windows/omnetpp-5.4.1/include/omnetpp/cnamedobject.h:23,
                 from D:/Venis/omnetpp-5.4.1-src-windows/omnetpp-5.4.1/include/omnetpp/cownedobject.h:23,
                 from D:/Venis/omnetpp-5.4.1-src-windows/omnetpp-5.4.1/include/omnetpp/carray.h:19,
                 from D:/Venis/omnetpp-5.4.1-src-windows/omnetpp-5.4.1/include/omnetpp.h:28,
                 from ./veins/veins.h:34,
                 from ./veins/base/modules/BaseMacLayer.h:30,
                 from veins/base/modules/BaseMacLayer.cc:28:
./veins/base/connectionManager/ChannelAccess.h: In function 'omnetpp::cObject* veins::__factoryfunc_65()':
./veins/base/connectionManager/ChannelAccess.h:65:16: error: 'ErrorChannel' does not name a type; did you mean 'Define_Channel'?
 Define_Channel(ErrorChannel);
                ^
./veins/base/connectionManager/ChannelAccess.h:65:16: note: suggested alternative: 'Define_Channel'
./veins/base/connectionManager/ChannelAccess.h: In function 'void* veins::__castfunc_65(omnetpp::cObject*)':
./veins/base/connectionManager/ChannelAccess.h:65:16: error: 'ErrorChannel' does not name a type; did you mean 'Define_Channel'?
 Define_Channel(ErrorChannel);
                ^
./veins/base/connectionManager/ChannelAccess.h:65:1: error: expected '>' before '*' token
 Define_Channel(ErrorChannel);
 ^
./veins/base/connectionManager/ChannelAccess.h:65:1: error: expected '(' before '*' token
./veins/base/connectionManager/ChannelAccess.h:65:1: error: expected primary-expression before '>' token
 Define_Channel(ErrorChannel);
 ^
./veins/base/connectionManager/ChannelAccess.h:65:1: error: expected ')' before ';' token
 Define_Channel(ErrorChannel);
 ^
In file included from D:/Venis/omnetpp-5.4.1-src-windows/omnetpp-5.4.1/include/omnetpp/globals.h:21:0,
                 from D:/Venis/omnetpp-5.4.1-src-windows/omnetpp-5.4.1/include/omnetpp/cobjectfactory.h:20,
                 from D:/Venis/omnetpp-5.4.1-src-windows/omnetpp-5.4.1/include/omnetpp.h:30,
                 from ./veins/veins.h:34,
                 from ./veins/base/modules/BaseMacLayer.h:30,
                 from veins/base/modules/BaseMacLayer.cc:28:
./veins/base/connectionManager/ChannelAccess.h: In function 'void veins::{anonymous}::__onstartup_func_65()':
./veins/base/connectionManager/ChannelAccess.h:65:16: error: 'ErrorChannel' was not declared in this scope
 Define_Channel(ErrorChannel);
                ^
./veins/base/connectionManager/ChannelAccess.h:65:16: note: suggested alternative: 'Define_Channel'
In file included from D:/Venis/omnetpp-5.4.1-src-windows/omnetpp-5.4.1/include/omnetpp/cobject.h:26:0,
                 from D:/Venis/omnetpp-5.4.1-src-windows/omnetpp-5.4.1/include/omnetpp/cnamedobject.h:23,
                 from D:/Venis/omnetpp-5.4.1-src-windows/omnetpp-5.4.1/include/omnetpp/cownedobject.h:23,
                 from D:/Venis/omnetpp-5.4.1-src-windows/omnetpp-5.4.1/include/omnetpp/carray.h:19,
                 from D:/Venis/omnetpp-5.4.1-src-windows/omnetpp-5.4.1/include/omnetpp.h:28,
                 from ./veins/veins.h:34,
                 from ./veins/base/connectionManager/NicEntry.h:32,
                 from ./veins/base/connectionManager/NicEntryDirect.h:30,
                 from veins/base/connectionManager/NicEntryDirect.cc:28:
./veins/base/connectionManager/ChannelAccess.h: In function 'omnetpp::cObject* veins::__factoryfunc_65()':
./veins/base/connectionManager/ChannelAccess.h:65:16: error: 'ErrorChannel' does not name a type; did you mean 'Define_Channel'?
 Define_Channel(ErrorChannel);
                ^
./veins/base/connectionManager/ChannelAccess.h: In function 'void* veins::__castfunc_65(omnetpp::cObject*)':
./veins/base/connectionManager/ChannelAccess.h:65:16: error: 'ErrorChannel' does not name a type; did you mean 'Define_Channel'?
 Define_Channel(ErrorChannel);
                ^
./veins/base/connectionManager/ChannelAccess.h:65:1: error: expected '>' before '*' token
 Define_Channel(ErrorChannel);
 ^
./veins/base/connectionManager/ChannelAccess.h:65:1: error: expected '(' before '*' token
./veins/base/connectionManager/ChannelAccess.h:65:1: error: expected primary-expression before '>' token
 Define_Channel(ErrorChannel);
 ^
./veins/base/connectionManager/ChannelAccess.h:65:1: error: expected ')' before ';' token
 Define_Channel(ErrorChannel);
 ^
In file included from D:/Venis/omnetpp-5.4.1-src-windows/omnetpp-5.4.1/include/omnetpp/globals.h:21:0,
                 from D:/Venis/omnetpp-5.4.1-src-windows/omnetpp-5.4.1/include/omnetpp/cobjectfactory.h:20,
                 from D:/Venis/omnetpp-5.4.1-src-windows/omnetpp-5.4.1/include/omnetpp.h:30,
                 from ./veins/veins.h:34,
                 from ./veins/base/connectionManager/NicEntry.h:32,
                 from ./veins/base/connectionManager/NicEntryDirect.h:30,
                 from veins/base/connectionManager/NicEntryDirect.cc:28:
./veins/base/connectionManager/ChannelAccess.h: In function 'void veins::{anonymous}::__onstartup_func_65()':
./veins/base/connectionManager/ChannelAccess.h:65:16: error: 'ErrorChannel' was not declared in this scope
 Define_Channel(ErrorChannel);
                ^
In file included from D:/Venis/omnetpp-5.4.1-src-windows/omnetpp-5.4.1/include/omnetpp/cobject.h:26:0,
                 from D:/Venis/omnetpp-5.4.1-src-windows/omnetpp-5.4.1/include/omnetpp/cnamedobject.h:23,
                 from D:/Venis/omnetpp-5.4.1-src-windows/omnetpp-5.4.1/include/omnetpp/cownedobject.h:23,
                 from D:/Venis/omnetpp-5.4.1-src-windows/omnetpp-5.4.1/include/omnetpp/carray.h:19,
                 from D:/Venis/omnetpp-5.4.1-src-windows/omnetpp-5.4.1/include/omnetpp.h:28,
                 from ./veins/veins.h:34,
                 from ./veins/base/phyLayer/BasePhyLayer.h:32,
                 from veins/base/phyLayer/BasePhyLayer.cc:25:
./veins/base/connectionManager/ChannelAccess.h: In function 'omnetpp::cObject* veins::__factoryfunc_65()':
./veins/base/connectionManager/ChannelAccess.h:65:16: error: 'ErrorChannel' does not name a type; did you mean 'Define_Channel'?
 Define_Channel(ErrorChannel);
                ^
./veins/base/connectionManager/ChannelAccess.h:65:16: note: suggested alternative: 'Define_Channel'
./veins/base/connectionManager/ChannelAccess.h: In function 'void* veins::__castfunc_65(omnetpp::cObject*)':
./veins/base/connectionManager/ChannelAccess.h:65:16: error: 'ErrorChannel' does not name a type; did you mean 'Define_Channel'?
 Define_Channel(ErrorChannel);
                ^
./veins/base/connectionManager/ChannelAccess.h:65:1: error: expected '>' before '*' token
 Define_Channel(ErrorChannel);
 ^
./veins/base/connectionManager/ChannelAccess.h:65:1: error: expected '(' before '*' token
./veins/base/connectionManager/ChannelAccess.h:65:1: error: expected primary-expression before '>' token
 Define_Channel(ErrorChannel);
 ^
./veins/base/connectionManager/ChannelAccess.h:65:1: error: expected ')' before ';' token
 Define_Channel(ErrorChannel);
 ^
In file included from D:/Venis/omnetpp-5.4.1-src-windows/omnetpp-5.4.1/include/omnetpp/globals.h:21:0,
                 from D:/Venis/omnetpp-5.4.1-src-windows/omnetpp-5.4.1/include/omnetpp/cobjectfactory.h:20,
                 from D:/Venis/omnetpp-5.4.1-src-windows/omnetpp-5.4.1/include/omnetpp.h:30,
                 from ./veins/veins.h:34,
                 from ./veins/base/phyLayer/BasePhyLayer.h:32,
                 from veins/base/phyLayer/BasePhyLayer.cc:25:
./veins/base/connectionManager/ChannelAccess.h: In function 'void veins::{anonymous}::__onstartup_func_65()':
./veins/base/connectionManager/ChannelAccess.h:65:16: error: 'ErrorChannel' was not declared in this scope
 Define_Channel(ErrorChannel);
                ^
In file included from D:/Venis/omnetpp-5.4.1-src-windows/omnetpp-5.4.1/include/omnetpp/cobject.h:26:0,
                 from D:/Venis/omnetpp-5.4.1-src-windows/omnetpp-5.4.1/include/omnetpp/cnamedobject.h:23,
                 from D:/Venis/omnetpp-5.4.1-src-windows/omnetpp-5.4.1/include/omnetpp/cownedobject.h:23,
                 from D:/Venis/omnetpp-5.4.1-src-windows/omnetpp-5.4.1/include/omnetpp/carray.h:19,
                 from D:/Venis/omnetpp-5.4.1-src-windows/omnetpp-5.4.1/include/omnetpp.h:28,
                 from ./veins/veins.h:34,
                 from ./veins/base/modules/BaseApplLayer.h:30,
                 from ./veins/modules/application/ieee80211p/DemoBaseApplLayer.h:27,
                 from veins/modules/application/ieee80211p/DemoBaseApplLayer.cc:23:
./veins/base/connectionManager/ChannelAccess.h: In function 'omnetpp::cObject* veins::__factoryfunc_65()':
./veins/base/connectionManager/ChannelAccess.h:65:16: error: 'ErrorChannel' does not name a type; did you mean 'Channel'?
 Define_Channel(ErrorChannel);
                ^
./veins/base/connectionManager/ChannelAccess.h: In function 'void* veins::__castfunc_65(omnetpp::cObject*)':
./veins/base/connectionManager/ChannelAccess.h:65:16: error: 'ErrorChannel' does not name a type; did you mean 'Channel'?
 Define_Channel(ErrorChannel);
                ^
./veins/base/connectionManager/ChannelAccess.h:65:1: error: expected '>' before '*' token
 Define_Channel(ErrorChannel);
 ^
./veins/base/connectionManager/ChannelAccess.h:65:1: error: expected '(' before '*' token
./veins/base/connectionManager/ChannelAccess.h:65:1: error: expected primary-expression before '>' token
 Define_Channel(ErrorChannel);
 ^
./veins/base/connectionManager/ChannelAccess.h:65:1: error: expected ')' before ';' token
 Define_Channel(ErrorChannel);
 ^
In file included from D:/Venis/omnetpp-5.4.1-src-windows/omnetpp-5.4.1/include/omnetpp/globals.h:21:0,
                 from D:/Venis/omnetpp-5.4.1-src-windows/omnetpp-5.4.1/include/omnetpp/cobjectfactory.h:20,
                 from D:/Venis/omnetpp-5.4.1-src-windows/omnetpp-5.4.1/include/omnetpp.h:30,
                 from ./veins/veins.h:34,
                 from ./veins/base/modules/BaseApplLayer.h:30,
                 from ./veins/modules/application/ieee80211p/DemoBaseApplLayer.h:27,
                 from veins/modules/application/ieee80211p/DemoBaseApplLayer.cc:23:
./veins/base/connectionManager/ChannelAccess.h: In function 'void veins::{anonymous}::__onstartup_func_65()':
./veins/base/connectionManager/ChannelAccess.h:65:16: error: 'ErrorChannel' was not declared in this scope
 Define_Channel(ErrorChannel);
                ^
./veins/base/connectionManager/ChannelAccess.h:65:16: note: suggested alternative: 'Define_Channel'
./veins/base/connectionManager/ChannelAccess.h:65:16: note: suggested alternative: 'Channel'
make[1]: *** [Makefile:274: ../out/gcc-release/src/veins/base/connectionManager/ChannelAccess.o] Error 1
make[1]: *** Waiting for unfinished jobs....
In file included from D:/Venis/omnetpp-5.4.1-src-windows/omnetpp-5.4.1/include/omnetpp/cobject.h:26:0,
                 from D:/Venis/omnetpp-5.4.1-src-windows/omnetpp-5.4.1/include/omnetpp/cnamedobject.h:23,
                 from D:/Venis/omnetpp-5.4.1-src-windows/omnetpp-5.4.1/include/omnetpp/cownedobject.h:23,
                 from D:/Venis/omnetpp-5.4.1-src-windows/omnetpp-5.4.1/include/omnetpp/carray.h:19,
                 from D:/Venis/omnetpp-5.4.1-src-windows/omnetpp-5.4.1/include/omnetpp.h:28,
                 from ./veins/veins.h:34,
                 from ./veins/base/modules/BaseApplLayer.h:30,
                 from ./veins/modules/application/ieee80211p/DemoBaseApplLayer.h:27,
                 from ./veins/modules/application/traci/TraCIDemoRSU11p.h:26,
                 from veins/modules/application/traci/TraCIDemoRSU11p.cc:24:
./veins/base/connectionManager/ChannelAccess.h: In function 'omnetpp::cObject* veins::__factoryfunc_65()':
./veins/base/connectionManager/ChannelAccess.h:65:16: error: 'ErrorChannel' does not name a type; did you mean 'Channel'?
 Define_Channel(ErrorChannel);
                ^
In file included from D:/Venis/omnetpp-5.4.1-src-windows/omnetpp-5.4.1/include/omnetpp/cobject.h:26:0,
                 from D:/Venis/omnetpp-5.4.1-src-windows/omnetpp-5.4.1/include/omnetpp/cnamedobject.h:23,
                 from D:/Venis/omnetpp-5.4.1-src-windows/omnetpp-5.4.1/include/omnetpp/cownedobject.h:23,
                 from D:/Venis/omnetpp-5.4.1-src-windows/omnetpp-5.4.1/include/omnetpp/carray.h:19,
                 from D:/Venis/omnetpp-5.4.1-src-windows/omnetpp-5.4.1/include/omnetpp.h:28,
                 from ./veins/veins.h:34,
                 from ./veins/base/modules/BaseApplLayer.h:30,
                 from ./veins/modules/application/ieee80211p/DemoBaseApplLayer.h:27,
                 from ./veins/modules/application/traci/TraCIDemo11p.h:26,
                 from veins/modules/application/traci/TraCIDemo11p.cc:24:
./veins/base/connectionManager/ChannelAccess.h: In function 'omnetpp::cObject* veins::__factoryfunc_65()':
./veins/base/connectionManager/ChannelAccess.h:65:16: error: 'ErrorChannel' does not name a type; did you mean 'Channel'?
 Define_Channel(ErrorChannel);
                ^
make[1]: *** [Makefile:274: ../out/gcc-release/src/veins/base/modules/BaseMacLayer.o] Error 1
./veins/base/connectionManager/ChannelAccess.h: In function 'void* veins::__castfunc_65(omnetpp::cObject*)':
./veins/base/connectionManager/ChannelAccess.h:65:16: error: 'ErrorChannel' does not name a type; did you mean 'Channel'?
 Define_Channel(ErrorChannel);
                ^
./veins/base/connectionManager/ChannelAccess.h:65:1: error: expected '>' before '*' token
 Define_Channel(ErrorChannel);
 ^
./veins/base/connectionManager/ChannelAccess.h:65:1: error: expected '(' before '*' token
./veins/base/connectionManager/ChannelAccess.h:65:1: error: expected primary-expression before '>' token
 Define_Channel(ErrorChannel);
 ^
./veins/base/connectionManager/ChannelAccess.h:65:1: error: expected ')' before ';' token
 Define_Channel(ErrorChannel);
 ^
In file included from D:/Venis/omnetpp-5.4.1-src-windows/omnetpp-5.4.1/include/omnetpp/globals.h:21:0,
                 from D:/Venis/omnetpp-5.4.1-src-windows/omnetpp-5.4.1/include/omnetpp/cobjectfactory.h:20,
                 from D:/Venis/omnetpp-5.4.1-src-windows/omnetpp-5.4.1/include/omnetpp.h:30,
                 from ./veins/veins.h:34,
                 from ./veins/base/modules/BaseApplLayer.h:30,
                 from ./veins/modules/application/ieee80211p/DemoBaseApplLayer.h:27,
                 from ./veins/modules/application/traci/TraCIDemo11p.h:26,
                 from veins/modules/application/traci/TraCIDemo11p.cc:24:
./veins/base/connectionManager/ChannelAccess.h: In function 'void veins::{anonymous}::__onstartup_func_65()':
./veins/base/connectionManager/ChannelAccess.h:65:16: error: 'ErrorChannel' was not declared in this scope
 Define_Channel(ErrorChannel);
                ^
./veins/base/connectionManager/ChannelAccess.h: In function 'void* veins::__castfunc_65(omnetpp::cObject*)':
./veins/base/connectionManager/ChannelAccess.h:65:16: error: 'ErrorChannel' does not name a type; did you mean 'Channel'?
 Define_Channel(ErrorChannel);
                ^
./veins/base/connectionManager/ChannelAccess.h:65:1: error: expected '>' before '*' token
 Define_Channel(ErrorChannel);
 ^
./veins/base/connectionManager/ChannelAccess.h:65:1: error: expected '(' before '*' token
./veins/base/connectionManager/ChannelAccess.h:65:1: error: expected primary-expression before '>' token
 Define_Channel(ErrorChannel);
 ^
./veins/base/connectionManager/ChannelAccess.h:65:1: error: expected ')' before ';' token
 Define_Channel(ErrorChannel);
 ^
In file included from D:/Venis/omnetpp-5.4.1-src-windows/omnetpp-5.4.1/include/omnetpp/globals.h:21:0,
                 from D:/Venis/omnetpp-5.4.1-src-windows/omnetpp-5.4.1/include/omnetpp/cobjectfactory.h:20,
                 from D:/Venis/omnetpp-5.4.1-src-windows/omnetpp-5.4.1/include/omnetpp.h:30,
                 from ./veins/veins.h:34,
                 from ./veins/base/modules/BaseApplLayer.h:30,
                 from ./veins/modules/application/ieee80211p/DemoBaseApplLayer.h:27,
                 from ./veins/modules/application/traci/TraCIDemoRSU11p.h:26,
                 from veins/modules/application/traci/TraCIDemoRSU11p.cc:24:
./veins/base/connectionManager/ChannelAccess.h: In function 'void veins::{anonymous}::__onstartup_func_65()':
./veins/base/connectionManager/ChannelAccess.h:65:16: error: 'ErrorChannel' was not declared in this scope
 Define_Channel(ErrorChannel);
                ^
In file included from D:/Venis/omnetpp-5.4.1-src-windows/omnetpp-5.4.1/include/omnetpp/cobject.h:26:0,
                 from D:/Venis/omnetpp-5.4.1-src-windows/omnetpp-5.4.1/include/omnetpp/cnamedobject.h:23,
                 from D:/Venis/omnetpp-5.4.1-src-windows/omnetpp-5.4.1/include/omnetpp/cownedobject.h:23,
                 from D:/Venis/omnetpp-5.4.1-src-windows/omnetpp-5.4.1/include/omnetpp/carray.h:19,
                 from D:/Venis/omnetpp-5.4.1-src-windows/omnetpp-5.4.1/include/omnetpp.h:28,
                 from ./veins/veins.h:34,
                 from ./veins/modules/application/traci/MyVeinsApp.h:25,
                 from veins/modules/application/traci/MyVeinsApp.cc:23:
./veins/base/connectionManager/ChannelAccess.h: In function 'omnetpp::cObject* veins::__factoryfunc_65()':
./veins/base/connectionManager/ChannelAccess.h:65:16: error: 'ErrorChannel' does not name a type; did you mean 'Channel'?
 Define_Channel(ErrorChannel);
                ^
./veins/base/connectionManager/ChannelAccess.h:65:16: note: suggested alternative: 'Channel'
./veins/base/connectionManager/ChannelAccess.h:65:16: note: suggested alternative: 'Channel'
./veins/base/connectionManager/ChannelAccess.h: In function 'void* veins::__castfunc_65(omnetpp::cObject*)':
./veins/base/connectionManager/ChannelAccess.h:65:16: error: 'ErrorChannel' does not name a type; did you mean 'Channel'?
 Define_Channel(ErrorChannel);
                ^
./veins/base/connectionManager/ChannelAccess.h:65:1: error: expected '>' before '*' token
 Define_Channel(ErrorChannel);
 ^
./veins/base/connectionManager/ChannelAccess.h:65:1: error: expected '(' before '*' token
./veins/base/connectionManager/ChannelAccess.h:65:1: error: expected primary-expression before '>' token
 Define_Channel(ErrorChannel);
 ^
./veins/base/connectionManager/ChannelAccess.h:65:1: error: expected ')' before ';' token
 Define_Channel(ErrorChannel);
 ^
In file included from D:/Venis/omnetpp-5.4.1-src-windows/omnetpp-5.4.1/include/omnetpp/globals.h:21:0,
                 from D:/Venis/omnetpp-5.4.1-src-windows/omnetpp-5.4.1/include/omnetpp/cobjectfactory.h:20,
                 from D:/Venis/omnetpp-5.4.1-src-windows/omnetpp-5.4.1/include/omnetpp.h:30,
                 from ./veins/veins.h:34,
                 from ./veins/modules/application/traci/MyVeinsApp.h:25,
                 from veins/modules/application/traci/MyVeinsApp.cc:23:
./veins/base/connectionManager/ChannelAccess.h: In function 'void veins::{anonymous}::__onstartup_func_65()':
./veins/base/connectionManager/ChannelAccess.h:65:16: error: 'ErrorChannel' was not declared in this scope
 Define_Channel(ErrorChannel);
                ^
./veins/base/connectionManager/ChannelAccess.h:65:16: note: suggested alternative: 'Channel'
make[1]: *** [Makefile:274: ../out/gcc-release/src/veins/base/connectionManager/NicEntryDebug.o] Error 1
make[1]: *** [Makefile:274: ../out/gcc-release/src/veins/base/connectionManager/NicEntryDirect.o] Error 1
In file included from D:/Venis/omnetpp-5.4.1-src-windows/omnetpp-5.4.1/include/omnetpp/cobject.h:26:0,
                 from D:/Venis/omnetpp-5.4.1-src-windows/omnetpp-5.4.1/include/omnetpp/cnamedobject.h:23,
                 from D:/Venis/omnetpp-5.4.1-src-windows/omnetpp-5.4.1/include/omnetpp/cownedobject.h:23,
                 from D:/Venis/omnetpp-5.4.1-src-windows/omnetpp-5.4.1/include/omnetpp/carray.h:19,
                 from D:/Venis/omnetpp-5.4.1-src-windows/omnetpp-5.4.1/include/omnetpp.h:28,
                 from ./veins/veins.h:34,
                 from ./veins/modules/mac/ieee80211p/Mac1609_4.h:29,
                 from veins/modules/mac/ieee80211p/Mac1609_4.cc:24:
./veins/base/connectionManager/ChannelAccess.h: In function 'omnetpp::cObject* veins::__factoryfunc_65()':
./veins/base/connectionManager/ChannelAccess.h:65:16: error: 'ErrorChannel' does not name a type; did you mean 'Define_Channel'?
 Define_Channel(ErrorChannel);
                ^
./veins/base/connectionManager/ChannelAccess.h: In function 'void* veins::__castfunc_65(omnetpp::cObject*)':
./veins/base/connectionManager/ChannelAccess.h:65:16: error: 'ErrorChannel' does not name a type; did you mean 'Define_Channel'?
 Define_Channel(ErrorChannel);
                ^
./veins/base/connectionManager/ChannelAccess.h:65:1: error: expected '>' before '*' token
 Define_Channel(ErrorChannel);
 ^
./veins/base/connectionManager/ChannelAccess.h:65:1: error: expected '(' before '*' token
./veins/base/connectionManager/ChannelAccess.h:65:1: error: expected primary-expression before '>' token
 Define_Channel(ErrorChannel);
 ^
./veins/base/connectionManager/ChannelAccess.h:65:1: error: expected ')' before ';' token
 Define_Channel(ErrorChannel);
 ^
In file included from D:/Venis/omnetpp-5.4.1-src-windows/omnetpp-5.4.1/include/omnetpp/globals.h:21:0,
                 from D:/Venis/omnetpp-5.4.1-src-windows/omnetpp-5.4.1/include/omnetpp/cobjectfactory.h:20,
                 from D:/Venis/omnetpp-5.4.1-src-windows/omnetpp-5.4.1/include/omnetpp.h:30,
                 from ./veins/veins.h:34,
                 from ./veins/modules/mac/ieee80211p/Mac1609_4.h:29,
                 from veins/modules/mac/ieee80211p/Mac1609_4.cc:24:
./veins/base/connectionManager/ChannelAccess.h: In function 'void veins::{anonymous}::__onstartup_func_65()':
./veins/base/connectionManager/ChannelAccess.h:65:16: error: 'ErrorChannel' was not declared in this scope
 Define_Channel(ErrorChannel);
                ^
In file included from D:/Venis/omnetpp-5.4.1-src-windows/omnetpp-5.4.1/include/omnetpp/cobject.h:26:0,
                 from D:/Venis/omnetpp-5.4.1-src-windows/omnetpp-5.4.1/include/omnetpp/cnamedobject.h:23,
                 from D:/Venis/omnetpp-5.4.1-src-windows/omnetpp-5.4.1/include/omnetpp/cownedobject.h:23,
                 from D:/Venis/omnetpp-5.4.1-src-windows/omnetpp-5.4.1/include/omnetpp/carray.h:19,
                 from D:/Venis/omnetpp-5.4.1-src-windows/omnetpp-5.4.1/include/omnetpp.h:28,
                 from ./veins/veins.h:34,
                 from ./veins/base/phyLayer/BasePhyLayer.h:32,
                 from ./veins/modules/phy/PhyLayer80211p.h:25,
                 from veins/modules/phy/PhyLayer80211p.cc:28:
./veins/base/connectionManager/ChannelAccess.h: In function 'omnetpp::cObject* veins::__factoryfunc_65()':
./veins/base/connectionManager/ChannelAccess.h:65:16: error: 'ErrorChannel' does not name a type; did you mean 'Define_Channel'?
 Define_Channel(ErrorChannel);
                ^
./veins/base/connectionManager/ChannelAccess.h:65:16: note: suggested alternative: 'Define_Channel'
./veins/base/connectionManager/ChannelAccess.h: In function 'void* veins::__castfunc_65(omnetpp::cObject*)':
./veins/base/connectionManager/ChannelAccess.h:65:16: error: 'ErrorChannel' does not name a type; did you mean 'Define_Channel'?
 Define_Channel(ErrorChannel);
                ^
./veins/base/connectionManager/ChannelAccess.h:65:1: error: expected '>' before '*' token
 Define_Channel(ErrorChannel);
 ^
./veins/base/connectionManager/ChannelAccess.h:65:1: error: expected '(' before '*' token
./veins/base/connectionManager/ChannelAccess.h:65:1: error: expected primary-expression before '>' token
 Define_Channel(ErrorChannel);
 ^
./veins/base/connectionManager/ChannelAccess.h:65:1: error: expected ')' before ';' token
 Define_Channel(ErrorChannel);
 ^
In file included from D:/Venis/omnetpp-5.4.1-src-windows/omnetpp-5.4.1/include/omnetpp/globals.h:21:0,
                 from D:/Venis/omnetpp-5.4.1-src-windows/omnetpp-5.4.1/include/omnetpp/cobjectfactory.h:20,
                 from D:/Venis/omnetpp-5.4.1-src-windows/omnetpp-5.4.1/include/omnetpp.h:30,
                 from ./veins/veins.h:34,
                 from ./veins/base/phyLayer/BasePhyLayer.h:32,
                 from ./veins/modules/phy/PhyLayer80211p.h:25,
                 from veins/modules/phy/PhyLayer80211p.cc:28:
./veins/base/connectionManager/ChannelAccess.h: In function 'void veins::{anonymous}::__onstartup_func_65()':
./veins/base/connectionManager/ChannelAccess.h:65:16: error: 'ErrorChannel' was not declared in this scope
 Define_Channel(ErrorChannel);
                ^
In file included from D:/Venis/omnetpp-5.4.1-src-windows/omnetpp-5.4.1/include/omnetpp/cobject.h:26:0,
                 from D:/Venis/omnetpp-5.4.1-src-windows/omnetpp-5.4.1/include/omnetpp/cnamedobject.h:23,
                 from D:/Venis/omnetpp-5.4.1-src-windows/omnetpp-5.4.1/include/omnetpp/cownedobject.h:23,
                 from D:/Venis/omnetpp-5.4.1-src-windows/omnetpp-5.4.1/include/omnetpp/carray.h:19,
                 from D:/Venis/omnetpp-5.4.1-src-windows/omnetpp-5.4.1/include/omnetpp.h:28,
                 from ./veins/veins.h:34,
                 from ./veins/modules/obstacle/VehicleObstacleControl.h:27,
                 from veins/modules/obstacle/VehicleObstacleControl.cc:30:
./veins/base/connectionManager/ChannelAccess.h: In function 'omnetpp::cObject* veins::__factoryfunc_65()':
./veins/base/connectionManager/ChannelAccess.h:65:16: error: 'ErrorChannel' does not name a type; did you mean 'Define_Channel'?
 Define_Channel(ErrorChannel);
                ^
./veins/base/connectionManager/ChannelAccess.h:65:16: note: suggested alternative: 'Define_Channel'
./veins/base/connectionManager/ChannelAccess.h: In function 'void* veins::__castfunc_65(omnetpp::cObject*)':
./veins/base/connectionManager/ChannelAccess.h:65:16: error: 'ErrorChannel' does not name a type; did you mean 'Define_Channel'?
 Define_Channel(ErrorChannel);
                ^
./veins/base/connectionManager/ChannelAccess.h:65:1: error: expected '>' before '*' token
 Define_Channel(ErrorChannel);
 ^
./veins/base/connectionManager/ChannelAccess.h:65:1: error: expected '(' before '*' token
./veins/base/connectionManager/ChannelAccess.h:65:1: error: expected primary-expression before '>' token
 Define_Channel(ErrorChannel);
 ^
./veins/base/connectionManager/ChannelAccess.h:65:1: error: expected ')' before ';' token
 Define_Channel(ErrorChannel);
 ^
In file included from D:/Venis/omnetpp-5.4.1-src-windows/omnetpp-5.4.1/include/omnetpp/globals.h:21:0,
                 from D:/Venis/omnetpp-5.4.1-src-windows/omnetpp-5.4.1/include/omnetpp/cobjectfactory.h:20,
                 from D:/Venis/omnetpp-5.4.1-src-windows/omnetpp-5.4.1/include/omnetpp.h:30,
                 from ./veins/veins.h:34,
                 from ./veins/modules/obstacle/VehicleObstacleControl.h:27,
                 from veins/modules/obstacle/VehicleObstacleControl.cc:30:
./veins/base/connectionManager/ChannelAccess.h: In function 'void veins::{anonymous}::__onstartup_func_65()':
./veins/base/connectionManager/ChannelAccess.h:65:16: error: 'ErrorChannel' was not declared in this scope
 Define_Channel(ErrorChannel);
                ^
./veins/base/connectionManager/ChannelAccess.h:65:16: note: suggested alternative: 'Define_Channel'
In file included from D:/Venis/omnetpp-5.4.1-src-windows/omnetpp-5.4.1/include/omnetpp/cobject.h:26:0,
                 from D:/Venis/omnetpp-5.4.1-src-windows/omnetpp-5.4.1/include/omnetpp/cnamedobject.h:23,
                 from D:/Venis/omnetpp-5.4.1-src-windows/omnetpp-5.4.1/include/omnetpp/cownedobject.h:23,
                 from D:/Venis/omnetpp-5.4.1-src-windows/omnetpp-5.4.1/include/omnetpp/carray.h:19,
                 from D:/Venis/omnetpp-5.4.1-src-windows/omnetpp-5.4.1/include/omnetpp.h:28,
                 from ./veins/veins.h:34,
                 from ./veins/modules/mobility/traci/TraCIScenarioManager.h:30,
                 from veins/modules/mobility/traci/TraCIScenarioManager.cc:30:
./veins/base/connectionManager/ChannelAccess.h: In function 'omnetpp::cObject* veins::__factoryfunc_65()':
./veins/base/connectionManager/ChannelAccess.h:65:16: error: 'ErrorChannel' does not name a type; did you mean 'Define_Channel'?
 Define_Channel(ErrorChannel);
                ^
make[1]: *** [Makefile:274: ../out/gcc-release/src/veins/modules/application/ieee80211p/DemoBaseApplLayer.o] Error 1
./veins/base/connectionManager/ChannelAccess.h: In function 'void* veins::__castfunc_65(omnetpp::cObject*)':
./veins/base/connectionManager/ChannelAccess.h:65:16: error: 'ErrorChannel' does not name a type; did you mean 'Define_Channel'?
 Define_Channel(ErrorChannel);
                ^
./veins/base/connectionManager/ChannelAccess.h:65:1: error: expected '>' before '*' token
 Define_Channel(ErrorChannel);
 ^
./veins/base/connectionManager/ChannelAccess.h:65:1: error: expected '(' before '*' token
./veins/base/connectionManager/ChannelAccess.h:65:1: error: expected primary-expression before '>' token
 Define_Channel(ErrorChannel);
 ^
./veins/base/connectionManager/ChannelAccess.h:65:1: error: expected ')' before ';' token
 Define_Channel(ErrorChannel);
 ^
In file included from D:/Venis/omnetpp-5.4.1-src-windows/omnetpp-5.4.1/include/omnetpp/globals.h:21:0,
                 from D:/Venis/omnetpp-5.4.1-src-windows/omnetpp-5.4.1/include/omnetpp/cobjectfactory.h:20,
                 from D:/Venis/omnetpp-5.4.1-src-windows/omnetpp-5.4.1/include/omnetpp.h:30,
                 from ./veins/veins.h:34,
                 from ./veins/modules/mobility/traci/TraCIScenarioManager.h:30,
                 from veins/modules/mobility/traci/TraCIScenarioManager.cc:30:
./veins/base/connectionManager/ChannelAccess.h: In function 'void veins::{anonymous}::__onstartup_func_65()':
./veins/base/connectionManager/ChannelAccess.h:65:16: error: 'ErrorChannel' was not declared in this scope
 Define_Channel(ErrorChannel);
                ^
./veins/base/connectionManager/ChannelAccess.h:65:16: note: suggested alternative: 'Define_Channel'
make[1]: *** [Makefile:274: ../out/gcc-release/src/veins/base/phyLayer/BasePhyLayer.o] Error 1
make[1]: *** [Makefile:274: ../out/gcc-release/src/veins/modules/obstacle/VehicleObstacleControl.o] Error 1
make[1]: *** [Makefile:274: ../out/gcc-release/src/veins/modules/application/traci/TraCIDemo11p.o] Error 1
make[1]: *** [Makefile:274: ../out/gcc-release/src/veins/modules/application/traci/TraCIDemoRSU11p.o] Error 1
make[1]: *** [Makefile:274: ../out/gcc-release/src/veins/modules/application/traci/MyVeinsApp.o] Error 1
make[1]: *** [Makefile:274: ../out/gcc-release/src/veins/modules/mac/ieee80211p/Mac1609_4.o] Error 1
make[1]: *** [Makefile:274: ../out/gcc-release/src/veins/modules/mobility/traci/TraCIScenarioManager.o] Error 1
make[1]: *** [Makefile:274: ../out/gcc-release/src/veins/modules/phy/PhyLayer80211p.o] Error 1
make[1]: Leaving directory '/d/Venis/workplace/workplace1/veins/src'
make: *** [Makefile:36: all] Error 2
18:17:45 **** Incremental Build of configuration gcc-release for project veins ****
make MODE=release -j16 all 
make[1]: Entering directory '/d/Venis/workplace/workplace1/veins/src'
veins/base/connectionManager/ChannelAccess.cc
veins/base/connectionManager/NicEntryDebug.cc
veins/base/connectionManager/NicEntryDirect.cc
veins/base/modules/BaseMacLayer.cc
veins/base/phyLayer/BasePhyLayer.cc
veins/modules/application/ieee80211p/DemoBaseApplLayer.cc
veins/modules/application/traci/MyVeinsApp.cc
veins/modules/application/traci/TraCIDemo11p.cc
veins/modules/mac/ieee80211p/Mac1609_4.cc
veins/modules/application/traci/TraCIDemoRSU11p.cc
veins/modules/mobility/traci/TraCIScenarioManager.cc
veins/modules/obstacle/VehicleObstacleControl.cc
veins/modules/phy/PhyLayer80211p.cc
In file included from D:/Venis/omnetpp-5.4.1-src-windows/omnetpp-5.4.1/include/omnetpp/cobject.h:26:0,
                 from D:/Venis/omnetpp-5.4.1-src-windows/omnetpp-5.4.1/include/omnetpp/cnamedobject.h:23,
                 from D:/Venis/omnetpp-5.4.1-src-windows/omnetpp-5.4.1/include/omnetpp/cownedobject.h:23,
                 from D:/Venis/omnetpp-5.4.1-src-windows/omnetpp-5.4.1/include/omnetpp/carray.h:19,
                 from D:/Venis/omnetpp-5.4.1-src-windows/omnetpp-5.4.1/include/omnetpp.h:28,
                 from ./veins/veins.h:34,
                 from ./veins/base/connectionManager/ChannelAccess.h:33,
                 from veins/base/connectionManager/ChannelAccess.cc:29:
./veins/base/connectionManager/ChannelAccess.h: In function 'omnetpp::cObject* veins::__factoryfunc_65()':
./veins/base/connectionManager/ChannelAccess.h:65:16: error: 'ErrorChannel' does not name a type; did you mean 'Define_Channel'?
 Define_Channel(ErrorChannel);
                ^
./veins/base/connectionManager/ChannelAccess.h: In function 'void* veins::__castfunc_65(omnetpp::cObject*)':
./veins/base/connectionManager/ChannelAccess.h:65:16: error: 'ErrorChannel' does not name a type; did you mean 'Define_Channel'?
 Define_Channel(ErrorChannel);
                ^
./veins/base/connectionManager/ChannelAccess.h:65:1: error: expected '>' before '*' token
 Define_Channel(ErrorChannel);
 ^
./veins/base/connectionManager/ChannelAccess.h:65:1: error: expected '(' before '*' token
./veins/base/connectionManager/ChannelAccess.h:65:1: error: expected primary-expression before '>' token
 Define_Channel(ErrorChannel);
 ^
./veins/base/connectionManager/ChannelAccess.h:65:1: error: expected ')' before ';' token
 Define_Channel(ErrorChannel);
 ^
In file included from D:/Venis/omnetpp-5.4.1-src-windows/omnetpp-5.4.1/include/omnetpp/globals.h:21:0,
                 from D:/Venis/omnetpp-5.4.1-src-windows/omnetpp-5.4.1/include/omnetpp/cobjectfactory.h:20,
                 from D:/Venis/omnetpp-5.4.1-src-windows/omnetpp-5.4.1/include/omnetpp.h:30,
                 from ./veins/veins.h:34,
                 from ./veins/base/connectionManager/ChannelAccess.h:33,
                 from veins/base/connectionManager/ChannelAccess.cc:29:
./veins/base/connectionManager/ChannelAccess.h: In function 'void veins::{anonymous}::__onstartup_func_65()':
./veins/base/connectionManager/ChannelAccess.h:65:16: error: 'ErrorChannel' was not declared in this scope
 Define_Channel(ErrorChannel);
                ^
In file included from D:/Venis/omnetpp-5.4.1-src-windows/omnetpp-5.4.1/include/omnetpp/cobject.h:26:0,
                 from D:/Venis/omnetpp-5.4.1-src-windows/omnetpp-5.4.1/include/omnetpp/cnamedobject.h:23,
                 from D:/Venis/omnetpp-5.4.1-src-windows/omnetpp-5.4.1/include/omnetpp/cownedobject.h:23,
                 from D:/Venis/omnetpp-5.4.1-src-windows/omnetpp-5.4.1/include/omnetpp/carray.h:19,
                 from D:/Venis/omnetpp-5.4.1-src-windows/omnetpp-5.4.1/include/omnetpp.h:28,
                 from ./veins/veins.h:34,
                 from ./veins/base/connectionManager/NicEntry.h:32,
                 from ./veins/base/connectionManager/NicEntryDebug.h:30,
                 from veins/base/connectionManager/NicEntryDebug.cc:28:
./veins/base/connectionManager/ChannelAccess.h: In function 'omnetpp::cObject* veins::__factoryfunc_65()':
./veins/base/connectionManager/ChannelAccess.h:65:16: error: 'ErrorChannel' does not name a type; did you mean 'Define_Channel'?
 Define_Channel(ErrorChannel);
                ^
In file included from D:/Venis/omnetpp-5.4.1-src-windows/omnetpp-5.4.1/include/omnetpp/cobject.h:26:0,
                 from D:/Venis/omnetpp-5.4.1-src-windows/omnetpp-5.4.1/include/omnetpp/cnamedobject.h:23,
                 from D:/Venis/omnetpp-5.4.1-src-windows/omnetpp-5.4.1/include/omnetpp/cownedobject.h:23,
                 from D:/Venis/omnetpp-5.4.1-src-windows/omnetpp-5.4.1/include/omnetpp/carray.h:19,
                 from D:/Venis/omnetpp-5.4.1-src-windows/omnetpp-5.4.1/include/omnetpp.h:28,
                 from ./veins/veins.h:34,
                 from ./veins/base/connectionManager/NicEntry.h:32,
                 from ./veins/base/connectionManager/NicEntryDirect.h:30,
                 from veins/base/connectionManager/NicEntryDirect.cc:28:
./veins/base/connectionManager/ChannelAccess.h: In function 'omnetpp::cObject* veins::__factoryfunc_65()':
./veins/base/connectionManager/ChannelAccess.h:65:16: error: 'ErrorChannel' does not name a type; did you mean 'Define_Channel'?
 Define_Channel(ErrorChannel);
                ^
./veins/base/connectionManager/ChannelAccess.h:65:16: note: suggested alternative: 'Define_Channel'
./veins/base/connectionManager/ChannelAccess.h: In function 'void* veins::__castfunc_65(omnetpp::cObject*)':
./veins/base/connectionManager/ChannelAccess.h:65:16: error: 'ErrorChannel' does not name a type; did you mean 'Define_Channel'?
 Define_Channel(ErrorChannel);
                ^
./veins/base/connectionManager/ChannelAccess.h:65:1: error: expected '>' before '*' token
 Define_Channel(ErrorChannel);
 ^
./veins/base/connectionManager/ChannelAccess.h:65:1: error: expected '(' before '*' token
./veins/base/connectionManager/ChannelAccess.h:65:1: error: expected primary-expression before '>' token
 Define_Channel(ErrorChannel);
 ^
./veins/base/connectionManager/ChannelAccess.h:65:1: error: expected ')' before ';' token
 Define_Channel(ErrorChannel);
 ^
In file included from D:/Venis/omnetpp-5.4.1-src-windows/omnetpp-5.4.1/include/omnetpp/globals.h:21:0,
                 from D:/Venis/omnetpp-5.4.1-src-windows/omnetpp-5.4.1/include/omnetpp/cobjectfactory.h:20,
                 from D:/Venis/omnetpp-5.4.1-src-windows/omnetpp-5.4.1/include/omnetpp.h:30,
                 from ./veins/veins.h:34,
                 from ./veins/base/connectionManager/NicEntry.h:32,
                 from ./veins/base/connectionManager/NicEntryDebug.h:30,
                 from veins/base/connectionManager/NicEntryDebug.cc:28:
./veins/base/connectionManager/ChannelAccess.h: In function 'void veins::{anonymous}::__onstartup_func_65()':
./veins/base/connectionManager/ChannelAccess.h:65:16: error: 'ErrorChannel' was not declared in this scope
 Define_Channel(ErrorChannel);
                ^
./veins/base/connectionManager/ChannelAccess.h: In function 'void* veins::__castfunc_65(omnetpp::cObject*)':
./veins/base/connectionManager/ChannelAccess.h:65:16: error: 'ErrorChannel' does not name a type; did you mean 'Define_Channel'?
 Define_Channel(ErrorChannel);
                ^
./veins/base/connectionManager/ChannelAccess.h:65:1: error: expected '>' before '*' token
 Define_Channel(ErrorChannel);
 ^
./veins/base/connectionManager/ChannelAccess.h:65:1: error: expected '(' before '*' token
./veins/base/connectionManager/ChannelAccess.h:65:1: error: expected primary-expression before '>' token
 Define_Channel(ErrorChannel);
 ^
./veins/base/connectionManager/ChannelAccess.h:65:1: error: expected ')' before ';' token
 Define_Channel(ErrorChannel);
 ^
In file included from D:/Venis/omnetpp-5.4.1-src-windows/omnetpp-5.4.1/include/omnetpp/globals.h:21:0,
                 from D:/Venis/omnetpp-5.4.1-src-windows/omnetpp-5.4.1/include/omnetpp/cobjectfactory.h:20,
                 from D:/Venis/omnetpp-5.4.1-src-windows/omnetpp-5.4.1/include/omnetpp.h:30,
                 from ./veins/veins.h:34,
                 from ./veins/base/connectionManager/NicEntry.h:32,
                 from ./veins/base/connectionManager/NicEntryDirect.h:30,
                 from veins/base/connectionManager/NicEntryDirect.cc:28:
./veins/base/connectionManager/ChannelAccess.h: In function 'void veins::{anonymous}::__onstartup_func_65()':
./veins/base/connectionManager/ChannelAccess.h:65:16: error: 'ErrorChannel' was not declared in this scope
 Define_Channel(ErrorChannel);
                ^
./veins/base/connectionManager/ChannelAccess.h:65:16: note: suggested alternative: 'Define_Channel'
In file included from D:/Venis/omnetpp-5.4.1-src-windows/omnetpp-5.4.1/include/omnetpp/cobject.h:26:0,
                 from D:/Venis/omnetpp-5.4.1-src-windows/omnetpp-5.4.1/include/omnetpp/cnamedobject.h:23,
                 from D:/Venis/omnetpp-5.4.1-src-windows/omnetpp-5.4.1/include/omnetpp/cownedobject.h:23,
                 from D:/Venis/omnetpp-5.4.1-src-windows/omnetpp-5.4.1/include/omnetpp/carray.h:19,
                 from D:/Venis/omnetpp-5.4.1-src-windows/omnetpp-5.4.1/include/omnetpp.h:28,
                 from ./veins/veins.h:34,
                 from ./veins/base/modules/BaseMacLayer.h:30,
                 from veins/base/modules/BaseMacLayer.cc:28:
./veins/base/connectionManager/ChannelAccess.h: In function 'omnetpp::cObject* veins::__factoryfunc_65()':
./veins/base/connectionManager/ChannelAccess.h:65:16: error: 'ErrorChannel' does not name a type; did you mean 'Define_Channel'?
 Define_Channel(ErrorChannel);
                ^
./veins/base/connectionManager/ChannelAccess.h:65:16: note: suggested alternative: 'Define_Channel'
In file included from D:/Venis/omnetpp-5.4.1-src-windows/omnetpp-5.4.1/include/omnetpp/cobject.h:26:0,
                 from D:/Venis/omnetpp-5.4.1-src-windows/omnetpp-5.4.1/include/omnetpp/cnamedobject.h:23,
                 from D:/Venis/omnetpp-5.4.1-src-windows/omnetpp-5.4.1/include/omnetpp/cownedobject.h:23,
                 from D:/Venis/omnetpp-5.4.1-src-windows/omnetpp-5.4.1/include/omnetpp/carray.h:19,
                 from D:/Venis/omnetpp-5.4.1-src-windows/omnetpp-5.4.1/include/omnetpp.h:28,
                 from ./veins/veins.h:34,
                 from ./veins/base/phyLayer/BasePhyLayer.h:32,
                 from veins/base/phyLayer/BasePhyLayer.cc:25:
./veins/base/connectionManager/ChannelAccess.h: In function 'omnetpp::cObject* veins::__factoryfunc_65()':
./veins/base/connectionManager/ChannelAccess.h:65:16: error: 'ErrorChannel' does not name a type; did you mean 'Define_Channel'?
 Define_Channel(ErrorChannel);
                ^
./veins/base/connectionManager/ChannelAccess.h: In function 'void* veins::__castfunc_65(omnetpp::cObject*)':
./veins/base/connectionManager/ChannelAccess.h:65:16: error: 'ErrorChannel' does not name a type; did you mean 'Define_Channel'?
 Define_Channel(ErrorChannel);
                ^
./veins/base/connectionManager/ChannelAccess.h:65:1: error: expected '>' before '*' token
 Define_Channel(ErrorChannel);
 ^
./veins/base/connectionManager/ChannelAccess.h:65:1: error: expected '(' before '*' token
./veins/base/connectionManager/ChannelAccess.h:65:1: error: expected primary-expression before '>' token
 Define_Channel(ErrorChannel);
 ^
./veins/base/connectionManager/ChannelAccess.h:65:1: error: expected ')' before ';' token
 Define_Channel(ErrorChannel);
 ^
In file included from D:/Venis/omnetpp-5.4.1-src-windows/omnetpp-5.4.1/include/omnetpp/globals.h:21:0,
                 from D:/Venis/omnetpp-5.4.1-src-windows/omnetpp-5.4.1/include/omnetpp/cobjectfactory.h:20,
                 from D:/Venis/omnetpp-5.4.1-src-windows/omnetpp-5.4.1/include/omnetpp.h:30,
                 from ./veins/veins.h:34,
                 from ./veins/base/modules/BaseMacLayer.h:30,
                 from veins/base/modules/BaseMacLayer.cc:28:
./veins/base/connectionManager/ChannelAccess.h: In function 'void veins::{anonymous}::__onstartup_func_65()':
./veins/base/connectionManager/ChannelAccess.h:65:16: error: 'ErrorChannel' was not declared in this scope
 Define_Channel(ErrorChannel);
                ^
./veins/base/connectionManager/ChannelAccess.h: In function 'void* veins::__castfunc_65(omnetpp::cObject*)':
./veins/base/connectionManager/ChannelAccess.h:65:16: error: 'ErrorChannel' does not name a type; did you mean 'Define_Channel'?
 Define_Channel(ErrorChannel);
                ^
./veins/base/connectionManager/ChannelAccess.h:65:1: error: expected '>' before '*' token
 Define_Channel(ErrorChannel);
 ^
./veins/base/connectionManager/ChannelAccess.h:65:1: error: expected '(' before '*' token
./veins/base/connectionManager/ChannelAccess.h:65:1: error: expected primary-expression before '>' token
 Define_Channel(ErrorChannel);
 ^
./veins/base/connectionManager/ChannelAccess.h:65:1: error: expected ')' before ';' token
 Define_Channel(ErrorChannel);
 ^
In file included from D:/Venis/omnetpp-5.4.1-src-windows/omnetpp-5.4.1/include/omnetpp/globals.h:21:0,
                 from D:/Venis/omnetpp-5.4.1-src-windows/omnetpp-5.4.1/include/omnetpp/cobjectfactory.h:20,
                 from D:/Venis/omnetpp-5.4.1-src-windows/omnetpp-5.4.1/include/omnetpp.h:30,
                 from ./veins/veins.h:34,
                 from ./veins/base/phyLayer/BasePhyLayer.h:32,
                 from veins/base/phyLayer/BasePhyLayer.cc:25:
./veins/base/connectionManager/ChannelAccess.h: In function 'void veins::{anonymous}::__onstartup_func_65()':
./veins/base/connectionManager/ChannelAccess.h:65:16: error: 'ErrorChannel' was not declared in this scope
 Define_Channel(ErrorChannel);
                ^
./veins/base/connectionManager/ChannelAccess.h:65:16: note: suggested alternative: 'Define_Channel'
./veins/base/connectionManager/ChannelAccess.h:65:16: note: suggested alternative: 'Define_Channel'
In file included from D:/Venis/omnetpp-5.4.1-src-windows/omnetpp-5.4.1/include/omnetpp/cobject.h:26:0,
                 from D:/Venis/omnetpp-5.4.1-src-windows/omnetpp-5.4.1/include/omnetpp/cnamedobject.h:23,
                 from D:/Venis/omnetpp-5.4.1-src-windows/omnetpp-5.4.1/include/omnetpp/cownedobject.h:23,
                 from D:/Venis/omnetpp-5.4.1-src-windows/omnetpp-5.4.1/include/omnetpp/carray.h:19,
                 from D:/Venis/omnetpp-5.4.1-src-windows/omnetpp-5.4.1/include/omnetpp.h:28,
                 from ./veins/veins.h:34,
                 from ./veins/modules/application/traci/MyVeinsApp.h:25,
                 from veins/modules/application/traci/MyVeinsApp.cc:23:
./veins/base/connectionManager/ChannelAccess.h: In function 'omnetpp::cObject* veins::__factoryfunc_65()':
./veins/base/connectionManager/ChannelAccess.h:65:16: error: 'ErrorChannel' does not name a type; did you mean 'Channel'?
 Define_Channel(ErrorChannel);
                ^
In file included from D:/Venis/omnetpp-5.4.1-src-windows/omnetpp-5.4.1/include/omnetpp/cobject.h:26:0,
                 from D:/Venis/omnetpp-5.4.1-src-windows/omnetpp-5.4.1/include/omnetpp/cnamedobject.h:23,
                 from D:/Venis/omnetpp-5.4.1-src-windows/omnetpp-5.4.1/include/omnetpp/cownedobject.h:23,
                 from D:/Venis/omnetpp-5.4.1-src-windows/omnetpp-5.4.1/include/omnetpp/carray.h:19,
                 from D:/Venis/omnetpp-5.4.1-src-windows/omnetpp-5.4.1/include/omnetpp.h:28,
                 from ./veins/veins.h:34,
                 from ./veins/base/modules/BaseApplLayer.h:30,
                 from ./veins/modules/application/ieee80211p/DemoBaseApplLayer.h:27,
                 from veins/modules/application/ieee80211p/DemoBaseApplLayer.cc:23:
./veins/base/connectionManager/ChannelAccess.h: In function 'omnetpp::cObject* veins::__factoryfunc_65()':
./veins/base/connectionManager/ChannelAccess.h:65:16: error: 'ErrorChannel' does not name a type; did you mean 'Channel'?
 Define_Channel(ErrorChannel);
                ^
./veins/base/connectionManager/ChannelAccess.h: In function 'void* veins::__castfunc_65(omnetpp::cObject*)':
./veins/base/connectionManager/ChannelAccess.h:65:16: error: 'ErrorChannel' does not name a type; did you mean 'Channel'?
 Define_Channel(ErrorChannel);
                ^
./veins/base/connectionManager/ChannelAccess.h:65:1: error: expected '>' before '*' token
 Define_Channel(ErrorChannel);
 ^
./veins/base/connectionManager/ChannelAccess.h:65:1: error: expected '(' before '*' token
./veins/base/connectionManager/ChannelAccess.h:65:1: error: expected primary-expression before '>' token
 Define_Channel(ErrorChannel);
 ^
./veins/base/connectionManager/ChannelAccess.h:65:1: error: expected ')' before ';' token
 Define_Channel(ErrorChannel);
 ^
In file included from D:/Venis/omnetpp-5.4.1-src-windows/omnetpp-5.4.1/include/omnetpp/globals.h:21:0,
                 from D:/Venis/omnetpp-5.4.1-src-windows/omnetpp-5.4.1/include/omnetpp/cobjectfactory.h:20,
                 from D:/Venis/omnetpp-5.4.1-src-windows/omnetpp-5.4.1/include/omnetpp.h:30,
                 from ./veins/veins.h:34,
                 from ./veins/modules/application/traci/MyVeinsApp.h:25,
                 from veins/modules/application/traci/MyVeinsApp.cc:23:
./veins/base/connectionManager/ChannelAccess.h: In function 'void veins::{anonymous}::__onstartup_func_65()':
./veins/base/connectionManager/ChannelAccess.h:65:16: error: 'ErrorChannel' was not declared in this scope
 Define_Channel(ErrorChannel);
                ^
./veins/base/connectionManager/ChannelAccess.h: In function 'void* veins::__castfunc_65(omnetpp::cObject*)':
./veins/base/connectionManager/ChannelAccess.h:65:16: error: 'ErrorChannel' does not name a type; did you mean 'Channel'?
 Define_Channel(ErrorChannel);
                ^
./veins/base/connectionManager/ChannelAccess.h:65:1: error: expected '>' before '*' token
 Define_Channel(ErrorChannel);
 ^
./veins/base/connectionManager/ChannelAccess.h:65:1: error: expected '(' before '*' token
./veins/base/connectionManager/ChannelAccess.h:65:1: error: expected primary-expression before '>' token
 Define_Channel(ErrorChannel);
 ^
./veins/base/connectionManager/ChannelAccess.h:65:1: error: expected ')' before ';' token
 Define_Channel(ErrorChannel);
 ^
In file included from D:/Venis/omnetpp-5.4.1-src-windows/omnetpp-5.4.1/include/omnetpp/globals.h:21:0,
                 from D:/Venis/omnetpp-5.4.1-src-windows/omnetpp-5.4.1/include/omnetpp/cobjectfactory.h:20,
                 from D:/Venis/omnetpp-5.4.1-src-windows/omnetpp-5.4.1/include/omnetpp.h:30,
                 from ./veins/veins.h:34,
                 from ./veins/base/modules/BaseApplLayer.h:30,
                 from ./veins/modules/application/ieee80211p/DemoBaseApplLayer.h:27,
                 from veins/modules/application/ieee80211p/DemoBaseApplLayer.cc:23:
./veins/base/connectionManager/ChannelAccess.h: In function 'void veins::{anonymous}::__onstartup_func_65()':
./veins/base/connectionManager/ChannelAccess.h:65:16: error: 'ErrorChannel' was not declared in this scope
 Define_Channel(ErrorChannel);
                ^
./veins/base/connectionManager/ChannelAccess.h:65:16: note: suggested alternative: 'Channel'
./veins/base/connectionManager/ChannelAccess.h:65:16: note: suggested alternative: 'Channel'
make[1]: *** [Makefile:274: ../out/gcc-release/src/veins/base/connectionManager/NicEntryDirect.o] Error 1
make[1]: *** Waiting for unfinished jobs....
make[1]: *** [Makefile:274: ../out/gcc-release/src/veins/base/connectionManager/ChannelAccess.o] Error 1
make[1]: *** [Makefile:274: ../out/gcc-release/src/veins/base/modules/BaseMacLayer.o] Error 1
make[1]: *** [Makefile:274: ../out/gcc-release/src/veins/base/connectionManager/NicEntryDebug.o] Error 1
In file included from D:/Venis/omnetpp-5.4.1-src-windows/omnetpp-5.4.1/include/omnetpp/cobject.h:26:0,
                 from D:/Venis/omnetpp-5.4.1-src-windows/omnetpp-5.4.1/include/omnetpp/cnamedobject.h:23,
                 from D:/Venis/omnetpp-5.4.1-src-windows/omnetpp-5.4.1/include/omnetpp/cownedobject.h:23,
                 from D:/Venis/omnetpp-5.4.1-src-windows/omnetpp-5.4.1/include/omnetpp/carray.h:19,
                 from D:/Venis/omnetpp-5.4.1-src-windows/omnetpp-5.4.1/include/omnetpp.h:28,
                 from ./veins/veins.h:34,
                 from ./veins/base/modules/BaseApplLayer.h:30,
                 from ./veins/modules/application/ieee80211p/DemoBaseApplLayer.h:27,
                 from ./veins/modules/application/traci/TraCIDemo11p.h:26,
                 from veins/modules/application/traci/TraCIDemo11p.cc:24:
./veins/base/connectionManager/ChannelAccess.h: In function 'omnetpp::cObject* veins::__factoryfunc_65()':
./veins/base/connectionManager/ChannelAccess.h:65:16: error: 'ErrorChannel' does not name a type; did you mean 'Channel'?
 Define_Channel(ErrorChannel);
                ^
In file included from D:/Venis/omnetpp-5.4.1-src-windows/omnetpp-5.4.1/include/omnetpp/cobject.h:26:0,
                 from D:/Venis/omnetpp-5.4.1-src-windows/omnetpp-5.4.1/include/omnetpp/cnamedobject.h:23,
                 from D:/Venis/omnetpp-5.4.1-src-windows/omnetpp-5.4.1/include/omnetpp/cownedobject.h:23,
                 from D:/Venis/omnetpp-5.4.1-src-windows/omnetpp-5.4.1/include/omnetpp/carray.h:19,
                 from D:/Venis/omnetpp-5.4.1-src-windows/omnetpp-5.4.1/include/omnetpp.h:28,
                 from ./veins/veins.h:34,
                 from ./veins/modules/mac/ieee80211p/Mac1609_4.h:29,
                 from veins/modules/mac/ieee80211p/Mac1609_4.cc:24:
./veins/base/connectionManager/ChannelAccess.h: In function 'omnetpp::cObject* veins::__factoryfunc_65()':
./veins/base/connectionManager/ChannelAccess.h:65:16: error: 'ErrorChannel' does not name a type; did you mean 'Define_Channel'?
 Define_Channel(ErrorChannel);
                ^
In file included from D:/Venis/omnetpp-5.4.1-src-windows/omnetpp-5.4.1/include/omnetpp/cobject.h:26:0,
                 from D:/Venis/omnetpp-5.4.1-src-windows/omnetpp-5.4.1/include/omnetpp/cnamedobject.h:23,
                 from D:/Venis/omnetpp-5.4.1-src-windows/omnetpp-5.4.1/include/omnetpp/cownedobject.h:23,
                 from D:/Venis/omnetpp-5.4.1-src-windows/omnetpp-5.4.1/include/omnetpp/carray.h:19,
                 from D:/Venis/omnetpp-5.4.1-src-windows/omnetpp-5.4.1/include/omnetpp.h:28,
                 from ./veins/veins.h:34,
                 from ./veins/modules/obstacle/VehicleObstacleControl.h:27,
                 from veins/modules/obstacle/VehicleObstacleControl.cc:30:
./veins/base/connectionManager/ChannelAccess.h: In function 'omnetpp::cObject* veins::__factoryfunc_65()':
./veins/base/connectionManager/ChannelAccess.h:65:16: error: 'ErrorChannel' does not name a type; did you mean 'Define_Channel'?
 Define_Channel(ErrorChannel);
                ^
./veins/base/connectionManager/ChannelAccess.h: In function 'void* veins::__castfunc_65(omnetpp::cObject*)':
./veins/base/connectionManager/ChannelAccess.h:65:16: error: 'ErrorChannel' does not name a type; did you mean 'Channel'?
 Define_Channel(ErrorChannel);
                ^
./veins/base/connectionManager/ChannelAccess.h:65:1: error: expected '>' before '*' token
 Define_Channel(ErrorChannel);
 ^
./veins/base/connectionManager/ChannelAccess.h:65:1: error: expected '(' before '*' token
./veins/base/connectionManager/ChannelAccess.h:65:1: error: expected primary-expression before '>' token
 Define_Channel(ErrorChannel);
 ^
./veins/base/connectionManager/ChannelAccess.h:65:1: error: expected ')' before ';' token
 Define_Channel(ErrorChannel);
 ^
In file included from D:/Venis/omnetpp-5.4.1-src-windows/omnetpp-5.4.1/include/omnetpp/globals.h:21:0,
                 from D:/Venis/omnetpp-5.4.1-src-windows/omnetpp-5.4.1/include/omnetpp/cobjectfactory.h:20,
                 from D:/Venis/omnetpp-5.4.1-src-windows/omnetpp-5.4.1/include/omnetpp.h:30,
                 from ./veins/veins.h:34,
                 from ./veins/base/modules/BaseApplLayer.h:30,
                 from ./veins/modules/application/ieee80211p/DemoBaseApplLayer.h:27,
                 from ./veins/modules/application/traci/TraCIDemo11p.h:26,
                 from veins/modules/application/traci/TraCIDemo11p.cc:24:
./veins/base/connectionManager/ChannelAccess.h: In function 'void veins::{anonymous}::__onstartup_func_65()':
./veins/base/connectionManager/ChannelAccess.h:65:16: error: 'ErrorChannel' was not declared in this scope
 Define_Channel(ErrorChannel);
                ^
./veins/base/connectionManager/ChannelAccess.h: In function 'void* veins::__castfunc_65(omnetpp::cObject*)':
./veins/base/connectionManager/ChannelAccess.h:65:16: error: 'ErrorChannel' does not name a type; did you mean 'Define_Channel'?
 Define_Channel(ErrorChannel);
                ^
./veins/base/connectionManager/ChannelAccess.h:65:1: error: expected '>' before '*' token
 Define_Channel(ErrorChannel);
 ^
./veins/base/connectionManager/ChannelAccess.h:65:1: error: expected '(' before '*' token
./veins/base/connectionManager/ChannelAccess.h:65:1: error: expected primary-expression before '>' token
 Define_Channel(ErrorChannel);
 ^
./veins/base/connectionManager/ChannelAccess.h:65:1: error: expected ')' before ';' token
 Define_Channel(ErrorChannel);
 ^
In file included from D:/Venis/omnetpp-5.4.1-src-windows/omnetpp-5.4.1/include/omnetpp/globals.h:21:0,
                 from D:/Venis/omnetpp-5.4.1-src-windows/omnetpp-5.4.1/include/omnetpp/cobjectfactory.h:20,
                 from D:/Venis/omnetpp-5.4.1-src-windows/omnetpp-5.4.1/include/omnetpp.h:30,
                 from ./veins/veins.h:34,
                 from ./veins/modules/obstacle/VehicleObstacleControl.h:27,
                 from veins/modules/obstacle/VehicleObstacleControl.cc:30:
./veins/base/connectionManager/ChannelAccess.h: In function 'void veins::{anonymous}::__onstartup_func_65()':
./veins/base/connectionManager/ChannelAccess.h:65:16: error: 'ErrorChannel' was not declared in this scope
 Define_Channel(ErrorChannel);
                ^
./veins/base/connectionManager/ChannelAccess.h:65:16: note: suggested alternative: 'Channel'
./veins/base/connectionManager/ChannelAccess.h: In function 'void* veins::__castfunc_65(omnetpp::cObject*)':
./veins/base/connectionManager/ChannelAccess.h:65:16: error: 'ErrorChannel' does not name a type; did you mean 'Define_Channel'?
 Define_Channel(ErrorChannel);
                ^
./veins/base/connectionManager/ChannelAccess.h:65:1: error: expected '>' before '*' token
 Define_Channel(ErrorChannel);
 ^
./veins/base/connectionManager/ChannelAccess.h:65:1: error: expected '(' before '*' token
./veins/base/connectionManager/ChannelAccess.h:65:1: error: expected primary-expression before '>' token
 Define_Channel(ErrorChannel);
 ^
./veins/base/connectionManager/ChannelAccess.h:65:1: error: expected ')' before ';' token
 Define_Channel(ErrorChannel);
 ^
In file included from D:/Venis/omnetpp-5.4.1-src-windows/omnetpp-5.4.1/include/omnetpp/globals.h:21:0,
                 from D:/Venis/omnetpp-5.4.1-src-windows/omnetpp-5.4.1/include/omnetpp/cobjectfactory.h:20,
                 from D:/Venis/omnetpp-5.4.1-src-windows/omnetpp-5.4.1/include/omnetpp.h:30,
                 from ./veins/veins.h:34,
                 from ./veins/modules/mac/ieee80211p/Mac1609_4.h:29,
                 from veins/modules/mac/ieee80211p/Mac1609_4.cc:24:
./veins/base/connectionManager/ChannelAccess.h: In function 'void veins::{anonymous}::__onstartup_func_65()':
./veins/base/connectionManager/ChannelAccess.h:65:16: error: 'ErrorChannel' was not declared in this scope
 Define_Channel(ErrorChannel);
                ^
In file included from D:/Venis/omnetpp-5.4.1-src-windows/omnetpp-5.4.1/include/omnetpp/cobject.h:26:0,
                 from D:/Venis/omnetpp-5.4.1-src-windows/omnetpp-5.4.1/include/omnetpp/cnamedobject.h:23,
                 from D:/Venis/omnetpp-5.4.1-src-windows/omnetpp-5.4.1/include/omnetpp/cownedobject.h:23,
                 from D:/Venis/omnetpp-5.4.1-src-windows/omnetpp-5.4.1/include/omnetpp/carray.h:19,
                 from D:/Venis/omnetpp-5.4.1-src-windows/omnetpp-5.4.1/include/omnetpp.h:28,
                 from ./veins/veins.h:34,
                 from ./veins/base/modules/BaseApplLayer.h:30,
                 from ./veins/modules/application/ieee80211p/DemoBaseApplLayer.h:27,
                 from ./veins/modules/application/traci/TraCIDemoRSU11p.h:26,
                 from veins/modules/application/traci/TraCIDemoRSU11p.cc:24:
./veins/base/connectionManager/ChannelAccess.h: In function 'omnetpp::cObject* veins::__factoryfunc_65()':
./veins/base/connectionManager/ChannelAccess.h:65:16: error: 'ErrorChannel' does not name a type; did you mean 'Channel'?
 Define_Channel(ErrorChannel);
                ^
./veins/base/connectionManager/ChannelAccess.h:65:16: note: suggested alternative: 'Define_Channel'
./veins/base/connectionManager/ChannelAccess.h: In function 'void* veins::__castfunc_65(omnetpp::cObject*)':
./veins/base/connectionManager/ChannelAccess.h:65:16: error: 'ErrorChannel' does not name a type; did you mean 'Channel'?
 Define_Channel(ErrorChannel);
                ^
./veins/base/connectionManager/ChannelAccess.h:65:1: error: expected '>' before '*' token
 Define_Channel(ErrorChannel);
 ^
./veins/base/connectionManager/ChannelAccess.h:65:1: error: expected '(' before '*' token
./veins/base/connectionManager/ChannelAccess.h:65:1: error: expected primary-expression before '>' token
 Define_Channel(ErrorChannel);
 ^
./veins/base/connectionManager/ChannelAccess.h:65:1: error: expected ')' before ';' token
 Define_Channel(ErrorChannel);
 ^
In file included from D:/Venis/omnetpp-5.4.1-src-windows/omnetpp-5.4.1/include/omnetpp/globals.h:21:0,
                 from D:/Venis/omnetpp-5.4.1-src-windows/omnetpp-5.4.1/include/omnetpp/cobjectfactory.h:20,
                 from D:/Venis/omnetpp-5.4.1-src-windows/omnetpp-5.4.1/include/omnetpp.h:30,
                 from ./veins/veins.h:34,
                 from ./veins/base/modules/BaseApplLayer.h:30,
                 from ./veins/modules/application/ieee80211p/DemoBaseApplLayer.h:27,
                 from ./veins/modules/application/traci/TraCIDemoRSU11p.h:26,
                 from veins/modules/application/traci/TraCIDemoRSU11p.cc:24:
./veins/base/connectionManager/ChannelAccess.h: In function 'void veins::{anonymous}::__onstartup_func_65()':
./veins/base/connectionManager/ChannelAccess.h:65:16: error: 'ErrorChannel' was not declared in this scope
 Define_Channel(ErrorChannel);
                ^
./veins/base/connectionManager/ChannelAccess.h:65:16: note: suggested alternative: 'Define_Channel'
./veins/base/connectionManager/ChannelAccess.h:65:16: note: suggested alternative: 'Channel'
In file included from D:/Venis/omnetpp-5.4.1-src-windows/omnetpp-5.4.1/include/omnetpp/cobject.h:26:0,
                 from D:/Venis/omnetpp-5.4.1-src-windows/omnetpp-5.4.1/include/omnetpp/cnamedobject.h:23,
                 from D:/Venis/omnetpp-5.4.1-src-windows/omnetpp-5.4.1/include/omnetpp/cownedobject.h:23,
                 from D:/Venis/omnetpp-5.4.1-src-windows/omnetpp-5.4.1/include/omnetpp/carray.h:19,
                 from D:/Venis/omnetpp-5.4.1-src-windows/omnetpp-5.4.1/include/omnetpp.h:28,
                 from ./veins/veins.h:34,
                 from ./veins/base/phyLayer/BasePhyLayer.h:32,
                 from ./veins/modules/phy/PhyLayer80211p.h:25,
                 from veins/modules/phy/PhyLayer80211p.cc:28:
./veins/base/connectionManager/ChannelAccess.h: In function 'omnetpp::cObject* veins::__factoryfunc_65()':
./veins/base/connectionManager/ChannelAccess.h:65:16: error: 'ErrorChannel' does not name a type; did you mean 'Define_Channel'?
 Define_Channel(ErrorChannel);
                ^
./veins/base/connectionManager/ChannelAccess.h: In function 'void* veins::__castfunc_65(omnetpp::cObject*)':
./veins/base/connectionManager/ChannelAccess.h:65:16: error: 'ErrorChannel' does not name a type; did you mean 'Define_Channel'?
 Define_Channel(ErrorChannel);
                ^
./veins/base/connectionManager/ChannelAccess.h:65:1: error: expected '>' before '*' token
 Define_Channel(ErrorChannel);
 ^
./veins/base/connectionManager/ChannelAccess.h:65:1: error: expected '(' before '*' token
./veins/base/connectionManager/ChannelAccess.h:65:1: error: expected primary-expression before '>' token
 Define_Channel(ErrorChannel);
 ^
./veins/base/connectionManager/ChannelAccess.h:65:1: error: expected ')' before ';' token
 Define_Channel(ErrorChannel);
 ^
In file included from D:/Venis/omnetpp-5.4.1-src-windows/omnetpp-5.4.1/include/omnetpp/globals.h:21:0,
                 from D:/Venis/omnetpp-5.4.1-src-windows/omnetpp-5.4.1/include/omnetpp/cobjectfactory.h:20,
                 from D:/Venis/omnetpp-5.4.1-src-windows/omnetpp-5.4.1/include/omnetpp.h:30,
                 from ./veins/veins.h:34,
                 from ./veins/base/phyLayer/BasePhyLayer.h:32,
                 from ./veins/modules/phy/PhyLayer80211p.h:25,
                 from veins/modules/phy/PhyLayer80211p.cc:28:
./veins/base/connectionManager/ChannelAccess.h: In function 'void veins::{anonymous}::__onstartup_func_65()':
./veins/base/connectionManager/ChannelAccess.h:65:16: error: 'ErrorChannel' was not declared in this scope
 Define_Channel(ErrorChannel);
                ^
./veins/base/connectionManager/ChannelAccess.h:65:16: note: suggested alternative: 'Define_Channel'
In file included from D:/Venis/omnetpp-5.4.1-src-windows/omnetpp-5.4.1/include/omnetpp/cobject.h:26:0,
                 from D:/Venis/omnetpp-5.4.1-src-windows/omnetpp-5.4.1/include/omnetpp/cnamedobject.h:23,
                 from D:/Venis/omnetpp-5.4.1-src-windows/omnetpp-5.4.1/include/omnetpp/cownedobject.h:23,
                 from D:/Venis/omnetpp-5.4.1-src-windows/omnetpp-5.4.1/include/omnetpp/carray.h:19,
                 from D:/Venis/omnetpp-5.4.1-src-windows/omnetpp-5.4.1/include/omnetpp.h:28,
                 from ./veins/veins.h:34,
                 from ./veins/modules/mobility/traci/TraCIScenarioManager.h:30,
                 from veins/modules/mobility/traci/TraCIScenarioManager.cc:30:
./veins/base/connectionManager/ChannelAccess.h: In function 'omnetpp::cObject* veins::__factoryfunc_65()':
./veins/base/connectionManager/ChannelAccess.h:65:16: error: 'ErrorChannel' does not name a type; did you mean 'Define_Channel'?
 Define_Channel(ErrorChannel);
                ^
./veins/base/connectionManager/ChannelAccess.h: In function 'void* veins::__castfunc_65(omnetpp::cObject*)':
./veins/base/connectionManager/ChannelAccess.h:65:16: error: 'ErrorChannel' does not name a type; did you mean 'Define_Channel'?
 Define_Channel(ErrorChannel);
                ^
./veins/base/connectionManager/ChannelAccess.h:65:1: error: expected '>' before '*' token
 Define_Channel(ErrorChannel);
 ^
./veins/base/connectionManager/ChannelAccess.h:65:1: error: expected '(' before '*' token
./veins/base/connectionManager/ChannelAccess.h:65:1: error: expected primary-expression before '>' token
 Define_Channel(ErrorChannel);
 ^
./veins/base/connectionManager/ChannelAccess.h:65:1: error: expected ')' before ';' token
 Define_Channel(ErrorChannel);
 ^
In file included from D:/Venis/omnetpp-5.4.1-src-windows/omnetpp-5.4.1/include/omnetpp/globals.h:21:0,
                 from D:/Venis/omnetpp-5.4.1-src-windows/omnetpp-5.4.1/include/omnetpp/cobjectfactory.h:20,
                 from D:/Venis/omnetpp-5.4.1-src-windows/omnetpp-5.4.1/include/omnetpp.h:30,
                 from ./veins/veins.h:34,
                 from ./veins/modules/mobility/traci/TraCIScenarioManager.h:30,
                 from veins/modules/mobility/traci/TraCIScenarioManager.cc:30:
./veins/base/connectionManager/ChannelAccess.h: In function 'void veins::{anonymous}::__onstartup_func_65()':
./veins/base/connectionManager/ChannelAccess.h:65:16: error: 'ErrorChannel' was not declared in this scope
 Define_Channel(ErrorChannel);
                ^
./veins/base/connectionManager/ChannelAccess.h:65:16: note: suggested alternative: 'Define_Channel'
make[1]: *** [Makefile:274: ../out/gcc-release/src/veins/modules/application/traci/MyVeinsApp.o] Error 1
make[1]: *** [Makefile:274: ../out/gcc-release/src/veins/modules/application/ieee80211p/DemoBaseApplLayer.o] Error 1
make[1]: *** [Makefile:274: ../out/gcc-release/src/veins/modules/obstacle/VehicleObstacleControl.o] Error 1
make[1]: *** [Makefile:274: ../out/gcc-release/src/veins/base/phyLayer/BasePhyLayer.o] Error 1
make[1]: *** [Makefile:274: ../out/gcc-release/src/veins/modules/application/traci/TraCIDemo11p.o] Error 1
make[1]: *** [Makefile:274: ../out/gcc-release/src/veins/modules/application/traci/TraCIDemoRSU11p.o] Error 1
make[1]: *** [Makefile:274: ../out/gcc-release/src/veins/modules/mac/ieee80211p/Mac1609_4.o] Error 1
make[1]: *** [Makefile:274: ../out/gcc-release/src/veins/modules/mobility/traci/TraCIScenarioManager.o] Error 1
make[1]: *** [Makefile:274: ../out/gcc-release/src/veins/modules/phy/PhyLayer80211p.o] Error 1
make[1]: Leaving directory '/d/Venis/workplace/workplace1/veins/src'
make: *** [Makefile:36: all] Error 2
18:18:17 **** Incremental Build of configuration gcc-release for project veins ****
make MODE=release -j16 all 
make[1]: Entering directory '/d/Venis/workplace/workplace1/veins/src'
veins/base/connectionManager/ChannelAccess.cc
veins/base/connectionManager/NicEntryDebug.cc
veins/base/phyLayer/BasePhyLayer.cc
veins/base/connectionManager/NicEntryDirect.cc
veins/base/modules/BaseMacLayer.cc
veins/modules/application/ieee80211p/DemoBaseApplLayer.cc
veins/modules/application/traci/MyVeinsApp.cc
veins/modules/application/traci/TraCIDemo11p.cc
veins/modules/application/traci/TraCIDemoRSU11p.cc
veins/modules/mac/ieee80211p/Mac1609_4.cc
veins/modules/mobility/traci/TraCIScenarioManager.cc
veins/modules/phy/PhyLayer80211p.cc
veins/modules/obstacle/VehicleObstacleControl.cc
Creating shared library: ../out/gcc-release/src/libveins.dll
make[1]: Leaving directory '/d/Venis/workplace/workplace1/veins/src'
18:18:34 **** Incremental Build of configuration gcc-release for project veins ****
make MODE=release -j16 all 
make[1]: Entering directory '/d/Venis/workplace/workplace1/veins/src'
veins/base/connectionManager/BaseConnectionManager.cc
veins/base/connectionManager/ConnectionManager.cc
veins/base/connectionManager/ConnectionManager.cc:52:52: error: no 'void veins::ConnectionManager::handleMessage(omnetpp::cMessage*)' member function declared in class 'veins::ConnectionManager'
 void ConnectionManager::handleMessage(cMessage* msg) {
                                                    ^
veins/base/connectionManager/BaseConnectionManager.cc:447:71: error: no 'void veins::BaseConnectionManager::sendMessage(omnetpp::cMessage*, double)' member function declared in class 'veins::BaseConnectionManager'
 void BaseConnectionManager::sendMessage(cMessage* msg, double lossRate) {
                                                                       ^
veins/base/connectionManager/BaseConnectionManager.cc:456:6: error: prototype for 'void veins::BaseConnectionManager::initialize()' does not match any in class 'veins::BaseConnectionManager'
 void BaseConnectionManager::initialize() {
      ^~~~~~~~~~~~~~~~~~~~~
veins/base/connectionManager/BaseConnectionManager.cc:64:6: error: candidate is: virtual void veins::BaseConnectionManager::initialize(int)
 void BaseConnectionManager::initialize(int stage)
      ^~~~~~~~~~~~~~~~~~~~~
make[1]: *** [Makefile:274: ../out/gcc-release/src/veins/base/connectionManager/ConnectionManager.o] Error 1
make[1]: *** Waiting for unfinished jobs....
make[1]: Leaving directory '/d/Venis/workplace/workplace1/veins/src'
make[1]: *** [Makefile:274: ../out/gcc-release/src/veins/base/connectionManager/BaseConnectionManager.o] Error 1
make: *** [Makefile:36: all] Error 2
18:24:23 **** Incremental Build of configuration gcc-release for project veins ****
make MODE=release -j16 all 
make[1]: Entering directory '/d/Venis/workplace/workplace1/veins/src'
veins/base/connectionManager/BaseConnectionManager.cc
veins/base/connectionManager/ChannelAccess.cc
veins/base/modules/BaseWorldUtility.cc
veins/base/connectionManager/ConnectionManager.cc
veins/base/phyLayer/BasePhyLayer.cc
veins/modules/application/traci/MyVeinsApp.cc
veins/modules/application/ieee80211p/DemoBaseApplLayer.cc
veins/modules/application/traci/TraCIDemo11p.cc
veins/modules/application/traci/TraCIDemoRSU11p.cc
veins/modules/mac/ieee80211p/Mac1609_4.cc
veins/modules/mobility/traci/TraCIScenarioManager.cc
veins/modules/mobility/traci/TraCIMobility.cc
veins/modules/mobility/traci/TraCIScenarioManagerForker.cc
veins/modules/mobility/traci/TraCIVehicleInserter.cc
veins/modules/mobility/traci/TraCIScenarioManagerLaunchd.cc
veins/modules/mobility/traci/TraCIScreenRecorder.cc
In file included from veins/base/connectionManager/BaseConnectionManager.cc:25:0:
./veins/base/connectionManager/BaseConnectionManager.h:165:22: error: 'virtual void veins::BaseConnectionManager::CoordSet::initialize(int)' marked 'override', but does not override
         virtual void initialize(int stage) override; // initialize
                      ^~~~~~~~~~
In file included from veins/base/connectionManager/ChannelAccess.cc:33:0:
./veins/base/connectionManager/BaseConnectionManager.h:165:22: error: 'virtual void veins::BaseConnectionManager::CoordSet::initialize(int)' marked 'override', but does not override
         virtual void initialize(int stage) override; // initialize
                      ^~~~~~~~~~
veins/base/connectionManager/BaseConnectionManager.cc:447:71: error: no 'void veins::BaseConnectionManager::sendMessage(omnetpp::cMessage*, double)' member function declared in class 'veins::BaseConnectionManager'
 void BaseConnectionManager::sendMessage(cMessage* msg, double lossRate) {
                                                                       ^
veins/base/connectionManager/BaseConnectionManager.cc:456:6: error: prototype for 'void veins::BaseConnectionManager::initialize()' does not match any in class 'veins::BaseConnectionManager'
 void BaseConnectionManager::initialize() {
      ^~~~~~~~~~~~~~~~~~~~~
veins/base/connectionManager/BaseConnectionManager.cc:64:6: error: candidate is: virtual void veins::BaseConnectionManager::initialize(int)
 void BaseConnectionManager::initialize(int stage)
      ^~~~~~~~~~~~~~~~~~~~~
In file included from ./veins/base/connectionManager/ConnectionManager.h:29:0,
                 from veins/base/connectionManager/ConnectionManager.cc:25:
./veins/base/connectionManager/BaseConnectionManager.h:165:22: error: 'virtual void veins::BaseConnectionManager::CoordSet::initialize(int)' marked 'override', but does not override
         virtual void initialize(int stage) override; // initialize
                      ^~~~~~~~~~
In file included from veins/base/modules/BaseWorldUtility.cc:29:0:
./veins/base/connectionManager/BaseConnectionManager.h:165:22: error: 'virtual void veins::BaseConnectionManager::CoordSet::initialize(int)' marked 'override', but does not override
         virtual void initialize(int stage) override; // initialize
                      ^~~~~~~~~~
In file included from veins/base/phyLayer/BasePhyLayer.cc:37:0:
./veins/base/connectionManager/BaseConnectionManager.h:165:22: error: 'virtual void veins::BaseConnectionManager::CoordSet::initialize(int)' marked 'override', but does not override
         virtual void initialize(int stage) override; // initialize
                      ^~~~~~~~~~
make[1]: *** [Makefile:274: ../out/gcc-release/src/veins/base/connectionManager/ChannelAccess.o] Error 1
make[1]: *** Waiting for unfinished jobs....
make[1]: *** [Makefile:274: ../out/gcc-release/src/veins/base/modules/BaseWorldUtility.o] Error 1
make[1]: *** [Makefile:274: ../out/gcc-release/src/veins/base/connectionManager/ConnectionManager.o] Error 1
In file included from ./veins/modules/mobility/traci/TraCIScenarioManager.h:34:0,
                 from ./veins/modules/mobility/traci/TraCIMobility.h:32,
                 from ./veins/modules/application/ieee80211p/DemoBaseApplLayer.h:34,
                 from veins/modules/application/ieee80211p/DemoBaseApplLayer.cc:23:
./veins/base/connectionManager/BaseConnectionManager.h:165:22: error: 'virtual void veins::BaseConnectionManager::CoordSet::initialize(int)' marked 'override', but does not override
         virtual void initialize(int stage) override; // initialize
                      ^~~~~~~~~~
make[1]: *** [Makefile:274: ../out/gcc-release/src/veins/base/connectionManager/BaseConnectionManager.o] Error 1
In file included from ./veins/modules/mobility/traci/TraCIScenarioManager.h:34:0,
                 from ./veins/modules/mobility/traci/TraCIMobility.h:32,
                 from ./veins/modules/application/ieee80211p/DemoBaseApplLayer.h:34,
                 from ./veins/modules/application/traci/MyVeinsApp.h:27,
                 from veins/modules/application/traci/MyVeinsApp.cc:23:
./veins/base/connectionManager/BaseConnectionManager.h:165:22: error: 'virtual void veins::BaseConnectionManager::CoordSet::initialize(int)' marked 'override', but does not override
         virtual void initialize(int stage) override; // initialize
                      ^~~~~~~~~~
In file included from ./veins/modules/mobility/traci/TraCIScenarioManager.h:34:0,
                 from ./veins/modules/mobility/traci/TraCIMobility.h:32,
                 from ./veins/modules/application/ieee80211p/DemoBaseApplLayer.h:34,
                 from ./veins/modules/application/traci/TraCIDemo11p.h:26,
                 from veins/modules/application/traci/TraCIDemo11p.cc:24:
./veins/base/connectionManager/BaseConnectionManager.h:165:22: error: 'virtual void veins::BaseConnectionManager::CoordSet::initialize(int)' marked 'override', but does not override
         virtual void initialize(int stage) override; // initialize
                      ^~~~~~~~~~
In file included from ./veins/modules/mobility/traci/TraCIScenarioManager.h:34:0,
                 from ./veins/modules/mobility/traci/TraCIMobility.h:32,
                 from ./veins/modules/application/ieee80211p/DemoBaseApplLayer.h:34,
                 from ./veins/modules/application/traci/TraCIDemoRSU11p.h:26,
                 from veins/modules/application/traci/TraCIDemoRSU11p.cc:24:
./veins/base/connectionManager/BaseConnectionManager.h:165:22: error: 'virtual void veins::BaseConnectionManager::CoordSet::initialize(int)' marked 'override', but does not override
         virtual void initialize(int stage) override; // initialize
                      ^~~~~~~~~~
In file included from ./veins/modules/phy/PhyLayer80211p.h:30:0,
                 from ./veins/modules/mac/ieee80211p/Mac1609_4.h:32,
                 from veins/modules/mac/ieee80211p/Mac1609_4.cc:24:
./veins/base/connectionManager/BaseConnectionManager.h:165:22: error: 'virtual void veins::BaseConnectionManager::CoordSet::initialize(int)' marked 'override', but does not override
         virtual void initialize(int stage) override; // initialize
                      ^~~~~~~~~~
In file included from ./veins/modules/mobility/traci/TraCIScenarioManager.h:34:0,
                 from veins/modules/mobility/traci/TraCIScenarioManager.cc:30:
./veins/base/connectionManager/BaseConnectionManager.h:165:22: error: 'virtual void veins::BaseConnectionManager::CoordSet::initialize(int)' marked 'override', but does not override
         virtual void initialize(int stage) override; // initialize
                      ^~~~~~~~~~
In file included from ./veins/modules/mobility/traci/TraCIScenarioManager.h:34:0,
                 from ./veins/modules/mobility/traci/TraCIMobility.h:32,
                 from veins/modules/mobility/traci/TraCIMobility.cc:27:
./veins/base/connectionManager/BaseConnectionManager.h:165:22: error: 'virtual void veins::BaseConnectionManager::CoordSet::initialize(int)' marked 'override', but does not override
         virtual void initialize(int stage) override; // initialize
                      ^~~~~~~~~~
In file included from ./veins/modules/mobility/traci/TraCIScenarioManager.h:34:0,
                 from ./veins/modules/mobility/traci/TraCIVehicleInserter.h:28,
                 from veins/modules/mobility/traci/TraCIVehicleInserter.cc:23:
./veins/base/connectionManager/BaseConnectionManager.h:165:22: error: 'virtual void veins::BaseConnectionManager::CoordSet::initialize(int)' marked 'override', but does not override
         virtual void initialize(int stage) override; // initialize
                      ^~~~~~~~~~
In file included from ./veins/modules/mobility/traci/TraCIScenarioManager.h:34:0,
                 from ./veins/modules/mobility/traci/TraCIScenarioManagerLaunchd.h:27,
                 from veins/modules/mobility/traci/TraCIScenarioManagerLaunchd.cc:23:
./veins/base/connectionManager/BaseConnectionManager.h:165:22: error: 'virtual void veins::BaseConnectionManager::CoordSet::initialize(int)' marked 'override', but does not override
         virtual void initialize(int stage) override; // initialize
                      ^~~~~~~~~~
In file included from ./veins/modules/mobility/traci/TraCIScenarioManager.h:34:0,
                 from veins/modules/mobility/traci/TraCIScreenRecorder.cc:24:
./veins/base/connectionManager/BaseConnectionManager.h:165:22: error: 'virtual void veins::BaseConnectionManager::CoordSet::initialize(int)' marked 'override', but does not override
         virtual void initialize(int stage) override; // initialize
                      ^~~~~~~~~~
make[1]: *** [Makefile:274: ../out/gcc-release/src/veins/base/phyLayer/BasePhyLayer.o] Error 1
make[1]: *** [Makefile:274: ../out/gcc-release/src/veins/modules/application/traci/MyVeinsApp.o] Error 1
make[1]: *** [Makefile:274: ../out/gcc-release/src/veins/modules/application/ieee80211p/DemoBaseApplLayer.o] Error 1
make[1]: *** [Makefile:274: ../out/gcc-release/src/veins/modules/application/traci/TraCIDemo11p.o] Error 1
make[1]: *** [Makefile:274: ../out/gcc-release/src/veins/modules/application/traci/TraCIDemoRSU11p.o] Error 1
make[1]: *** [Makefile:274: ../out/gcc-release/src/veins/modules/mobility/traci/TraCIMobility.o] Error 1
make[1]: *** [Makefile:274: ../out/gcc-release/src/veins/modules/mobility/traci/TraCIScreenRecorder.o] Error 1
make[1]: *** [Makefile:274: ../out/gcc-release/src/veins/modules/mobility/traci/TraCIScenarioManagerLaunchd.o] Error 1
make[1]: *** [Makefile:274: ../out/gcc-release/src/veins/modules/mobility/traci/TraCIVehicleInserter.o] Error 1
make[1]: *** [Makefile:274: ../out/gcc-release/src/veins/modules/mac/ieee80211p/Mac1609_4.o] Error 1
In file included from ./veins/modules/mobility/traci/TraCIScenarioManager.h:34:0,
                 from ./veins/modules/mobility/traci/TraCIScenarioManagerForker.h:27,
                 from veins/modules/mobility/traci/TraCIScenarioManagerForker.cc:37:
./veins/base/connectionManager/BaseConnectionManager.h:165:22: error: 'virtual void veins::BaseConnectionManager::CoordSet::initialize(int)' marked 'override', but does not override
         virtual void initialize(int stage) override; // initialize
                      ^~~~~~~~~~
make[1]: *** [Makefile:274: ../out/gcc-release/src/veins/modules/mobility/traci/TraCIScenarioManager.o] Error 1
make[1]: *** [Makefile:274: ../out/gcc-release/src/veins/modules/mobility/traci/TraCIScenarioManagerForker.o] Error 1
make[1]: Leaving directory '/d/Venis/workplace/workplace1/veins/src'
make: *** [Makefile:36: all] Error 2
18:25:34 **** Incremental Build of configuration gcc-release for project veins ****
make MODE=release -j16 all 
make[1]: Entering directory '/d/Venis/workplace/workplace1/veins/src'
veins/base/connectionManager/BaseConnectionManager.cc
veins/base/connectionManager/ChannelAccess.cc
veins/base/modules/BaseWorldUtility.cc
veins/base/phyLayer/BasePhyLayer.cc
veins/base/connectionManager/ConnectionManager.cc
veins/modules/application/ieee80211p/DemoBaseApplLayer.cc
veins/modules/application/traci/MyVeinsApp.cc
veins/modules/application/traci/TraCIDemo11p.cc
veins/modules/application/traci/TraCIDemoRSU11p.cc
veins/modules/mac/ieee80211p/Mac1609_4.cc
veins/modules/mobility/traci/TraCIMobility.cc
veins/modules/mobility/traci/TraCIScenarioManager.cc
veins/modules/mobility/traci/TraCIScenarioManagerForker.cc
veins/modules/mobility/traci/TraCIScenarioManagerLaunchd.cc
veins/modules/mobility/traci/TraCIScreenRecorder.cc
veins/modules/mobility/traci/TraCIVehicleInserter.cc
veins/base/connectionManager/BaseConnectionManager.cc:447:71: error: no 'void veins::BaseConnectionManager::sendMessage(omnetpp::cMessage*, double)' member function declared in class 'veins::BaseConnectionManager'
 void BaseConnectionManager::sendMessage(cMessage* msg, double lossRate) {
                                                                       ^
veins/base/connectionManager/BaseConnectionManager.cc:456:6: error: prototype for 'void veins::BaseConnectionManager::initialize()' does not match any in class 'veins::BaseConnectionManager'
 void BaseConnectionManager::initialize() {
      ^~~~~~~~~~~~~~~~~~~~~
veins/base/connectionManager/BaseConnectionManager.cc:64:6: error: candidate is: virtual void veins::BaseConnectionManager::initialize(int)
 void BaseConnectionManager::initialize(int stage)
      ^~~~~~~~~~~~~~~~~~~~~
make[1]: *** [Makefile:274: ../out/gcc-release/src/veins/base/connectionManager/BaseConnectionManager.o] Error 1
make[1]: *** Waiting for unfinished jobs....
make[1]: Leaving directory '/d/Venis/workplace/workplace1/veins/src'
make: *** [Makefile:36: all] Error 2
18:27:07 **** Incremental Build of configuration gcc-release for project veins ****
make MODE=release -j16 all 
make[1]: Entering directory '/d/Venis/workplace/workplace1/veins/src'
veins/base/connectionManager/BaseConnectionManager.cc
veins/modules/phy/PhyLayer80211p.cc
veins/modules/world/traci/trafficLight/TraCITrafficLightInterface.cc
veins/visualizer/roads/RoadsCanvasVisualizer.cc
veins/modules/world/annotations/AnnotationManager.cc
veins/modules/world/traci/trafficLight/logics/TraCITrafficLightSimpleLogic.cc
veins/visualizer/roads/RoadsOsgVisualizer.cc
veins/base/connectionManager/BaseConnectionManager.cc:449:71: error: no 'void veins::BaseConnectionManager::sendMessage(omnetpp::cMessage*, double)' member function declared in class 'veins::BaseConnectionManager'
 void BaseConnectionManager::sendMessage(cMessage* msg, double lossRate) {
                                                                       ^
make[1]: *** [Makefile:274: ../out/gcc-release/src/veins/base/connectionManager/BaseConnectionManager.o] Error 1
make[1]: *** Waiting for unfinished jobs....
make[1]: Leaving directory '/d/Venis/workplace/workplace1/veins/src'
make: *** [Makefile:36: all] Error 2
18:29:25 **** Incremental Build of configuration gcc-release for project veins ****
make MODE=release -j16 all 
make[1]: Entering directory '/d/Venis/workplace/workplace1/veins/src'
veins/base/connectionManager/BaseConnectionManager.cc
veins/base/connectionManager/ChannelAccess.cc
veins/base/modules/BaseWorldUtility.cc
veins/base/connectionManager/ConnectionManager.cc
veins/base/phyLayer/BasePhyLayer.cc
veins/modules/application/ieee80211p/DemoBaseApplLayer.cc
veins/modules/application/traci/MyVeinsApp.cc
veins/modules/mac/ieee80211p/Mac1609_4.cc
veins/modules/application/traci/TraCIDemo11p.cc
veins/modules/application/traci/TraCIDemoRSU11p.cc
veins/modules/mobility/traci/TraCIMobility.cc
veins/modules/mobility/traci/TraCIScenarioManager.cc
veins/modules/mobility/traci/TraCIScenarioManagerForker.cc
veins/modules/mobility/traci/TraCIScreenRecorder.cc
veins/modules/mobility/traci/TraCIScenarioManagerLaunchd.cc
veins/modules/mobility/traci/TraCIVehicleInserter.cc
veins/base/connectionManager/BaseConnectionManager.cc:449:71: error: no 'void veins::BaseConnectionManager::sendMessage(omnetpp::cMessage*, double)' member function declared in class 'veins::BaseConnectionManager'
 void BaseConnectionManager::sendMessage(cMessage* msg, double lossRate) {
                                                                       ^
make[1]: *** [Makefile:274: ../out/gcc-release/src/veins/base/connectionManager/BaseConnectionManager.o] Error 1
make[1]: *** Waiting for unfinished jobs....
make[1]: Leaving directory '/d/Venis/workplace/workplace1/veins/src'
make: *** [Makefile:36: all] Error 2
18:34:48 **** Incremental Build of configuration gcc-release for project veins ****
make MODE=release -j16 all 
make[1]: Entering directory '/d/Venis/workplace/workplace1/veins/src'
veins/base/connectionManager/BaseConnectionManager.cc
veins/base/connectionManager/ChannelAccess.cc
veins/base/connectionManager/ConnectionManager.cc
veins/base/phyLayer/BasePhyLayer.cc
veins/base/modules/BaseWorldUtility.cc
veins/modules/application/ieee80211p/DemoBaseApplLayer.cc
veins/modules/application/traci/MyVeinsApp.cc
veins/modules/application/traci/TraCIDemo11p.cc
veins/modules/application/traci/TraCIDemoRSU11p.cc
veins/modules/mobility/traci/TraCIMobility.cc
veins/modules/mac/ieee80211p/Mac1609_4.cc
veins/modules/mobility/traci/TraCIScenarioManager.cc
veins/modules/mobility/traci/TraCIScenarioManagerLaunchd.cc
veins/modules/mobility/traci/TraCIScenarioManagerForker.cc
veins/modules/mobility/traci/TraCIScreenRecorder.cc
veins/modules/mobility/traci/TraCIVehicleInserter.cc
veins/base/connectionManager/BaseConnectionManager.cc:449:71: error: no 'void veins::BaseConnectionManager::sendMessage(omnetpp::cMessage*, double)' member function declared in class 'veins::BaseConnectionManager'
 void BaseConnectionManager::sendMessage(cMessage* msg, double lossRate) {
                                                                       ^
make[1]: *** [Makefile:274: ../out/gcc-release/src/veins/base/connectionManager/BaseConnectionManager.o] Error 1
make[1]: *** Waiting for unfinished jobs....
make[1]: Leaving directory '/d/Venis/workplace/workplace1/veins/src'
make: *** [Makefile:36: all] Error 2
18:39:26 **** Incremental Build of configuration gcc-release for project veins ****
make MODE=release -j16 all 
make[1]: Entering directory '/d/Venis/workplace/workplace1/veins/src'
veins/base/connectionManager/BaseConnectionManager.cc
veins/base/connectionManager/ChannelAccess.cc
veins/base/connectionManager/ConnectionManager.cc
veins/base/modules/BaseWorldUtility.cc
veins/base/phyLayer/BasePhyLayer.cc
veins/modules/application/ieee80211p/DemoBaseApplLayer.cc
veins/modules/application/traci/MyVeinsApp.cc
veins/modules/application/traci/TraCIDemo11p.cc
veins/modules/application/traci/TraCIDemoRSU11p.cc
veins/modules/mac/ieee80211p/Mac1609_4.cc
veins/modules/mobility/traci/TraCIMobility.cc
veins/modules/mobility/traci/TraCIScenarioManager.cc
veins/modules/mobility/traci/TraCIScenarioManagerForker.cc
veins/modules/mobility/traci/TraCIScenarioManagerLaunchd.cc
veins/modules/mobility/traci/TraCIScreenRecorder.cc
veins/modules/mobility/traci/TraCIVehicleInserter.cc
veins/base/connectionManager/BaseConnectionManager.cc:449:71: error: no 'void veins::BaseConnectionManager::sendMessage(omnetpp::cMessage*, double)' member function declared in class 'veins::BaseConnectionManager'
 void BaseConnectionManager::sendMessage(cMessage* msg, double lossRate) {
                                                                       ^
make[1]: *** [Makefile:274: ../out/gcc-release/src/veins/base/connectionManager/BaseConnectionManager.o] Error 1
make[1]: *** Waiting for unfinished jobs....
make[1]: Leaving directory '/d/Venis/workplace/workplace1/veins/src'
make: *** [Makefile:36: all] Error 2
18:40:15 **** Incremental Build of configuration gcc-release for project veins ****
make MODE=release -j16 all 
make[1]: Entering directory '/d/Venis/workplace/workplace1/veins/src'
veins/base/connectionManager/BaseConnectionManager.cc
veins/base/connectionManager/ChannelAccess.cc
veins/base/connectionManager/ConnectionManager.cc
veins/base/modules/BaseWorldUtility.cc
veins/base/phyLayer/BasePhyLayer.cc
veins/modules/application/ieee80211p/DemoBaseApplLayer.cc
veins/modules/application/traci/MyVeinsApp.cc
veins/modules/application/traci/TraCIDemo11p.cc
veins/modules/application/traci/TraCIDemoRSU11p.cc
veins/modules/mobility/traci/TraCIMobility.cc
veins/modules/mac/ieee80211p/Mac1609_4.cc
veins/modules/mobility/traci/TraCIScenarioManager.cc
veins/modules/mobility/traci/TraCIScenarioManagerLaunchd.cc
veins/modules/mobility/traci/TraCIScenarioManagerForker.cc
veins/modules/mobility/traci/TraCIVehicleInserter.cc
veins/modules/mobility/traci/TraCIScreenRecorder.cc
veins/base/connectionManager/BaseConnectionManager.cc:449:71: error: no 'void veins::BaseConnectionManager::sendMessage(omnetpp::cMessage*, double)' member function declared in class 'veins::BaseConnectionManager'
 void BaseConnectionManager::sendMessage(cMessage* msg, double lossRate) {
                                                                       ^
make[1]: *** [Makefile:274: ../out/gcc-release/src/veins/base/connectionManager/BaseConnectionManager.o] Error 1
make[1]: *** Waiting for unfinished jobs....
make[1]: Leaving directory '/d/Venis/workplace/workplace1/veins/src'
make: *** [Makefile:36: all] Error 2
18:41:31 **** Incremental Build of configuration gcc-release for project veins ****
make MODE=release -j16 all 
make[1]: Entering directory '/d/Venis/workplace/workplace1/veins/src'
veins/base/connectionManager/BaseConnectionManager.cc
veins/modules/phy/PhyLayer80211p.cc
veins/modules/world/annotations/AnnotationManager.cc
veins/modules/world/traci/trafficLight/TraCITrafficLightInterface.cc
veins/modules/world/traci/trafficLight/logics/TraCITrafficLightSimpleLogic.cc
veins/visualizer/roads/RoadsCanvasVisualizer.cc
veins/visualizer/roads/RoadsOsgVisualizer.cc
veins/base/connectionManager/BaseConnectionManager.cc:449:71: error: no 'void veins::BaseConnectionManager::sendMessage(omnetpp::cMessage*, double)' member function declared in class 'veins::BaseConnectionManager'
 void BaseConnectionManager::sendMessage(cMessage* msg, double lossRate) {
                                                                       ^
make[1]: *** [Makefile:274: ../out/gcc-release/src/veins/base/connectionManager/BaseConnectionManager.o] Error 1
make[1]: *** Waiting for unfinished jobs....
make[1]: Leaving directory '/d/Venis/workplace/workplace1/veins/src'
make: *** [Makefile:36: all] Error 2
18:42:45 **** Incremental Build of configuration gcc-release for project veins ****
make MODE=release -j16 all 
make[1]: Entering directory '/d/Venis/workplace/workplace1/veins/src'
veins/base/connectionManager/BaseConnectionManager.cc
veins/base/connectionManager/ChannelAccess.cc
veins/base/modules/BaseWorldUtility.cc
veins/base/phyLayer/BasePhyLayer.cc
veins/base/connectionManager/ConnectionManager.cc
veins/modules/application/ieee80211p/DemoBaseApplLayer.cc
veins/modules/application/traci/MyVeinsApp.cc
veins/modules/application/traci/TraCIDemo11p.cc
veins/modules/application/traci/TraCIDemoRSU11p.cc
veins/modules/mac/ieee80211p/Mac1609_4.cc
veins/modules/mobility/traci/TraCIMobility.cc
veins/modules/mobility/traci/TraCIScenarioManager.cc
veins/modules/mobility/traci/TraCIScenarioManagerForker.cc
veins/modules/mobility/traci/TraCIScenarioManagerLaunchd.cc
veins/modules/mobility/traci/TraCIScreenRecorder.cc
veins/modules/mobility/traci/TraCIVehicleInserter.cc
veins/modules/phy/PhyLayer80211p.cc
veins/modules/world/annotations/AnnotationManager.cc
veins/modules/world/traci/trafficLight/TraCITrafficLightInterface.cc
veins/modules/world/traci/trafficLight/logics/TraCITrafficLightSimpleLogic.cc
veins/visualizer/roads/RoadsCanvasVisualizer.cc
veins/visualizer/roads/RoadsOsgVisualizer.cc
Creating shared library: ../out/gcc-release/src/libveins.dll
make[1]: Leaving directory '/d/Venis/workplace/workplace1/veins/src'
18:43:12 **** Incremental Build of configuration gcc-release for project veins ****
make MODE=release -j16 all 
make[1]: Entering directory '/d/Venis/workplace/workplace1/veins/src'
make[1]: Nothing to be done for 'all'.
make[1]: Leaving directory '/d/Venis/workplace/workplace1/veins/src'
18:43:43 **** Incremental Build of configuration gcc-release for project veins ****
make MODE=release -j16 all 
make[1]: Entering directory '/d/Venis/workplace/workplace1/veins/src'
make[1]: Nothing to be done for 'all'.
make[1]: Leaving directory '/d/Venis/workplace/workplace1/veins/src'
18:45:03 **** Incremental Build of configuration gcc-release for project veins ****
make MODE=release -j16 all 
make[1]: Entering directory '/d/Venis/workplace/workplace1/veins/src'
make[1]: Nothing to be done for 'all'.
make[1]: Leaving directory '/d/Venis/workplace/workplace1/veins/src'
18:47:03 **** Incremental Build of configuration gcc-release for project veins ****
make MODE=release -j16 all 
make[1]: Entering directory '/d/Venis/workplace/workplace1/veins/src'
make[1]: Nothing to be done for 'all'.
make[1]: Leaving directory '/d/Venis/workplace/workplace1/veins/src'
18:47:09 **** Incremental Build of configuration gcc-release for project veins ****
make MODE=release -j16 all 
make[1]: Entering directory '/d/Venis/workplace/workplace1/veins/src'
make[1]: Nothing to be done for 'all'.
make[1]: Leaving directory '/d/Venis/workplace/workplace1/veins/src'
18:51:38 **** Incremental Build of configuration gcc-release for project veins ****
make MODE=release -j16 all 
make[1]: Entering directory '/d/Venis/workplace/workplace1/veins/src'
make[1]: Nothing to be done for 'all'.
make[1]: Leaving directory '/d/Venis/workplace/workplace1/veins/src'
18:51:50 **** Incremental Build of configuration gcc-release for project veins ****
make MODE=release -j16 all 
make[1]: Entering directory '/d/Venis/workplace/workplace1/veins/src'
make[1]: Nothing to be done for 'all'.
make[1]: Leaving directory '/d/Venis/workplace/workplace1/veins/src'
19:04:18 **** Incremental Build of configuration gcc-release for project veins ****
make MODE=release -j16 all 
make[1]: Entering directory '/d/Venis/workplace/workplace1/veins/src'
veins/base/connectionManager/ChannelAccess.cc
veins/base/connectionManager/ChannelAccess.cc: In member function 'void veins::ChannelAccess::sendToChannel(omnetpp::cPacket*)':
veins/base/connectionManager/ChannelAccess.cc:86:26: error: 'lossRate' was not declared in this scope
     if (shouldDropPacket(lossRate)) {
                          ^~~~~~~~
veins/base/connectionManager/ChannelAccess.cc:86:26: note: suggested alternative: 'logName'
     if (shouldDropPacket(lossRate)) {
                          ^~~~~~~~
                          logName
veins/base/connectionManager/ChannelAccess.cc:86:9: error: 'shouldDropPacket' was not declared in this scope
     if (shouldDropPacket(lossRate)) {
         ^~~~~~~~~~~~~~~~
make[1]: *** [Makefile:274: ../out/gcc-release/src/veins/base/connectionManager/ChannelAccess.o] Error 1
make[1]: Leaving directory '/d/Venis/workplace/workplace1/veins/src'
make: *** [Makefile:36: all] Error 2
19:04:38 **** Incremental Build of configuration gcc-release for project veins ****
make MODE=release -j16 all 
make[1]: Entering directory '/d/Venis/workplace/workplace1/veins/src'
veins/base/connectionManager/ChannelAccess.cc
veins/base/connectionManager/ChannelAccess.cc: In member function 'void veins::ChannelAccess::sendToChannel(omnetpp::cPacket*)':
veins/base/connectionManager/ChannelAccess.cc:90:26: error: 'lossRate' was not declared in this scope
     if (shouldDropPacket(lossRate)) {
                          ^~~~~~~~
veins/base/connectionManager/ChannelAccess.cc:90:26: note: suggested alternative: 'logName'
     if (shouldDropPacket(lossRate)) {
                          ^~~~~~~~
                          logName
make[1]: *** [Makefile:274: ../out/gcc-release/src/veins/base/connectionManager/ChannelAccess.o] Error 1
make[1]: Leaving directory '/d/Venis/workplace/workplace1/veins/src'
make: *** [Makefile:36: all] Error 2
19:05:15 **** Incremental Build of configuration gcc-release for project veins ****
make MODE=release -j16 all 
make[1]: Entering directory '/d/Venis/workplace/workplace1/veins/src'
veins/base/connectionManager/ChannelAccess.cc
veins/base/connectionManager/ChannelAccess.cc:87:6: error: prototype for 'void veins::ChannelAccess::sendToChannel(omnetpp::cPacket*, double)' does not match any in class 'veins::ChannelAccess'
 void ChannelAccess::sendToChannel(cPacket* msg, double lossRate)
      ^~~~~~~~~~~~~
In file included from veins/base/connectionManager/ChannelAccess.cc:29:0:
./veins/base/connectionManager/ChannelAccess.h:109:10: error: candidate is: void veins::ChannelAccess::sendToChannel(omnetpp::cPacket*)
     void sendToChannel(cPacket* msg);
          ^~~~~~~~~~~~~
make[1]: *** [Makefile:274: ../out/gcc-release/src/veins/base/connectionManager/ChannelAccess.o] Error 1
make[1]: Leaving directory '/d/Venis/workplace/workplace1/veins/src'
make: *** [Makefile:36: all] Error 2
19:05:36 **** Incremental Build of configuration gcc-release for project veins ****
make MODE=release -j16 all 
make[1]: Entering directory '/d/Venis/workplace/workplace1/veins/src'
veins/base/connectionManager/ChannelAccess.cc
veins/base/connectionManager/NicEntryDebug.cc
veins/base/connectionManager/NicEntryDirect.cc
veins/base/phyLayer/BasePhyLayer.cc
veins/base/modules/BaseMacLayer.cc
veins/modules/application/ieee80211p/DemoBaseApplLayer.cc
veins/modules/application/traci/MyVeinsApp.cc
veins/modules/application/traci/TraCIDemo11p.cc
veins/modules/mac/ieee80211p/Mac1609_4.cc
veins/modules/application/traci/TraCIDemoRSU11p.cc
veins/modules/mobility/traci/TraCIScenarioManager.cc
veins/modules/obstacle/VehicleObstacleControl.cc
veins/modules/phy/PhyLayer80211p.cc
veins/base/phyLayer/BasePhyLayer.cc: In member function 'void veins::BasePhyLayer::sendMessageDown(veins::AirFrame*)':
veins/base/phyLayer/BasePhyLayer.cc:633:22: error: no matching function for call to 'veins::BasePhyLayer::sendToChannel(veins::AirFrame*&)'
     sendToChannel(msg);
                      ^
In file included from ./veins/base/phyLayer/BasePhyLayer.h:34:0,
                 from veins/base/phyLayer/BasePhyLayer.cc:25:
./veins/base/connectionManager/ChannelAccess.h:109:10: note: candidate: void veins::ChannelAccess::sendToChannel(omnetpp::cPacket*, double)
     void sendToChannel(cPacket* msg, double lossRate);
          ^~~~~~~~~~~~~
./veins/base/connectionManager/ChannelAccess.h:109:10: note:   candidate expects 2 arguments, 1 provided
make[1]: *** [Makefile:274: ../out/gcc-release/src/veins/base/phyLayer/BasePhyLayer.o] Error 1
make[1]: *** Waiting for unfinished jobs....
make[1]: Leaving directory '/d/Venis/workplace/workplace1/veins/src'
make: *** [Makefile:36: all] Error 2
15:20:41 **** Build of configuration gcc-release for project veins ****
make MODE=release -j16 all 
make[1]: Entering directory '/d/Venis/workplace/workplace1/veins/src'
veins/base/phyLayer/BasePhyLayer.cc
veins/base/phyLayer/BasePhyLayer.cc:630:6: error: prototype for 'void veins::BasePhyLayer::sendMessageDown(veins::AirFrame*, double)' does not match any in class 'veins::BasePhyLayer'
 void BasePhyLayer::sendMessageDown(AirFrame* msg, double lossRate)
      ^~~~~~~~~~~~
In file included from veins/base/phyLayer/BasePhyLayer.cc:25:0:
./veins/base/phyLayer/BasePhyLayer.h:304:10: error: candidate is: void veins::BasePhyLayer::sendMessageDown(veins::AirFrame*)
     void sendMessageDown(AirFrame* pkt);
          ^~~~~~~~~~~~~~~
make[1]: Leaving directory '/d/Venis/workplace/workplace1/veins/src'
make[1]: *** [Makefile:274: ../out/gcc-release/src/veins/base/phyLayer/BasePhyLayer.o] Error 1
make: *** [Makefile:36: all] Error 2
15:21:18 **** Incremental Build of configuration gcc-release for project veins ****
make MODE=release -j16 all 
make[1]: Entering directory '/d/Venis/workplace/workplace1/veins/src'
veins/base/phyLayer/BasePhyLayer.cc
veins/base/phyLayer/BasePhyLayer.cc:630:6: error: prototype for 'void veins::BasePhyLayer::sendMessageDown(veins::AirFrame*, double)' does not match any in class 'veins::BasePhyLayer'
 void BasePhyLayer::sendMessageDown(AirFrame* msg, double lossRate)
      ^~~~~~~~~~~~
In file included from veins/base/phyLayer/BasePhyLayer.cc:25:0:
./veins/base/phyLayer/BasePhyLayer.h:304:10: error: candidate is: void veins::BasePhyLayer::sendMessageDown(veins::AirFrame*)
     void sendMessageDown(AirFrame* pkt);
          ^~~~~~~~~~~~~~~
make[1]: *** [Makefile:274: ../out/gcc-release/src/veins/base/phyLayer/BasePhyLayer.o] Error 1
make[1]: Leaving directory '/d/Venis/workplace/workplace1/veins/src'
make: *** [Makefile:36: all] Error 2
15:21:32 **** Incremental Build of configuration gcc-release for project veins ****
make MODE=release -j16 all 
make[1]: Entering directory '/d/Venis/workplace/workplace1/veins/src'
veins/base/phyLayer/BasePhyLayer.cc
veins/base/phyLayer/BasePhyLayer.cc: In member function 'void veins::BasePhyLayer::sendMessageDown(veins::AirFrame*)':
veins/base/phyLayer/BasePhyLayer.cc:633:22: error: no matching function for call to 'veins::BasePhyLayer::sendToChannel(veins::AirFrame*&)'
     sendToChannel(msg);
                      ^
In file included from ./veins/base/phyLayer/BasePhyLayer.h:34:0,
                 from veins/base/phyLayer/BasePhyLayer.cc:25:
./veins/base/connectionManager/ChannelAccess.h:109:10: note: candidate: void veins::ChannelAccess::sendToChannel(omnetpp::cPacket*, double)
     void sendToChannel(cPacket* msg, double lossRate);
          ^~~~~~~~~~~~~
./veins/base/connectionManager/ChannelAccess.h:109:10: note:   candidate expects 2 arguments, 1 provided
make[1]: *** [Makefile:274: ../out/gcc-release/src/veins/base/phyLayer/BasePhyLayer.o] Error 1
make[1]: Leaving directory '/d/Venis/workplace/workplace1/veins/src'
make: *** [Makefile:36: all] Error 2
15:22:07 **** Incremental Build of configuration gcc-release for project veins ****
make MODE=release -j16 all 
make[1]: Entering directory '/d/Venis/workplace/workplace1/veins/src'
veins/base/connectionManager/ChannelAccess.cc
veins/base/phyLayer/BasePhyLayer.cc
veins/base/connectionManager/ChannelAccess.cc:87:6: error: prototype for 'void veins::ChannelAccess::sendToChannel(omnetpp::cPacket*)' does not match any in class 'veins::ChannelAccess'
 void ChannelAccess::sendToChannel(cPacket* msg)
      ^~~~~~~~~~~~~
In file included from veins/base/connectionManager/ChannelAccess.cc:29:0:
./veins/base/connectionManager/ChannelAccess.h:109:10: error: candidate is: void veins::ChannelAccess::sendToChannel(omnetpp::cPacket*, double)
     void sendToChannel(cPacket* msg, double lossRate);
          ^~~~~~~~~~~~~
veins/base/phyLayer/BasePhyLayer.cc: In member function 'void veins::BasePhyLayer::sendMessageDown(veins::AirFrame*)':
veins/base/phyLayer/BasePhyLayer.cc:633:22: error: no matching function for call to 'veins::BasePhyLayer::sendToChannel(veins::AirFrame*&)'
     sendToChannel(msg);
                      ^
In file included from ./veins/base/phyLayer/BasePhyLayer.h:34:0,
                 from veins/base/phyLayer/BasePhyLayer.cc:25:
./veins/base/connectionManager/ChannelAccess.h:109:10: note: candidate: void veins::ChannelAccess::sendToChannel(omnetpp::cPacket*, double)
     void sendToChannel(cPacket* msg, double lossRate);
          ^~~~~~~~~~~~~
./veins/base/connectionManager/ChannelAccess.h:109:10: note:   candidate expects 2 arguments, 1 provided
make[1]: *** [Makefile:274: ../out/gcc-release/src/veins/base/connectionManager/ChannelAccess.o] Error 1
make[1]: *** Waiting for unfinished jobs....
make[1]: *** [Makefile:274: ../out/gcc-release/src/veins/base/phyLayer/BasePhyLayer.o] Error 1
make[1]: Leaving directory '/d/Venis/workplace/workplace1/veins/src'
make: *** [Makefile:36: all] Error 2
15:22:35 **** Incremental Build of configuration gcc-release for project veins ****
make MODE=release -j16 all 
make[1]: Entering directory '/d/Venis/workplace/workplace1/veins/src'
veins/base/connectionManager/ChannelAccess.cc
veins/base/connectionManager/NicEntryDebug.cc
veins/base/modules/BaseMacLayer.cc
veins/base/phyLayer/BasePhyLayer.cc
veins/base/connectionManager/NicEntryDirect.cc
veins/modules/application/ieee80211p/DemoBaseApplLayer.cc
veins/modules/application/traci/MyVeinsApp.cc
veins/modules/application/traci/TraCIDemoRSU11p.cc
veins/modules/mac/ieee80211p/Mac1609_4.cc
veins/modules/application/traci/TraCIDemo11p.cc
veins/modules/mobility/traci/TraCIScenarioManager.cc
veins/modules/obstacle/VehicleObstacleControl.cc
veins/modules/phy/PhyLayer80211p.cc
veins/base/connectionManager/ChannelAccess.cc: In member function 'void veins::ChannelAccess::sendToChannel(omnetpp::cPacket*)':
veins/base/connectionManager/ChannelAccess.cc:90:26: error: 'lossRate' was not declared in this scope
     if (shouldDropPacket(lossRate)) {
                          ^~~~~~~~
veins/base/connectionManager/ChannelAccess.cc:90:26: note: suggested alternative: 'logName'
     if (shouldDropPacket(lossRate)) {
                          ^~~~~~~~
                          logName
make[1]: *** [Makefile:274: ../out/gcc-release/src/veins/base/connectionManager/ChannelAccess.o] Error 1
make[1]: *** Waiting for unfinished jobs....
make[1]: Leaving directory '/d/Venis/workplace/workplace1/veins/src'
make: *** [Makefile:36: all] Error 2
15:32:23 **** Incremental Build of configuration gcc-release for project veins ****
make MODE=release -j16 all 
make[1]: Entering directory '/d/Venis/workplace/workplace1/veins/src'
veins/base/connectionManager/BaseConnectionManager.cc
veins/base/modules/BaseWorldUtility.cc
veins/base/connectionManager/ChannelAccess.cc
veins/base/phyLayer/BasePhyLayer.cc
veins/base/connectionManager/ConnectionManager.cc
veins/modules/application/ieee80211p/DemoBaseApplLayer.cc
veins/modules/application/traci/TraCIDemo11p.cc
veins/modules/application/traci/MyVeinsApp.cc
veins/modules/application/traci/TraCIDemoRSU11p.cc
veins/modules/mac/ieee80211p/Mac1609_4.cc
veins/modules/mobility/traci/TraCIMobility.cc
veins/modules/mobility/traci/TraCIScenarioManager.cc
veins/modules/mobility/traci/TraCIScenarioManagerForker.cc
veins/modules/mobility/traci/TraCIScreenRecorder.cc
veins/modules/mobility/traci/TraCIScenarioManagerLaunchd.cc
veins/modules/mobility/traci/TraCIVehicleInserter.cc
veins/base/connectionManager/BaseConnectionManager.cc:42:1: error: expected unqualified-id before 'public'
 public:
 ^~~~~~
veins/base/connectionManager/ChannelAccess.cc: In member function 'void veins::ChannelAccess::sendToChannel(omnetpp::cPacket*)':
veins/base/connectionManager/ChannelAccess.cc:90:26: error: 'lossRate' was not declared in this scope
     if (shouldDropPacket(lossRate)) {
                          ^~~~~~~~
veins/base/connectionManager/ChannelAccess.cc:90:26: note: suggested alternative: 'logName'
     if (shouldDropPacket(lossRate)) {
                          ^~~~~~~~
                          logName
make[1]: *** [Makefile:274: ../out/gcc-release/src/veins/base/connectionManager/ChannelAccess.o] Error 1
make[1]: *** Waiting for unfinished jobs....
make[1]: *** [Makefile:274: ../out/gcc-release/src/veins/base/connectionManager/BaseConnectionManager.o] Error 1
make[1]: Leaving directory '/d/Venis/workplace/workplace1/veins/src'
make: *** [Makefile:36: all] Error 2
15:32:45 **** Incremental Build of configuration gcc-release for project veins ****
make MODE=release -j16 all 
make[1]: Entering directory '/d/Venis/workplace/workplace1/veins/src'
veins/base/connectionManager/BaseConnectionManager.cc
veins/base/connectionManager/ChannelAccess.cc
veins/modules/phy/PhyLayer80211p.cc
veins/modules/world/annotations/AnnotationManager.cc
veins/modules/world/traci/trafficLight/TraCITrafficLightInterface.cc
veins/modules/world/traci/trafficLight/logics/TraCITrafficLightSimpleLogic.cc
veins/visualizer/roads/RoadsOsgVisualizer.cc
veins/visualizer/roads/RoadsCanvasVisualizer.cc
veins/base/connectionManager/ChannelAccess.cc: In member function 'void veins::ChannelAccess::sendToChannel(omnetpp::cPacket*)':
veins/base/connectionManager/ChannelAccess.cc:90:26: error: 'lossRate' was not declared in this scope
     if (shouldDropPacket(lossRate)) {
                          ^~~~~~~~
veins/base/connectionManager/ChannelAccess.cc:90:26: note: suggested alternative: 'logName'
     if (shouldDropPacket(lossRate)) {
                          ^~~~~~~~
                          logName
make[1]: *** [Makefile:274: ../out/gcc-release/src/veins/base/connectionManager/ChannelAccess.o] Error 1
make[1]: *** Waiting for unfinished jobs....
make[1]: Leaving directory '/d/Venis/workplace/workplace1/veins/src'
make: *** [Makefile:36: all] Error 2
15:35:03 **** Incremental Build of configuration gcc-release for project veins ****
make MODE=release -j16 all 
make[1]: Entering directory '/d/Venis/workplace/workplace1/veins/src'
veins/base/connectionManager/ChannelAccess.cc
Creating shared library: ../out/gcc-release/src/libveins.dll
.tmplib9916(ChannelAccess.o):ChannelAccess.cc:(.text+0x450): multiple definition of `shouldDropPacket(double)'
.tmplib9916(BaseConnectionManager.o):BaseConnectionManager.cc:(.text+0x2050): first defined here
.tmplib9916(ChannelAccess.o):ChannelAccess.cc:(.rdata$.refptr._ZN5veins21BaseConnectionManager8lossRateE[.refptr._ZN5veins21BaseConnectionManager8lossRateE]+0x0): undefined reference to `veins::BaseConnectionManager::lossRate'
collect2.exe: error: ld returned 1 exit status
make[1]: Leaving directory '/d/Venis/workplace/workplace1/veins/src'
make[1]: *** [Makefile:264: ../out/gcc-release/src/libveins.dll] Error 1
make: *** [Makefile:36: all] Error 2
15:36:17 **** Incremental Build of configuration gcc-release for project veins ****
make MODE=release -j16 all 
make[1]: Entering directory '/d/Venis/workplace/workplace1/veins/src'
veins/base/connectionManager/ChannelAccess.cc
veins/base/connectionManager/ChannelAccess.cc: In member function 'void veins::ChannelAccess::sendToChannel(omnetpp::cPacket*)':
veins/base/connectionManager/ChannelAccess.cc:87:9: error: 'shouldDropPacket' was not declared in this scope
     if (shouldDropPacket(BaseConnectionManager::lossRate)) {
         ^~~~~~~~~~~~~~~~
make[1]: *** [Makefile:274: ../out/gcc-release/src/veins/base/connectionManager/ChannelAccess.o] Error 1
make[1]: Leaving directory '/d/Venis/workplace/workplace1/veins/src'
make: *** [Makefile:36: all] Error 2
15:36:53 **** Incremental Build of configuration gcc-release for project veins ****
make MODE=release -j16 all 
make[1]: Entering directory '/d/Venis/workplace/workplace1/veins/src'
veins/base/connectionManager/ChannelAccess.cc
veins/base/connectionManager/ChannelAccess.cc: In member function 'void veins::ChannelAccess::sendToChannel(omnetpp::cPacket*)':
veins/base/connectionManager/ChannelAccess.cc:87:24: error: 'shouldDropPacket' is not a member of 'veins::ChannelAccess'
     if (ChannelAccess::shouldDropPacket(BaseConnectionManager::lossRate)) {
                        ^~~~~~~~~~~~~~~~
make[1]: *** [Makefile:274: ../out/gcc-release/src/veins/base/connectionManager/ChannelAccess.o] Error 1
make[1]: Leaving directory '/d/Venis/workplace/workplace1/veins/src'
make: *** [Makefile:36: all] Error 2
15:37:16 **** Incremental Build of configuration gcc-release for project veins ****
make MODE=release -j16 all 
make[1]: Entering directory '/d/Venis/workplace/workplace1/veins/src'
veins/base/connectionManager/ChannelAccess.cc
veins/base/connectionManager/ChannelAccess.cc: In member function 'void veins::ChannelAccess::sendToChannel(omnetpp::cPacket*)':
veins/base/connectionManager/ChannelAccess.cc:87:32: error: 'shouldDropPacket' is not a member of 'veins::BaseConnectionManager'
     if (BaseConnectionManager::shouldDropPacket(BaseConnectionManager::lossRate)) {
                                ^~~~~~~~~~~~~~~~
make[1]: Leaving directory '/d/Venis/workplace/workplace1/veins/src'
make[1]: *** [Makefile:274: ../out/gcc-release/src/veins/base/connectionManager/ChannelAccess.o] Error 1
make: *** [Makefile:36: all] Error 2
15:39:01 **** Incremental Build of configuration gcc-release for project veins ****
make MODE=release -j16 all 
make[1]: Entering directory '/d/Venis/workplace/workplace1/veins/src'
veins/base/connectionManager/ConnectionManager.cc
veins/base/connectionManager/BaseConnectionManager.cc
veins/base/connectionManager/ChannelAccess.cc
veins/base/modules/BaseWorldUtility.cc
veins/base/phyLayer/BasePhyLayer.cc
veins/modules/application/ieee80211p/DemoBaseApplLayer.cc
veins/modules/application/traci/MyVeinsApp.cc
veins/modules/application/traci/TraCIDemo11p.cc
veins/modules/mac/ieee80211p/Mac1609_4.cc
veins/modules/application/traci/TraCIDemoRSU11p.cc
veins/modules/mobility/traci/TraCIMobility.cc
veins/modules/mobility/traci/TraCIScenarioManager.cc
veins/modules/mobility/traci/TraCIScenarioManagerForker.cc
veins/modules/mobility/traci/TraCIScenarioManagerLaunchd.cc
veins/modules/mobility/traci/TraCIScreenRecorder.cc
veins/modules/mobility/traci/TraCIVehicleInserter.cc
veins/modules/phy/PhyLayer80211p.cc
veins/modules/world/annotations/AnnotationManager.cc
veins/modules/world/traci/trafficLight/TraCITrafficLightInterface.cc
veins/modules/world/traci/trafficLight/logics/TraCITrafficLightSimpleLogic.cc
veins/visualizer/roads/RoadsCanvasVisualizer.cc
veins/visualizer/roads/RoadsOsgVisualizer.cc
Creating shared library: ../out/gcc-release/src/libveins.dll
.tmplib4188(BaseConnectionManager.o):BaseConnectionManager.cc:(.text+0x20ac): undefined reference to `veins::BaseConnectionManager::shouldDropPacket(double)'
.tmplib4188(ChannelAccess.o):ChannelAccess.cc:(.text+0x8e5): undefined reference to `veins::BaseConnectionManager::shouldDropPacket(double)'
.tmplib4188(ChannelAccess.o):ChannelAccess.cc:(.rdata$.refptr._ZN5veins21BaseConnectionManager8lossRateE[.refptr._ZN5veins21BaseConnectionManager8lossRateE]+0x0): undefined reference to `veins::BaseConnectionManager::lossRate'
collect2.exe: error: ld returned 1 exit status
make[1]: Leaving directory '/d/Venis/workplace/workplace1/veins/src'
make[1]: *** [Makefile:264: ../out/gcc-release/src/libveins.dll] Error 1
make: *** [Makefile:36: all] Error 2
15:40:47 **** Incremental Build of configuration gcc-release for project veins ****
make MODE=release -j16 all 
make[1]: Entering directory '/d/Venis/workplace/workplace1/veins/src'
veins/base/connectionManager/BaseConnectionManager.cc
Creating shared library: ../out/gcc-release/src/libveins.dll
.tmplib13444(ChannelAccess.o):ChannelAccess.cc:(.rdata$.refptr._ZN5veins21BaseConnectionManager8lossRateE[.refptr._ZN5veins21BaseConnectionManager8lossRateE]+0x0): undefined reference to `veins::BaseConnectionManager::lossRate'
collect2.exe: error: ld returned 1 exit status
make[1]: *** [Makefile:264: ../out/gcc-release/src/libveins.dll] Error 1
make[1]: Leaving directory '/d/Venis/workplace/workplace1/veins/src'
make: *** [Makefile:36: all] Error 2
15:42:56 **** Incremental Build of configuration gcc-release for project veins ****
make MODE=release -j16 all 
make[1]: Entering directory '/d/Venis/workplace/workplace1/veins/src'
veins/base/connectionManager/BaseConnectionManager.cc
veins/base/connectionManager/ChannelAccess.cc
veins/base/connectionManager/ConnectionManager.cc
veins/base/phyLayer/BasePhyLayer.cc
veins/base/modules/BaseWorldUtility.cc
veins/modules/application/traci/MyVeinsApp.cc
veins/modules/application/ieee80211p/DemoBaseApplLayer.cc
veins/modules/application/traci/TraCIDemoRSU11p.cc
veins/modules/application/traci/TraCIDemo11p.cc
veins/modules/mac/ieee80211p/Mac1609_4.cc
veins/modules/mobility/traci/TraCIMobility.cc
veins/modules/mobility/traci/TraCIScenarioManager.cc
veins/modules/mobility/traci/TraCIScenarioManagerLaunchd.cc
veins/modules/mobility/traci/TraCIScenarioManagerForker.cc
veins/modules/mobility/traci/TraCIVehicleInserter.cc
veins/modules/mobility/traci/TraCIScreenRecorder.cc
veins/modules/phy/PhyLayer80211p.cc
veins/modules/world/annotations/AnnotationManager.cc
veins/modules/world/traci/trafficLight/TraCITrafficLightInterface.cc
veins/modules/world/traci/trafficLight/logics/TraCITrafficLightSimpleLogic.cc
veins/visualizer/roads/RoadsCanvasVisualizer.cc
veins/visualizer/roads/RoadsOsgVisualizer.cc
Creating shared library: ../out/gcc-release/src/libveins.dll
make[1]: Leaving directory '/d/Venis/workplace/workplace1/veins/src'
15:47:11 **** Incremental Build of configuration gcc-release for project veins ****
make MODE=release -j16 all 
make[1]: Entering directory '/d/Venis/workplace/workplace1/veins/src'
veins/base/connectionManager/BaseConnectionManager.cc
Creating shared library: ../out/gcc-release/src/libveins.dll
make[1]: Leaving directory '/d/Venis/workplace/workplace1/veins/src'
15:47:28 **** Incremental Build of configuration gcc-release for project veins ****
make MODE=release -j16 all 
make[1]: Entering directory '/d/Venis/workplace/workplace1/veins/src'
make[1]: Nothing to be done for 'all'.
make[1]: Leaving directory '/d/Venis/workplace/workplace1/veins/src'
15:52:09 **** Incremental Build of configuration gcc-release for project veins ****
make MODE=release -j16 all 
make[1]: Entering directory '/d/Venis/workplace/workplace1/veins/src'
veins/base/connectionManager/BaseConnectionManager.cc
Creating shared library: ../out/gcc-release/src/libveins.dll
make[1]: Leaving directory '/d/Venis/workplace/workplace1/veins/src'
15:52:27 **** Incremental Build of configuration gcc-release for project veins ****
make MODE=release -j16 all 
make[1]: Entering directory '/d/Venis/workplace/workplace1/veins/src'
veins/base/phyLayer/BasePhyLayer.cc
Creating shared library: ../out/gcc-release/src/libveins.dll
make[1]: Leaving directory '/d/Venis/workplace/workplace1/veins/src'
15:56:05 **** Incremental Build of configuration gcc-release for project veins ****
make MODE=release -j16 all 
make[1]: Entering directory '/d/Venis/workplace/workplace1/veins/src'
veins/base/connectionManager/BaseConnectionManager.cc
Creating shared library: ../out/gcc-release/src/libveins.dll
make[1]: Leaving directory '/d/Venis/workplace/workplace1/veins/src'
15:56:19 **** Incremental Build of configuration gcc-release for project veins ****
make MODE=release -j16 all 
make[1]: Entering directory '/d/Venis/workplace/workplace1/veins/src'
make[1]: Nothing to be done for 'all'.
make[1]: Leaving directory '/d/Venis/workplace/workplace1/veins/src'
15:58:27 **** Incremental Build of configuration gcc-release for project veins ****
make MODE=release -j16 all 
make[1]: Entering directory '/d/Venis/workplace/workplace1/veins/src'
make[1]: Nothing to be done for 'all'.
make[1]: Leaving directory '/d/Venis/workplace/workplace1/veins/src'
15:58:33 **** Incremental Build of configuration gcc-release for project veins ****
make MODE=release -j16 all 
make[1]: Entering directory '/d/Venis/workplace/workplace1/veins/src'
make[1]: Nothing to be done for 'all'.
make[1]: Leaving directory '/d/Venis/workplace/workplace1/veins/src'
15:59:44 **** Incremental Build of configuration gcc-release for project veins ****
make MODE=release -j16 all 
make[1]: Entering directory '/d/Venis/workplace/workplace1/veins/src'
veins/base/connectionManager/BaseConnectionManager.cc
Creating shared library: ../out/gcc-release/src/libveins.dll
make[1]: Leaving directory '/d/Venis/workplace/workplace1/veins/src'
15:59:55 **** Incremental Build of configuration gcc-release for project veins ****
make MODE=release -j16 all 
make[1]: Entering directory '/d/Venis/workplace/workplace1/veins/src'
make[1]: Nothing to be done for 'all'.
make[1]: Leaving directory '/d/Venis/workplace/workplace1/veins/src'
16:04:00 **** Incremental Build of configuration gcc-release for project veins ****
make MODE=release -j16 all 
make[1]: Entering directory '/d/Venis/workplace/workplace1/veins/src'
veins/base/connectionManager/ChannelAccess.cc
Creating shared library: ../out/gcc-release/src/libveins.dll
make[1]: Leaving directory '/d/Venis/workplace/workplace1/veins/src'
16:04:09 **** Incremental Build of configuration gcc-release for project veins ****
make MODE=release -j16 all 
make[1]: Entering directory '/d/Venis/workplace/workplace1/veins/src'
make[1]: Nothing to be done for 'all'.
make[1]: Leaving directory '/d/Venis/workplace/workplace1/veins/src'
16:05:26 **** Incremental Build of configuration gcc-release for project veins ****
make MODE=release -j16 all 
make[1]: Entering directory '/d/Venis/workplace/workplace1/veins/src'
make[1]: Nothing to be done for 'all'.
make[1]: Leaving directory '/d/Venis/workplace/workplace1/veins/src'
16:05:31 **** Incremental Build of configuration gcc-release for project veins ****
make MODE=release -j16 all 
make[1]: Entering directory '/d/Venis/workplace/workplace1/veins/src'
make[1]: Nothing to be done for 'all'.
make[1]: Leaving directory '/d/Venis/workplace/workplace1/veins/src'
16:09:39 **** Incremental Build of configuration gcc-release for project veins ****
make MODE=release -j16 all 
make[1]: Entering directory '/d/Venis/workplace/workplace1/veins/src'
veins/base/connectionManager/ChannelAccess.cc
Creating shared library: ../out/gcc-release/src/libveins.dll
make[1]: Leaving directory '/d/Venis/workplace/workplace1/veins/src'
16:09:54 **** Incremental Build of configuration gcc-release for project veins ****
make MODE=release -j16 all 
make[1]: Entering directory '/d/Venis/workplace/workplace1/veins/src'
make[1]: Nothing to be done for 'all'.
make[1]: Leaving directory '/d/Venis/workplace/workplace1/veins/src'
16:14:25 **** Incremental Build of configuration gcc-release for project veins ****
make MODE=release -j16 all 
make[1]: Entering directory '/d/Venis/workplace/workplace1/veins/src'
veins/base/connectionManager/ChannelAccess.cc
Creating shared library: ../out/gcc-release/src/libveins.dll
make[1]: Leaving directory '/d/Venis/workplace/workplace1/veins/src'
16:14:48 **** Incremental Build of configuration gcc-debug for project veins ****
make MODE=debug -j16 all 
make[1]: Entering directory '/d/Venis/workplace/workplace1/veins/src'
veins/base/connectionManager/BaseConnectionManager.cc
veins/base/connectionManager/ConnectionManager.cc
veins/base/connectionManager/ChannelAccess.cc
veins/base/connectionManager/NicEntryDebug.cc
veins/base/connectionManager/NicEntryDirect.cc
veins/base/modules/BaseWorldUtility.cc
veins/base/modules/BaseMacLayer.cc
veins/base/phyLayer/BasePhyLayer.cc
veins/modules/application/ieee80211p/DemoBaseApplLayer.cc
veins/modules/application/traci/TraCIDemo11p.cc
veins/modules/application/traci/MyVeinsApp.cc
veins/modules/mac/ieee80211p/Mac1609_4.cc
veins/modules/application/traci/TraCIDemoRSU11p.cc
veins/modules/mobility/traci/TraCIScenarioManagerForker.cc
veins/modules/mobility/traci/TraCIMobility.cc
veins/modules/mobility/traci/TraCIScenarioManager.cc
veins/modules/mobility/traci/TraCIScenarioManagerLaunchd.cc
veins/modules/mobility/traci/TraCIScreenRecorder.cc
veins/modules/mobility/traci/TraCIVehicleInserter.cc
veins/modules/obstacle/VehicleObstacleControl.cc
veins/modules/world/annotations/AnnotationManager.cc
veins/modules/phy/PhyLayer80211p.cc
veins/modules/world/traci/trafficLight/TraCITrafficLightInterface.cc
veins/modules/world/traci/trafficLight/logics/TraCITrafficLightSimpleLogic.cc
veins/visualizer/roads/RoadsCanvasVisualizer.cc
veins/visualizer/roads/RoadsOsgVisualizer.cc
Creating shared library: ../out/gcc-debug/src/libveins_dbg.dll
make[1]: Leaving directory '/d/Venis/workplace/workplace1/veins/src'
16:19:01 **** Incremental Build of configuration gcc-debug for project veins ****
make MODE=debug -j16 all 
make[1]: Entering directory '/d/Venis/workplace/workplace1/veins/src'
veins/base/connectionManager/ChannelAccess.cc
Creating shared library: ../out/gcc-debug/src/libveins_dbg.dll
make[1]: Leaving directory '/d/Venis/workplace/workplace1/veins/src'
16:19:40 **** Incremental Build of configuration gcc-release for project veins ****
make MODE=release -j16 all 
make[1]: Entering directory '/d/Venis/workplace/workplace1/veins/src'
veins/base/connectionManager/ChannelAccess.cc
Creating shared library: ../out/gcc-release/src/libveins.dll
make[1]: Leaving directory '/d/Venis/workplace/workplace1/veins/src'
16:21:23 **** Incremental Build of configuration gcc-release for project veins ****
make MODE=release -j16 all 
make[1]: Entering directory '/d/Venis/workplace/workplace1/veins/src'
veins/base/connectionManager/BaseConnectionManager.cc
In file included from D:/Venis/omnetpp-5.4.1-src-windows/omnetpp-5.4.1/include/omnetpp/ccomponent.h:27:0,
                 from D:/Venis/omnetpp-5.4.1-src-windows/omnetpp-5.4.1/include/omnetpp.h:33,
                 from ./veins/veins.h:34,
                 from ./veins/base/connectionManager/BaseConnectionManager.h:27,
                 from veins/base/connectionManager/BaseConnectionManager.cc:25:
veins/base/connectionManager/BaseConnectionManager.cc: In static member function 'static bool veins::BaseConnectionManager::shouldDropPacket(double)':
veins/base/connectionManager/BaseConnectionManager.cc:448:5: error: cannot call member function 'const omnetpp::cComponent* omnetpp::cComponent::getThisPtr() const' without object
     EV << "Packet dropped due to loss rate: " << BaseConnectionManager::lossRate << endl;
     ^
veins/base/connectionManager/BaseConnectionManager.cc:448:5: error: cannot call member function 'const omnetpp::cComponent* omnetpp::cComponent::getThisPtr() const' without object
     EV << "Packet dropped due to loss rate: " << BaseConnectionManager::lossRate << endl;
     ^
make[1]: *** [Makefile:274: ../out/gcc-release/src/veins/base/connectionManager/BaseConnectionManager.o] Error 1
make[1]: Leaving directory '/d/Venis/workplace/workplace1/veins/src'
make: *** [Makefile:36: all] Error 2
16:22:10 **** Incremental Build of configuration gcc-release for project veins ****
make MODE=release -j16 all 
make[1]: Entering directory '/d/Venis/workplace/workplace1/veins/src'
veins/base/connectionManager/BaseConnectionManager.cc
veins/base/connectionManager/ChannelAccess.cc
Creating shared library: ../out/gcc-release/src/libveins.dll
make[1]: Leaving directory '/d/Venis/workplace/workplace1/veins/src'
16:22:17 **** Incremental Build of configuration gcc-release for project veins ****
make MODE=release -j16 all 
make[1]: Entering directory '/d/Venis/workplace/workplace1/veins/src'
make[1]: Nothing to be done for 'all'.
make[1]: Leaving directory '/d/Venis/workplace/workplace1/veins/src'
16:24:38 **** Incremental Build of configuration gcc-release for project veins ****
make MODE=release -j16 all 
make[1]: Entering directory '/d/Venis/workplace/workplace1/veins/src'
veins/base/connectionManager/BaseConnectionManager.cc
veins/base/connectionManager/ChannelAccess.cc
Creating shared library: ../out/gcc-release/src/libveins.dll
make[1]: Leaving directory '/d/Venis/workplace/workplace1/veins/src'
16:24:54 **** Incremental Build of configuration gcc-release for project veins ****
make MODE=release -j16 all 
make[1]: Entering directory '/d/Venis/workplace/workplace1/veins/src'
make[1]: Nothing to be done for 'all'.
make[1]: Leaving directory '/d/Venis/workplace/workplace1/veins/src'
16:27:02 **** Incremental Build of configuration gcc-release for project veins ****
make MODE=release -j16 all 
make[1]: Entering directory '/d/Venis/workplace/workplace1/veins/src'
veins/base/connectionManager/BaseConnectionManager.cc
Creating shared library: ../out/gcc-release/src/libveins.dll
make[1]: Leaving directory '/d/Venis/workplace/workplace1/veins/src'
16:27:06 **** Incremental Build of configuration gcc-release for project veins ****
make MODE=release -j16 all 
make[1]: Entering directory '/d/Venis/workplace/workplace1/veins/src'
make[1]: Nothing to be done for 'all'.
make[1]: Leaving directory '/d/Venis/workplace/workplace1/veins/src'
16:34:16 **** Incremental Build of configuration gcc-release for project veins ****
make MODE=release -j16 all 
make[1]: Entering directory '/d/Venis/workplace/workplace1/veins/src'
veins/base/connectionManager/BaseConnectionManager.cc
veins/base/connectionManager/ChannelAccess.cc
Creating shared library: ../out/gcc-release/src/libveins.dll
make[1]: Leaving directory '/d/Venis/workplace/workplace1/veins/src'
16:34:30 **** Incremental Build of configuration gcc-release for project veins ****
make MODE=release -j16 all 
make[1]: Entering directory '/d/Venis/workplace/workplace1/veins/src'
make[1]: Nothing to be done for 'all'.
make[1]: Leaving directory '/d/Venis/workplace/workplace1/veins/src'
16:34:47 **** Incremental Build of configuration gcc-release for project veins ****
make MODE=release -j16 all 
make[1]: Entering directory '/d/Venis/workplace/workplace1/veins/src'
make[1]: Nothing to be done for 'all'.
make[1]: Leaving directory '/d/Venis/workplace/workplace1/veins/src'
16:34:54 **** Incremental Build of configuration gcc-release for project veins ****
make MODE=release -j16 all 
make[1]: Entering directory '/d/Venis/workplace/workplace1/veins/src'
make[1]: Nothing to be done for 'all'.
make[1]: Leaving directory '/d/Venis/workplace/workplace1/veins/src'
16:36:27 **** Incremental Build of configuration gcc-release for project veins ****
make MODE=release -j16 all 
make[1]: Entering directory '/d/Venis/workplace/workplace1/veins/src'
make[1]: Nothing to be done for 'all'.
make[1]: Leaving directory '/d/Venis/workplace/workplace1/veins/src'
16:36:34 **** Incremental Build of configuration gcc-release for project veins ****
make MODE=release -j16 all 
make[1]: Entering directory '/d/Venis/workplace/workplace1/veins/src'
make[1]: Nothing to be done for 'all'.
make[1]: Leaving directory '/d/Venis/workplace/workplace1/veins/src'
16:38:54 **** Incremental Build of configuration gcc-release for project veins ****
make MODE=release -j16 all 
make[1]: Entering directory '/d/Venis/workplace/workplace1/veins/src'
veins/modules/phy/PhyLayer80211p.cc
Creating shared library: ../out/gcc-release/src/libveins.dll
make[1]: Leaving directory '/d/Venis/workplace/workplace1/veins/src'
16:39:00 **** Incremental Build of configuration gcc-release for project veins ****
make MODE=release -j16 all 
make[1]: Entering directory '/d/Venis/workplace/workplace1/veins/src'
make[1]: Nothing to be done for 'all'.
make[1]: Leaving directory '/d/Venis/workplace/workplace1/veins/src'
16:40:10 **** Incremental Build of configuration gcc-release for project veins ****
make MODE=release -j16 all 
make[1]: Entering directory '/d/Venis/workplace/workplace1/veins/src'
veins/base/connectionManager/ChannelAccess.cc
Creating shared library: ../out/gcc-release/src/libveins.dll
make[1]: Leaving directory '/d/Venis/workplace/workplace1/veins/src'
16:40:27 **** Incremental Build of configuration gcc-release for project veins ****
make MODE=release -j16 all 
make[1]: Entering directory '/d/Venis/workplace/workplace1/veins/src'
make[1]: Nothing to be done for 'all'.
make[1]: Leaving directory '/d/Venis/workplace/workplace1/veins/src'
16:42:41 **** Incremental Build of configuration gcc-release for project veins ****
make MODE=release -j16 all 
make[1]: Entering directory '/d/Venis/workplace/workplace1/veins/src'
veins/base/connectionManager/ChannelAccess.cc
veins/base/connectionManager/ChannelAccess.cc: In member function 'void veins::ChannelAccess::sendToChannel(omnetpp::cPacket*)':
veins/base/connectionManager/ChannelAccess.cc:89:33: error: 'class veins::BaseConnectionManager' has no member named 'getPacketLossRate'; did you mean 'setLossRate'?
     double packetLossRate = cc->getPacketLossRate();
                                 ^~~~~~~~~~~~~~~~~
                                 setLossRate
veins/base/connectionManager/ChannelAccess.cc:92:9: error: 'shouldDropPacket' was not declared in this scope
     if (shouldDropPacket(packetLossRate)) {
         ^~~~~~~~~~~~~~~~
veins/base/connectionManager/ChannelAccess.cc: At global scope:
veins/base/connectionManager/ChannelAccess.cc:122:53: error: no 'bool veins::ChannelAccess::shouldDropPacket(double)' member function declared in class 'veins::ChannelAccess'
 bool ChannelAccess::shouldDropPacket(double lossRate)
                                                     ^
make[1]: *** [Makefile:274: ../out/gcc-release/src/veins/base/connectionManager/ChannelAccess.o] Error 1
make[1]: Leaving directory '/d/Venis/workplace/workplace1/veins/src'
make: *** [Makefile:36: all] Error 2
16:43:52 **** Incremental Build of configuration gcc-release for project veins ****
make MODE=release -j16 all 
make[1]: Entering directory '/d/Venis/workplace/workplace1/veins/src'
veins/base/connectionManager/ChannelAccess.cc
veins/base/connectionManager/ChannelAccess.cc: In member function 'void veins::ChannelAccess::sendToChannel(omnetpp::cPacket*)':
veins/base/connectionManager/ChannelAccess.cc:92:9: error: 'shouldDropPacket1' was not declared in this scope
     if (shouldDropPacket1(packetLossRate)) {
         ^~~~~~~~~~~~~~~~~
make[1]: *** [Makefile:274: ../out/gcc-release/src/veins/base/connectionManager/ChannelAccess.o] Error 1
make[1]: Leaving directory '/d/Venis/workplace/workplace1/veins/src'
make: *** [Makefile:36: all] Error 2
16:44:07 **** Incremental Build of configuration gcc-release for project veins ****
make MODE=release -j16 all 
make[1]: Entering directory '/d/Venis/workplace/workplace1/veins/src'
veins/base/connectionManager/ChannelAccess.cc
Creating shared library: ../out/gcc-release/src/libveins.dll
make[1]: Leaving directory '/d/Venis/workplace/workplace1/veins/src'
16:44:19 **** Incremental Build of configuration gcc-release for project veins ****
make MODE=release -j16 all 
make[1]: Entering directory '/d/Venis/workplace/workplace1/veins/src'
make[1]: Nothing to be done for 'all'.
make[1]: Leaving directory '/d/Venis/workplace/workplace1/veins/src'
16:44:51 **** Incremental Build of configuration gcc-release for project veins ****
make MODE=release -j16 all 
make[1]: Entering directory '/d/Venis/workplace/workplace1/veins/src'
make[1]: Nothing to be done for 'all'.
make[1]: Leaving directory '/d/Venis/workplace/workplace1/veins/src'
16:44:54 **** Incremental Build of configuration gcc-release for project veins ****
make MODE=release -j16 all 
make[1]: Entering directory '/d/Venis/workplace/workplace1/veins/src'
make[1]: Nothing to be done for 'all'.
make[1]: Leaving directory '/d/Venis/workplace/workplace1/veins/src'
17:08:23 **** Incremental Build of configuration gcc-release for project veins ****
make MODE=release -j16 all 
make[1]: Entering directory '/d/Venis/workplace/workplace1/veins/src'
veins/base/connectionManager/ChannelAccess.cc
Creating shared library: ../out/gcc-release/src/libveins.dll
make[1]: Leaving directory '/d/Venis/workplace/workplace1/veins/src'
17:08:37 **** Incremental Build of configuration gcc-debug for project veins ****
make MODE=debug -j16 all 
make[1]: Entering directory '/d/Venis/workplace/workplace1/veins/src'
veins/base/connectionManager/BaseConnectionManager.cc
veins/base/connectionManager/ChannelAccess.cc
veins/modules/phy/PhyLayer80211p.cc
Creating shared library: ../out/gcc-debug/src/libveins_dbg.dll
make[1]: Leaving directory '/d/Venis/workplace/workplace1/veins/src'
17:10:24 **** Incremental Build of configuration gcc-release for project veins ****
make MODE=release -j16 all 
make[1]: Entering directory '/d/Venis/workplace/workplace1/veins/src'
make[1]: Nothing to be done for 'all'.
make[1]: Leaving directory '/d/Venis/workplace/workplace1/veins/src'
17:12:27 **** Incremental Build of configuration gcc-release for project veins ****
make MODE=release -j16 all 
make[1]: Entering directory '/d/Venis/workplace/workplace1/veins/src'
make[1]: Nothing to be done for 'all'.
make[1]: Leaving directory '/d/Venis/workplace/workplace1/veins/src'
17:12:32 **** Incremental Build of configuration gcc-release for project veins ****
make MODE=release -j16 all 
make[1]: Entering directory '/d/Venis/workplace/workplace1/veins/src'
make[1]: Nothing to be done for 'all'.
make[1]: Leaving directory '/d/Venis/workplace/workplace1/veins/src'
17:14:25 **** Incremental Build of configuration gcc-release for project veins ****
make MODE=release -j16 all 
make[1]: Entering directory '/d/Venis/workplace/workplace1/veins/src'
veins/base/connectionManager/ChannelAccess.cc
Creating shared library: ../out/gcc-release/src/libveins.dll
make[1]: Leaving directory '/d/Venis/workplace/workplace1/veins/src'
17:14:30 **** Incremental Build of configuration gcc-release for project veins ****
make MODE=release -j16 all 
make[1]: Entering directory '/d/Venis/workplace/workplace1/veins/src'
make[1]: Nothing to be done for 'all'.
make[1]: Leaving directory '/d/Venis/workplace/workplace1/veins/src'
17:18:16 **** Incremental Build of configuration gcc-release for project veins ****
make MODE=release -j16 all 
make[1]: Entering directory '/d/Venis/workplace/workplace1/veins/src'
veins/base/connectionManager/ChannelAccess.cc
Creating shared library: ../out/gcc-release/src/libveins.dll
make[1]: Leaving directory '/d/Venis/workplace/workplace1/veins/src'
17:18:23 **** Incremental Build of configuration gcc-release for project veins ****
make MODE=release -j16 all 
make[1]: Entering directory '/d/Venis/workplace/workplace1/veins/src'
make[1]: Nothing to be done for 'all'.
make[1]: Leaving directory '/d/Venis/workplace/workplace1/veins/src'
17:20:36 **** Incremental Build of configuration gcc-release for project veins ****
make MODE=release -j16 all 
make[1]: Entering directory '/d/Venis/workplace/workplace1/veins/src'
veins/base/connectionManager/ChannelAccess.cc
Creating shared library: ../out/gcc-release/src/libveins.dll
make[1]: Leaving directory '/d/Venis/workplace/workplace1/veins/src'
17:20:56 **** Incremental Build of configuration gcc-release for project veins ****
make MODE=release -j16 all 
make[1]: Entering directory '/d/Venis/workplace/workplace1/veins/src'
make[1]: Nothing to be done for 'all'.
make[1]: Leaving directory '/d/Venis/workplace/workplace1/veins/src'
17:46:34 **** Incremental Build of configuration gcc-release for project veins ****
make MODE=release -j16 all 
make[1]: Entering directory '/d/Venis/workplace/workplace1/veins/src'
veins/base/connectionManager/ConnectionManager.cc
veins/base/connectionManager/BaseConnectionManager.cc
veins/base/connectionManager/ChannelAccess.cc
veins/base/modules/BaseWorldUtility.cc
veins/base/phyLayer/BasePhyLayer.cc
veins/modules/application/ieee80211p/DemoBaseApplLayer.cc
veins/modules/application/traci/MyVeinsApp.cc
veins/modules/application/traci/TraCIDemo11p.cc
veins/modules/mac/ieee80211p/Mac1609_4.cc
veins/modules/application/traci/TraCIDemoRSU11p.cc
veins/modules/mobility/traci/TraCIMobility.cc
veins/modules/mobility/traci/TraCIScenarioManager.cc
veins/modules/mobility/traci/TraCIScenarioManagerForker.cc
veins/modules/mobility/traci/TraCIScreenRecorder.cc
veins/modules/mobility/traci/TraCIScenarioManagerLaunchd.cc
veins/modules/mobility/traci/TraCIVehicleInserter.cc
veins/modules/phy/PhyLayer80211p.cc
veins/modules/world/annotations/AnnotationManager.cc
veins/modules/world/traci/trafficLight/TraCITrafficLightInterface.cc
veins/modules/world/traci/trafficLight/logics/TraCITrafficLightSimpleLogic.cc
veins/visualizer/roads/RoadsCanvasVisualizer.cc
veins/visualizer/roads/RoadsOsgVisualizer.cc
Creating shared library: ../out/gcc-release/src/libveins.dll
.tmplib4652(ChannelAccess.o):ChannelAccess.cc:(.rdata$.refptr._ZN5veins21BaseConnectionManager14droppedPacketsE[.refptr._ZN5veins21BaseConnectionManager14droppedPacketsE]+0x0): undefined reference to `veins::BaseConnectionManager::droppedPackets'
collect2.exe: error: ld returned 1 exit status
make[1]: *** [Makefile:264: ../out/gcc-release/src/libveins.dll] Error 1
make[1]: Leaving directory '/d/Venis/workplace/workplace1/veins/src'
make: *** [Makefile:36: all] Error 2
17:49:21 **** Incremental Build of configuration gcc-release for project veins ****
make MODE=release -j16 all 
make[1]: Entering directory '/d/Venis/workplace/workplace1/veins/src'
veins/base/connectionManager/BaseConnectionManager.cc
Creating shared library: ../out/gcc-release/src/libveins.dll
make[1]: Leaving directory '/d/Venis/workplace/workplace1/veins/src'
17:49:41 **** Incremental Build of configuration gcc-release for project veins ****
make MODE=release -j16 all 
make[1]: Entering directory '/d/Venis/workplace/workplace1/veins/src'
veins/base/connectionManager/BaseConnectionManager.cc
veins/base/connectionManager/ChannelAccess.cc
veins/base/connectionManager/ConnectionManager.cc
veins/base/phyLayer/BasePhyLayer.cc
veins/base/modules/BaseWorldUtility.cc
veins/modules/application/traci/MyVeinsApp.cc
veins/modules/application/ieee80211p/DemoBaseApplLayer.cc
veins/modules/application/traci/TraCIDemoRSU11p.cc
veins/modules/mac/ieee80211p/Mac1609_4.cc
veins/modules/application/traci/TraCIDemo11p.cc
veins/modules/mobility/traci/TraCIMobility.cc
veins/modules/mobility/traci/TraCIScenarioManager.cc
veins/modules/mobility/traci/TraCIScenarioManagerLaunchd.cc
veins/modules/mobility/traci/TraCIScenarioManagerForker.cc
veins/modules/mobility/traci/TraCIScreenRecorder.cc
veins/modules/mobility/traci/TraCIVehicleInserter.cc
veins/modules/phy/PhyLayer80211p.cc
veins/modules/world/annotations/AnnotationManager.cc
veins/modules/world/traci/trafficLight/TraCITrafficLightInterface.cc
veins/modules/world/traci/trafficLight/logics/TraCITrafficLightSimpleLogic.cc
veins/visualizer/roads/RoadsCanvasVisualizer.cc
veins/visualizer/roads/RoadsOsgVisualizer.cc
Creating shared library: ../out/gcc-release/src/libveins.dll
make[1]: Leaving directory '/d/Venis/workplace/workplace1/veins/src'
17:54:16 **** Incremental Build of configuration gcc-release for project veins ****
make MODE=release -j16 all 
make[1]: Entering directory '/d/Venis/workplace/workplace1/veins/src'
veins/base/connectionManager/ChannelAccess.cc
Creating shared library: ../out/gcc-release/src/libveins.dll
make[1]: Leaving directory '/d/Venis/workplace/workplace1/veins/src'
17:54:31 **** Incremental Build of configuration gcc-release for project veins ****
make MODE=release -j16 all 
make[1]: Entering directory '/d/Venis/workplace/workplace1/veins/src'
make[1]: Nothing to be done for 'all'.
make[1]: Leaving directory '/d/Venis/workplace/workplace1/veins/src'
09:11:33 **** Incremental Build of configuration gcc-release for project veins ****
make MODE=release -j16 all 
make[1]: Entering directory '/d/Venis/workplace/workplace1/veins/src'
make[1]: Nothing to be done for 'all'.
make[1]: Leaving directory '/d/Venis/workplace/workplace1/veins/src'
19:29:32 **** Incremental Build of configuration gcc-release for project veins ****
make MODE=release -j16 all 
make[1]: Entering directory '/d/Venis/workplace/workplace1/veins/src'
make[1]: Nothing to be done for 'all'.
make[1]: Leaving directory '/d/Venis/workplace/workplace1/veins/src'
19:31:38 **** Incremental Build of configuration gcc-release for project veins ****
make MODE=release -j16 all 
make[1]: Entering directory '/d/Venis/workplace/workplace1/veins/src'
make[1]: Nothing to be done for 'all'.
make[1]: Leaving directory '/d/Venis/workplace/workplace1/veins/src'
19:31:45 **** Incremental Build of configuration gcc-release for project veins ****
make MODE=release -j16 all 
make[1]: Entering directory '/d/Venis/workplace/workplace1/veins/src'
make[1]: Nothing to be done for 'all'.
make[1]: Leaving directory '/d/Venis/workplace/workplace1/veins/src'
20:00:15 **** Incremental Build of configuration gcc-release for project veins ****
make MODE=release -j16 all 
make[1]: Entering directory '/d/Venis/workplace/workplace1/veins/src'
make[1]: Nothing to be done for 'all'.
make[1]: Leaving directory '/d/Venis/workplace/workplace1/veins/src'
20:00:29 **** Incremental Build of configuration gcc-release for project veins ****
make MODE=release -j16 all 
make[1]: Entering directory '/d/Venis/workplace/workplace1/veins/src'
make[1]: Nothing to be done for 'all'.
make[1]: Leaving directory '/d/Venis/workplace/workplace1/veins/src'
20:03:40 **** Incremental Build of configuration gcc-release for project veins ****
make MODE=release -j16 all 
make[1]: Entering directory '/d/Venis/workplace/workplace1/veins/src'
make[1]: Nothing to be done for 'all'.
make[1]: Leaving directory '/d/Venis/workplace/workplace1/veins/src'
20:03:47 **** Incremental Build of configuration gcc-release for project veins ****
make MODE=release -j16 all 
make[1]: Entering directory '/d/Venis/workplace/workplace1/veins/src'
make[1]: Nothing to be done for 'all'.
make[1]: Leaving directory '/d/Venis/workplace/workplace1/veins/src'
20:04:31 **** Incremental Build of configuration gcc-release for project veins ****
make MODE=release -j16 all 
make[1]: Entering directory '/d/Venis/workplace/workplace1/veins/src'
make[1]: Nothing to be done for 'all'.
make[1]: Leaving directory '/d/Venis/workplace/workplace1/veins/src'
20:06:32 **** Incremental Build of configuration gcc-release for project veins ****
make MODE=release -j16 all 
make[1]: Entering directory '/d/Venis/workplace/workplace1/veins/src'
make[1]: Nothing to be done for 'all'.
make[1]: Leaving directory '/d/Venis/workplace/workplace1/veins/src'
20:06:36 **** Incremental Build of configuration gcc-release for project veins ****
make MODE=release -j16 all 
make[1]: Entering directory '/d/Venis/workplace/workplace1/veins/src'
make[1]: Nothing to be done for 'all'.
make[1]: Leaving directory '/d/Venis/workplace/workplace1/veins/src'
20:19:42 **** Incremental Build of configuration gcc-release for project veins ****
make MODE=release -j16 all 
make[1]: Entering directory '/d/Venis/workplace/workplace1/veins/src'
make[1]: Nothing to be done for 'all'.
make[1]: Leaving directory '/d/Venis/workplace/workplace1/veins/src'
20:19:45 **** Incremental Build of configuration gcc-release for project veins ****
make MODE=release -j16 all 
make[1]: Entering directory '/d/Venis/workplace/workplace1/veins/src'
make[1]: Nothing to be done for 'all'.
make[1]: Leaving directory '/d/Venis/workplace/workplace1/veins/src'
20:21:36 **** Incremental Build of configuration gcc-release for project veins ****
make MODE=release -j16 all 
make[1]: Entering directory '/d/Venis/workplace/workplace1/veins/src'
make[1]: Nothing to be done for 'all'.
make[1]: Leaving directory '/d/Venis/workplace/workplace1/veins/src'
20:22:30 **** Incremental Build of configuration gcc-release for project veins ****
make MODE=release -j16 all 
make[1]: Entering directory '/d/Venis/workplace/workplace1/veins/src'
make[1]: Nothing to be done for 'all'.
make[1]: Leaving directory '/d/Venis/workplace/workplace1/veins/src'
20:23:25 **** Incremental Build of configuration gcc-release for project veins ****
make MODE=release -j16 all 
make[1]: Entering directory '/d/Venis/workplace/workplace1/veins/src'
make[1]: Nothing to be done for 'all'.
make[1]: Leaving directory '/d/Venis/workplace/workplace1/veins/src'
20:23:27 **** Incremental Build of configuration gcc-release for project veins ****
make MODE=release -j16 all 
make[1]: Entering directory '/d/Venis/workplace/workplace1/veins/src'
make[1]: Nothing to be done for 'all'.
make[1]: Leaving directory '/d/Venis/workplace/workplace1/veins/src'
20:25:17 **** Incremental Build of configuration gcc-release for project veins ****
make MODE=release -j16 all 
make[1]: Entering directory '/d/Venis/workplace/workplace1/veins/src'
make[1]: Nothing to be done for 'all'.
make[1]: Leaving directory '/d/Venis/workplace/workplace1/veins/src'
20:40:38 **** Incremental Build of configuration gcc-release for project veins ****
make MODE=release -j16 all 
make[1]: Entering directory '/d/Venis/workplace/workplace1/veins/src'
make[1]: Nothing to be done for 'all'.
make[1]: Leaving directory '/d/Venis/workplace/workplace1/veins/src'
20:48:46 **** Incremental Build of configuration gcc-release for project veins ****
make MODE=release -j16 all 
make[1]: Entering directory '/d/Venis/workplace/workplace1/veins/src'
make[1]: Nothing to be done for 'all'.
make[1]: Leaving directory '/d/Venis/workplace/workplace1/veins/src'
20:48:52 **** Incremental Build of configuration gcc-release for project veins ****
make MODE=release -j16 all 
make[1]: Entering directory '/d/Venis/workplace/workplace1/veins/src'
make[1]: Nothing to be done for 'all'.
make[1]: Leaving directory '/d/Venis/workplace/workplace1/veins/src'
20:50:03 **** Incremental Build of configuration gcc-release for project veins ****
make MODE=release -j16 all 
make[1]: Entering directory '/d/Venis/workplace/workplace1/veins/src'
make[1]: Nothing to be done for 'all'.
make[1]: Leaving directory '/d/Venis/workplace/workplace1/veins/src'
20:50:07 **** Incremental Build of configuration gcc-release for project veins ****
make MODE=release -j16 all 
make[1]: Entering directory '/d/Venis/workplace/workplace1/veins/src'
make[1]: Nothing to be done for 'all'.
make[1]: Leaving directory '/d/Venis/workplace/workplace1/veins/src'
20:59:40 **** Incremental Build of configuration gcc-release for project veins ****
make MODE=release -j16 all 
make[1]: Entering directory '/d/Venis/workplace/workplace1/veins/src'
make[1]: Nothing to be done for 'all'.
make[1]: Leaving directory '/d/Venis/workplace/workplace1/veins/src'
20:59:48 **** Incremental Build of configuration gcc-release for project veins ****
make MODE=release -j16 all 
make[1]: Entering directory '/d/Venis/workplace/workplace1/veins/src'
make[1]: Nothing to be done for 'all'.
make[1]: Leaving directory '/d/Venis/workplace/workplace1/veins/src'
21:00:07 **** Incremental Build of configuration gcc-release for project veins ****
make MODE=release -j16 all 
make[1]: Entering directory '/d/Venis/workplace/workplace1/veins/src'
make[1]: Nothing to be done for 'all'.
make[1]: Leaving directory '/d/Venis/workplace/workplace1/veins/src'
21:22:12 **** Incremental Build of configuration gcc-release for project veins ****
make MODE=release -j16 all 
make[1]: Entering directory '/d/Venis/workplace/workplace1/veins/src'
veins/modules/application/traci/TraCIDemo11p.cc
Creating shared library: ../out/gcc-release/src/libveins.dll
make[1]: Leaving directory '/d/Venis/workplace/workplace1/veins/src'
21:22:17 **** Incremental Build of configuration gcc-release for project veins ****
make MODE=release -j16 all 
make[1]: Entering directory '/d/Venis/workplace/workplace1/veins/src'
make[1]: Nothing to be done for 'all'.
make[1]: Leaving directory '/d/Venis/workplace/workplace1/veins/src'
21:26:19 **** Incremental Build of configuration gcc-release for project veins ****
make MODE=release -j16 all 
make[1]: Entering directory '/d/Venis/workplace/workplace1/veins/src'
veins/modules/application/traci/MyVeinsApp.cc
Creating shared library: ../out/gcc-release/src/libveins.dll
make[1]: Leaving directory '/d/Venis/workplace/workplace1/veins/src'
21:26:41 **** Incremental Build of configuration gcc-release for project veins ****
make MODE=release -j16 all 
make[1]: Entering directory '/d/Venis/workplace/workplace1/veins/src'
make[1]: Nothing to be done for 'all'.
make[1]: Leaving directory '/d/Venis/workplace/workplace1/veins/src'
21:47:28 **** Incremental Build of configuration gcc-release for project veins ****
make MODE=release -j16 all 
make[1]: Entering directory '/d/Venis/workplace/workplace1/veins/src'
veins/base/connectionManager/ChannelAccess.cc
veins/modules/application/traci/MyVeinsApp.cc
Creating shared library: ../out/gcc-release/src/libveins.dll
make[1]: Leaving directory '/d/Venis/workplace/workplace1/veins/src'
21:47:32 **** Incremental Build of configuration gcc-release for project veins ****
make MODE=release -j16 all 
make[1]: Entering directory '/d/Venis/workplace/workplace1/veins/src'
make[1]: Nothing to be done for 'all'.
make[1]: Leaving directory '/d/Venis/workplace/workplace1/veins/src'
15:41:58 **** Incremental Build of configuration gcc-release for project veins ****
make MODE=release -j16 all 
make[1]: Entering directory '/d/Venis/workplace/workplace1/veins/src'
veins/base/modules/BaseLayer.cc
Creating shared library: ../out/gcc-release/src/libveins.dll
make[1]: Leaving directory '/d/Venis/workplace/workplace1/veins/src'
16:18:32 **** Incremental Build of configuration gcc-release for project veins ****
make MODE=release -j16 all 
make[1]: Entering directory '/d/Venis/workplace/workplace1/veins/src'
make[1]: Nothing to be done for 'all'.
make[1]: Leaving directory '/d/Venis/workplace/workplace1/veins/src'
16:20:29 **** Incremental Build of configuration gcc-release for project veins ****
make MODE=release -j16 all 
make[1]: Entering directory '/d/Venis/workplace/workplace1/veins/src'
make[1]: Nothing to be done for 'all'.
make[1]: Leaving directory '/d/Venis/workplace/workplace1/veins/src'
16:21:27 **** Incremental Build of configuration gcc-release for project veins ****
make MODE=release -j16 all 
make[1]: Entering directory '/d/Venis/workplace/workplace1/veins/src'
make[1]: Nothing to be done for 'all'.
make[1]: Leaving directory '/d/Venis/workplace/workplace1/veins/src'
16:26:15 **** Incremental Build of configuration gcc-release for project veins ****
make MODE=release -j16 all 
make[1]: Entering directory '/d/Venis/workplace/workplace1/veins/src'
veins/base/connectionManager/BaseConnectionManager.cc
veins/base/connectionManager/ConnectionManager.cc
veins/base/connectionManager/ChannelAccess.cc
veins/base/phyLayer/BasePhyLayer.cc
veins/base/modules/BaseWorldUtility.cc
veins/modules/application/traci/MyVeinsApp.cc
veins/modules/application/ieee80211p/DemoBaseApplLayer.cc
veins/modules/application/traci/TraCIDemoRSU11p.cc
veins/modules/application/traci/TraCIDemo11p.cc
veins/modules/mac/ieee80211p/Mac1609_4.cc
veins/modules/mobility/traci/TraCIMobility.cc
veins/modules/mobility/traci/TraCIScenarioManager.cc
veins/modules/mobility/traci/TraCIScenarioManagerForker.cc
veins/modules/mobility/traci/TraCIScreenRecorder.cc
veins/modules/mobility/traci/TraCIScenarioManagerLaunchd.cc
veins/modules/mobility/traci/TraCIVehicleInserter.cc
veins/modules/phy/PhyLayer80211p.cc
veins/modules/world/annotations/AnnotationManager.cc
veins/modules/world/traci/trafficLight/TraCITrafficLightInterface.cc
veins/modules/world/traci/trafficLight/logics/TraCITrafficLightSimpleLogic.cc
veins/visualizer/roads/RoadsCanvasVisualizer.cc
veins/visualizer/roads/RoadsOsgVisualizer.cc
Creating shared library: ../out/gcc-release/src/libveins.dll
make[1]: Leaving directory '/d/Venis/workplace/workplace1/veins/src'
16:29:38 **** Incremental Build of configuration gcc-release for project veins ****
make MODE=release -j16 all 
make[1]: Entering directory '/d/Venis/workplace/workplace1/veins/src'
make[1]: Nothing to be done for 'all'.
make[1]: Leaving directory '/d/Venis/workplace/workplace1/veins/src'
16:30:53 **** Incremental Build of configuration gcc-release for project veins ****
make MODE=release -j16 all 
make[1]: Entering directory '/d/Venis/workplace/workplace1/veins/src'
make[1]: Nothing to be done for 'all'.
make[1]: Leaving directory '/d/Venis/workplace/workplace1/veins/src'
16:34:57 **** Incremental Build of configuration gcc-release for project veins ****
make MODE=release -j16 all 
make[1]: Entering directory '/d/Venis/workplace/workplace1/veins/src'
make[1]: Nothing to be done for 'all'.
make[1]: Leaving directory '/d/Venis/workplace/workplace1/veins/src'
16:52:06 **** Incremental Build of configuration gcc-release for project veins ****
make MODE=release -j16 all 
make[1]: Entering directory '/d/Venis/workplace/workplace1/veins/src'
make[1]: Nothing to be done for 'all'.
make[1]: Leaving directory '/d/Venis/workplace/workplace1/veins/src'
16:53:25 **** Incremental Build of configuration gcc-release for project veins ****
make MODE=release -j16 all 
make[1]: Entering directory '/d/Venis/workplace/workplace1/veins/src'
make[1]: Nothing to be done for 'all'.
make[1]: Leaving directory '/d/Venis/workplace/workplace1/veins/src'
16:54:06 **** Incremental Build of configuration gcc-release for project veins ****
make MODE=release -j16 all 
make[1]: Entering directory '/d/Venis/workplace/workplace1/veins/src'
make[1]: Nothing to be done for 'all'.
make[1]: Leaving directory '/d/Venis/workplace/workplace1/veins/src'
16:54:38 **** Incremental Build of configuration gcc-release for project veins ****
make MODE=release -j16 all 
make[1]: Entering directory '/d/Venis/workplace/workplace1/veins/src'
make[1]: Nothing to be done for 'all'.
make[1]: Leaving directory '/d/Venis/workplace/workplace1/veins/src'
16:55:01 **** Incremental Build of configuration gcc-release for project veins ****
make MODE=release -j16 all 
make[1]: Entering directory '/d/Venis/workplace/workplace1/veins/src'
make[1]: Nothing to be done for 'all'.
make[1]: Leaving directory '/d/Venis/workplace/workplace1/veins/src'
16:56:52 **** Incremental Build of configuration gcc-release for project veins ****
make MODE=release -j16 all 
make[1]: Entering directory '/d/Venis/workplace/workplace1/veins/src'
make[1]: Nothing to be done for 'all'.
make[1]: Leaving directory '/d/Venis/workplace/workplace1/veins/src'
16:57:51 **** Incremental Build of configuration gcc-release for project veins ****
make MODE=release -j16 all 
make[1]: Entering directory '/d/Venis/workplace/workplace1/veins/src'
make[1]: Nothing to be done for 'all'.
make[1]: Leaving directory '/d/Venis/workplace/workplace1/veins/src'
